RUN	computerdatabase.ServiceRequest	servicerequest	1588012504688	1 user per second requests a nonce from the Service	3.3.1
USER	Scenario Name	1	START	1588012506180	1588012506180
REQUEST	1		service nonce request	1588012506215	1588012506405	OK	 
USER	Scenario Name	1	END	1588012506180	1588012506429
USER	Scenario Name	2	START	1588012507189	1588012507189
REQUEST	2		service nonce request	1588012507191	1588012507236	OK	 
USER	Scenario Name	2	END	1588012507189	1588012507237
USER	Scenario Name	3	START	1588012508188	1588012508188
REQUEST	3		service nonce request	1588012508189	1588012508329	OK	 
USER	Scenario Name	3	END	1588012508188	1588012508330
USER	Scenario Name	4	START	1588012509178	1588012509178
REQUEST	4		service nonce request	1588012509179	1588012509202	OK	 
USER	Scenario Name	4	END	1588012509178	1588012509203
USER	Scenario Name	5	START	1588012510179	1588012510179
REQUEST	5		service nonce request	1588012510180	1588012510215	OK	 
USER	Scenario Name	5	END	1588012510179	1588012510217
USER	Scenario Name	6	START	1588012511179	1588012511179
REQUEST	6		service nonce request	1588012511180	1588012511215	OK	 
USER	Scenario Name	6	END	1588012511179	1588012511216
USER	Scenario Name	7	START	1588012512178	1588012512178
REQUEST	7		service nonce request	1588012512179	1588012512200	OK	 
USER	Scenario Name	7	END	1588012512178	1588012512201
USER	Scenario Name	8	START	1588012513179	1588012513179
REQUEST	8		service nonce request	1588012513180	1588012513201	OK	 
USER	Scenario Name	8	END	1588012513179	1588012513202
USER	Scenario Name	9	START	1588012514178	1588012514178
REQUEST	9		service nonce request	1588012514179	1588012514196	OK	 
USER	Scenario Name	9	END	1588012514178	1588012514197
USER	Scenario Name	10	START	1588012515178	1588012515178
REQUEST	10		service nonce request	1588012515179	1588012515212	OK	 
USER	Scenario Name	10	END	1588012515178	1588012515213
USER	Scenario Name	11	START	1588012516179	1588012516179
REQUEST	11		service nonce request	1588012516180	1588012516200	OK	 
USER	Scenario Name	11	END	1588012516179	1588012516201
USER	Scenario Name	12	START	1588012517178	1588012517178
REQUEST	12		service nonce request	1588012517179	1588012517202	OK	 
USER	Scenario Name	12	END	1588012517178	1588012517203
USER	Scenario Name	13	START	1588012518178	1588012518178
REQUEST	13		service nonce request	1588012518179	1588012518197	OK	 
USER	Scenario Name	13	END	1588012518178	1588012518198
USER	Scenario Name	14	START	1588012519179	1588012519179
REQUEST	14		service nonce request	1588012519180	1588012519197	OK	 
USER	Scenario Name	14	END	1588012519179	1588012519198
USER	Scenario Name	15	START	1588012520180	1588012520180
REQUEST	15		service nonce request	1588012520181	1588012520199	OK	 
USER	Scenario Name	15	END	1588012520180	1588012520200
USER	Scenario Name	16	START	1588012521178	1588012521178
REQUEST	16		service nonce request	1588012521179	1588012521198	OK	 
USER	Scenario Name	16	END	1588012521178	1588012521199
USER	Scenario Name	17	START	1588012522179	1588012522179
REQUEST	17		service nonce request	1588012522180	1588012522200	OK	 
USER	Scenario Name	17	END	1588012522179	1588012522201
USER	Scenario Name	18	START	1588012523179	1588012523179
REQUEST	18		service nonce request	1588012523180	1588012523200	OK	 
USER	Scenario Name	18	END	1588012523179	1588012523201
USER	Scenario Name	19	START	1588012524179	1588012524179
REQUEST	19		service nonce request	1588012524180	1588012524197	OK	 
USER	Scenario Name	19	END	1588012524179	1588012524198
USER	Scenario Name	20	START	1588012525178	1588012525178
REQUEST	20		service nonce request	1588012525178	1588012525195	OK	 
USER	Scenario Name	20	END	1588012525178	1588012525196
USER	Scenario Name	21	START	1588012526178	1588012526178
REQUEST	21		service nonce request	1588012526179	1588012526193	OK	 
USER	Scenario Name	21	END	1588012526178	1588012526193
USER	Scenario Name	22	START	1588012527179	1588012527179
REQUEST	22		service nonce request	1588012527180	1588012527197	OK	 
USER	Scenario Name	22	END	1588012527179	1588012527198
USER	Scenario Name	23	START	1588012528178	1588012528178
REQUEST	23		service nonce request	1588012528179	1588012528197	OK	 
USER	Scenario Name	23	END	1588012528178	1588012528198
USER	Scenario Name	24	START	1588012529179	1588012529179
REQUEST	24		service nonce request	1588012529180	1588012529195	OK	 
USER	Scenario Name	24	END	1588012529179	1588012529195
USER	Scenario Name	25	START	1588012530178	1588012530178
REQUEST	25		service nonce request	1588012530179	1588012530194	OK	 
USER	Scenario Name	25	END	1588012530178	1588012530195
USER	Scenario Name	26	START	1588012531178	1588012531178
REQUEST	26		service nonce request	1588012531179	1588012531193	OK	 
USER	Scenario Name	26	END	1588012531178	1588012531194
USER	Scenario Name	27	START	1588012532178	1588012532178
REQUEST	27		service nonce request	1588012532179	1588012532199	OK	 
USER	Scenario Name	27	END	1588012532178	1588012532200
USER	Scenario Name	28	START	1588012533180	1588012533180
REQUEST	28		service nonce request	1588012533181	1588012533200	OK	 
USER	Scenario Name	28	END	1588012533180	1588012533200
USER	Scenario Name	29	START	1588012534178	1588012534178
REQUEST	29		service nonce request	1588012534179	1588012534194	OK	 
USER	Scenario Name	29	END	1588012534178	1588012534195
USER	Scenario Name	30	START	1588012535179	1588012535179
REQUEST	30		service nonce request	1588012535180	1588012535192	OK	 
USER	Scenario Name	30	END	1588012535179	1588012535193
USER	Scenario Name	31	START	1588012536179	1588012536179
REQUEST	31		service nonce request	1588012536180	1588012536198	OK	 
USER	Scenario Name	31	END	1588012536179	1588012536199
USER	Scenario Name	32	START	1588012537177	1588012537177
REQUEST	32		service nonce request	1588012537178	1588012537195	OK	 
USER	Scenario Name	32	END	1588012537177	1588012537196
USER	Scenario Name	33	START	1588012538178	1588012538178
REQUEST	33		service nonce request	1588012538179	1588012538192	OK	 
USER	Scenario Name	33	END	1588012538178	1588012538193
USER	Scenario Name	34	START	1588012539179	1588012539179
REQUEST	34		service nonce request	1588012539180	1588012539202	OK	 
USER	Scenario Name	34	END	1588012539179	1588012539203
USER	Scenario Name	35	START	1588012540177	1588012540177
REQUEST	35		service nonce request	1588012540180	1588012540197	OK	 
USER	Scenario Name	35	END	1588012540177	1588012540198
USER	Scenario Name	36	START	1588012541178	1588012541178
REQUEST	36		service nonce request	1588012541179	1588012541199	OK	 
USER	Scenario Name	36	END	1588012541178	1588012541200
USER	Scenario Name	37	START	1588012542179	1588012542179
REQUEST	37		service nonce request	1588012542180	1588012542203	OK	 
USER	Scenario Name	37	END	1588012542179	1588012542205
USER	Scenario Name	38	START	1588012543178	1588012543178
REQUEST	38		service nonce request	1588012543179	1588012543196	OK	 
USER	Scenario Name	38	END	1588012543178	1588012543197
USER	Scenario Name	39	START	1588012544177	1588012544177
REQUEST	39		service nonce request	1588012544178	1588012544193	OK	 
USER	Scenario Name	39	END	1588012544177	1588012544194
USER	Scenario Name	40	START	1588012545180	1588012545180
REQUEST	40		service nonce request	1588012545181	1588012545198	OK	 
USER	Scenario Name	40	END	1588012545180	1588012545199
USER	Scenario Name	41	START	1588012546178	1588012546178
REQUEST	41		service nonce request	1588012546179	1588012546208	OK	 
USER	Scenario Name	41	END	1588012546178	1588012546209
USER	Scenario Name	42	START	1588012547180	1588012547180
REQUEST	42		service nonce request	1588012547181	1588012547198	OK	 
USER	Scenario Name	42	END	1588012547180	1588012547198
USER	Scenario Name	43	START	1588012548180	1588012548180
REQUEST	43		service nonce request	1588012548181	1588012548201	OK	 
USER	Scenario Name	43	END	1588012548180	1588012548202
USER	Scenario Name	44	START	1588012549179	1588012549179
REQUEST	44		service nonce request	1588012549180	1588012549199	OK	 
USER	Scenario Name	44	END	1588012549179	1588012549199
USER	Scenario Name	45	START	1588012550178	1588012550178
REQUEST	45		service nonce request	1588012550179	1588012550196	OK	 
USER	Scenario Name	45	END	1588012550178	1588012550197
USER	Scenario Name	46	START	1588012551179	1588012551179
REQUEST	46		service nonce request	1588012551180	1588012551194	OK	 
USER	Scenario Name	46	END	1588012551179	1588012551195
USER	Scenario Name	47	START	1588012552177	1588012552177
REQUEST	47		service nonce request	1588012552178	1588012552193	OK	 
USER	Scenario Name	47	END	1588012552177	1588012552194
USER	Scenario Name	48	START	1588012553179	1588012553179
REQUEST	48		service nonce request	1588012553180	1588012553195	OK	 
USER	Scenario Name	48	END	1588012553179	1588012553196
USER	Scenario Name	49	START	1588012554180	1588012554180
REQUEST	49		service nonce request	1588012554181	1588012554204	OK	 
USER	Scenario Name	49	END	1588012554180	1588012554205
USER	Scenario Name	50	START	1588012555177	1588012555177
REQUEST	50		service nonce request	1588012555178	1588012555190	OK	 
USER	Scenario Name	50	END	1588012555177	1588012555191
USER	Scenario Name	51	START	1588012556177	1588012556177
REQUEST	51		service nonce request	1588012556178	1588012556210	OK	 
USER	Scenario Name	51	END	1588012556177	1588012556211
USER	Scenario Name	52	START	1588012557178	1588012557178
REQUEST	52		service nonce request	1588012557179	1588012557192	OK	 
USER	Scenario Name	52	END	1588012557178	1588012557193
USER	Scenario Name	53	START	1588012558180	1588012558180
REQUEST	53		service nonce request	1588012558181	1588012558200	OK	 
USER	Scenario Name	53	END	1588012558180	1588012558201
USER	Scenario Name	54	START	1588012559178	1588012559178
REQUEST	54		service nonce request	1588012559178	1588012559195	OK	 
USER	Scenario Name	54	END	1588012559178	1588012559196
USER	Scenario Name	55	START	1588012560178	1588012560178
REQUEST	55		service nonce request	1588012560179	1588012560192	OK	 
USER	Scenario Name	55	END	1588012560178	1588012560193
USER	Scenario Name	56	START	1588012561179	1588012561179
REQUEST	56		service nonce request	1588012561179	1588012561204	OK	 
USER	Scenario Name	56	END	1588012561179	1588012561205
USER	Scenario Name	57	START	1588012562179	1588012562179
REQUEST	57		service nonce request	1588012562179	1588012562200	OK	 
USER	Scenario Name	57	END	1588012562179	1588012562200
USER	Scenario Name	58	START	1588012563179	1588012563179
REQUEST	58		service nonce request	1588012563179	1588012563195	OK	 
USER	Scenario Name	58	END	1588012563179	1588012563196
USER	Scenario Name	59	START	1588012564178	1588012564178
REQUEST	59		service nonce request	1588012564178	1588012564192	OK	 
USER	Scenario Name	59	END	1588012564178	1588012564193
USER	Scenario Name	60	START	1588012565178	1588012565178
REQUEST	60		service nonce request	1588012565178	1588012565195	OK	 
USER	Scenario Name	60	END	1588012565178	1588012565196
USER	Scenario Name	61	START	1588012566180	1588012566180
REQUEST	61		service nonce request	1588012566180	1588012566198	OK	 
USER	Scenario Name	61	END	1588012566180	1588012566199
USER	Scenario Name	62	START	1588012567178	1588012567178
REQUEST	62		service nonce request	1588012567179	1588012567194	OK	 
USER	Scenario Name	62	END	1588012567178	1588012567194
USER	Scenario Name	63	START	1588012568178	1588012568178
REQUEST	63		service nonce request	1588012568179	1588012568200	OK	 
USER	Scenario Name	63	END	1588012568178	1588012568200
USER	Scenario Name	64	START	1588012569178	1588012569178
REQUEST	64		service nonce request	1588012569179	1588012569198	OK	 
USER	Scenario Name	64	END	1588012569178	1588012569199
USER	Scenario Name	65	START	1588012570180	1588012570180
REQUEST	65		service nonce request	1588012570183	1588012570204	OK	 
USER	Scenario Name	65	END	1588012570180	1588012570205
USER	Scenario Name	66	START	1588012571181	1588012571181
REQUEST	66		service nonce request	1588012571182	1588012571202	OK	 
USER	Scenario Name	66	END	1588012571181	1588012571203
USER	Scenario Name	67	START	1588012572178	1588012572178
REQUEST	67		service nonce request	1588012572178	1588012572211	OK	 
USER	Scenario Name	67	END	1588012572178	1588012572212
USER	Scenario Name	68	START	1588012573179	1588012573179
REQUEST	68		service nonce request	1588012573180	1588012573210	OK	 
USER	Scenario Name	68	END	1588012573179	1588012573210
USER	Scenario Name	69	START	1588012574180	1588012574180
REQUEST	69		service nonce request	1588012574181	1588012574224	OK	 
USER	Scenario Name	69	END	1588012574180	1588012574224
USER	Scenario Name	70	START	1588012575179	1588012575179
REQUEST	70		service nonce request	1588012575180	1588012575209	OK	 
USER	Scenario Name	70	END	1588012575179	1588012575210
USER	Scenario Name	71	START	1588012576179	1588012576179
REQUEST	71		service nonce request	1588012576179	1588012576260	OK	 
USER	Scenario Name	71	END	1588012576179	1588012576261
USER	Scenario Name	72	START	1588012577178	1588012577178
REQUEST	72		service nonce request	1588012577179	1588012577197	OK	 
USER	Scenario Name	72	END	1588012577178	1588012577198
USER	Scenario Name	73	START	1588012578179	1588012578179
REQUEST	73		service nonce request	1588012578180	1588012578198	OK	 
USER	Scenario Name	73	END	1588012578179	1588012578199
USER	Scenario Name	74	START	1588012579178	1588012579178
REQUEST	74		service nonce request	1588012579179	1588012579195	OK	 
USER	Scenario Name	74	END	1588012579178	1588012579196
USER	Scenario Name	75	START	1588012580177	1588012580177
REQUEST	75		service nonce request	1588012580178	1588012580192	OK	 
USER	Scenario Name	75	END	1588012580177	1588012580193
USER	Scenario Name	76	START	1588012581179	1588012581179
REQUEST	76		service nonce request	1588012581179	1588012581195	OK	 
USER	Scenario Name	76	END	1588012581179	1588012581195
USER	Scenario Name	77	START	1588012582178	1588012582178
REQUEST	77		service nonce request	1588012582179	1588012582196	OK	 
USER	Scenario Name	77	END	1588012582178	1588012582197
USER	Scenario Name	78	START	1588012583179	1588012583179
REQUEST	78		service nonce request	1588012583179	1588012583195	OK	 
USER	Scenario Name	78	END	1588012583179	1588012583196
USER	Scenario Name	79	START	1588012584178	1588012584178
REQUEST	79		service nonce request	1588012584178	1588012584196	OK	 
USER	Scenario Name	79	END	1588012584178	1588012584196
USER	Scenario Name	80	START	1588012585179	1588012585179
REQUEST	80		service nonce request	1588012585179	1588012585196	OK	 
USER	Scenario Name	80	END	1588012585179	1588012585196
USER	Scenario Name	81	START	1588012586178	1588012586178
REQUEST	81		service nonce request	1588012586179	1588012586205	OK	 
USER	Scenario Name	81	END	1588012586178	1588012586205
USER	Scenario Name	82	START	1588012587178	1588012587178
REQUEST	82		service nonce request	1588012587178	1588012587193	OK	 
USER	Scenario Name	82	END	1588012587178	1588012587194
USER	Scenario Name	83	START	1588012588178	1588012588178
REQUEST	83		service nonce request	1588012588179	1588012588194	OK	 
USER	Scenario Name	83	END	1588012588178	1588012588194
USER	Scenario Name	84	START	1588012589179	1588012589179
REQUEST	84		service nonce request	1588012589179	1588012589194	OK	 
USER	Scenario Name	84	END	1588012589179	1588012589194
USER	Scenario Name	85	START	1588012590178	1588012590178
REQUEST	85		service nonce request	1588012590179	1588012590196	OK	 
USER	Scenario Name	85	END	1588012590178	1588012590196
USER	Scenario Name	86	START	1588012591177	1588012591177
REQUEST	86		service nonce request	1588012591178	1588012591192	OK	 
USER	Scenario Name	86	END	1588012591177	1588012591193
USER	Scenario Name	87	START	1588012592178	1588012592178
REQUEST	87		service nonce request	1588012592179	1588012592194	OK	 
USER	Scenario Name	87	END	1588012592178	1588012592195
USER	Scenario Name	88	START	1588012593179	1588012593179
REQUEST	88		service nonce request	1588012593180	1588012593195	OK	 
USER	Scenario Name	88	END	1588012593179	1588012593195
USER	Scenario Name	89	START	1588012594177	1588012594177
REQUEST	89		service nonce request	1588012594178	1588012594192	OK	 
USER	Scenario Name	89	END	1588012594177	1588012594192
USER	Scenario Name	90	START	1588012595179	1588012595179
REQUEST	90		service nonce request	1588012595179	1588012595196	OK	 
USER	Scenario Name	90	END	1588012595179	1588012595197
USER	Scenario Name	91	START	1588012596180	1588012596180
REQUEST	91		service nonce request	1588012596180	1588012596193	OK	 
USER	Scenario Name	91	END	1588012596180	1588012596194
USER	Scenario Name	92	START	1588012597179	1588012597179
REQUEST	92		service nonce request	1588012597180	1588012597193	OK	 
USER	Scenario Name	92	END	1588012597179	1588012597194
USER	Scenario Name	93	START	1588012598179	1588012598179
REQUEST	93		service nonce request	1588012598179	1588012598192	OK	 
USER	Scenario Name	93	END	1588012598179	1588012598193
USER	Scenario Name	94	START	1588012599178	1588012599178
REQUEST	94		service nonce request	1588012599179	1588012599193	OK	 
USER	Scenario Name	94	END	1588012599178	1588012599193
USER	Scenario Name	95	START	1588012600177	1588012600177
REQUEST	95		service nonce request	1588012600178	1588012600193	OK	 
USER	Scenario Name	95	END	1588012600177	1588012600193
USER	Scenario Name	96	START	1588012601178	1588012601178
REQUEST	96		service nonce request	1588012601179	1588012601193	OK	 
USER	Scenario Name	96	END	1588012601178	1588012601193
USER	Scenario Name	97	START	1588012602178	1588012602178
REQUEST	97		service nonce request	1588012602178	1588012602193	OK	 
USER	Scenario Name	97	END	1588012602178	1588012602194
USER	Scenario Name	98	START	1588012603178	1588012603178
REQUEST	98		service nonce request	1588012603179	1588012603193	OK	 
USER	Scenario Name	98	END	1588012603178	1588012603194
USER	Scenario Name	99	START	1588012604179	1588012604179
REQUEST	99		service nonce request	1588012604179	1588012604197	OK	 
USER	Scenario Name	99	END	1588012604179	1588012604197
USER	Scenario Name	100	START	1588012605178	1588012605178
REQUEST	100		service nonce request	1588012605179	1588012605199	OK	 
USER	Scenario Name	100	END	1588012605178	1588012605200
USER	Scenario Name	101	START	1588012606179	1588012606179
REQUEST	101		service nonce request	1588012606179	1588012606194	OK	 
USER	Scenario Name	101	END	1588012606179	1588012606194
USER	Scenario Name	102	START	1588012607179	1588012607179
REQUEST	102		service nonce request	1588012607179	1588012607195	OK	 
USER	Scenario Name	102	END	1588012607179	1588012607195
USER	Scenario Name	103	START	1588012608179	1588012608179
REQUEST	103		service nonce request	1588012608179	1588012608191	OK	 
USER	Scenario Name	103	END	1588012608179	1588012608191
USER	Scenario Name	104	START	1588012609179	1588012609179
REQUEST	104		service nonce request	1588012609179	1588012609192	OK	 
USER	Scenario Name	104	END	1588012609179	1588012609193
USER	Scenario Name	105	START	1588012610178	1588012610178
REQUEST	105		service nonce request	1588012610178	1588012610197	OK	 
USER	Scenario Name	105	END	1588012610178	1588012610197
USER	Scenario Name	106	START	1588012611178	1588012611178
REQUEST	106		service nonce request	1588012611179	1588012611193	OK	 
USER	Scenario Name	106	END	1588012611178	1588012611194
USER	Scenario Name	107	START	1588012612179	1588012612179
REQUEST	107		service nonce request	1588012612179	1588012612192	OK	 
USER	Scenario Name	107	END	1588012612179	1588012612193
USER	Scenario Name	108	START	1588012613179	1588012613179
REQUEST	108		service nonce request	1588012613179	1588012613193	OK	 
USER	Scenario Name	108	END	1588012613179	1588012613194
USER	Scenario Name	109	START	1588012614178	1588012614178
REQUEST	109		service nonce request	1588012614179	1588012614192	OK	 
USER	Scenario Name	109	END	1588012614178	1588012614193
USER	Scenario Name	110	START	1588012615179	1588012615179
REQUEST	110		service nonce request	1588012615179	1588012615194	OK	 
USER	Scenario Name	110	END	1588012615179	1588012615195
USER	Scenario Name	111	START	1588012616179	1588012616179
REQUEST	111		service nonce request	1588012616179	1588012616194	OK	 
USER	Scenario Name	111	END	1588012616179	1588012616195
USER	Scenario Name	112	START	1588012617179	1588012617179
REQUEST	112		service nonce request	1588012617180	1588012617192	OK	 
USER	Scenario Name	112	END	1588012617179	1588012617192
USER	Scenario Name	113	START	1588012618178	1588012618178
REQUEST	113		service nonce request	1588012618178	1588012618194	OK	 
USER	Scenario Name	113	END	1588012618178	1588012618195
USER	Scenario Name	114	START	1588012619179	1588012619179
REQUEST	114		service nonce request	1588012619180	1588012619198	OK	 
USER	Scenario Name	114	END	1588012619179	1588012619198
USER	Scenario Name	115	START	1588012620180	1588012620180
REQUEST	115		service nonce request	1588012620180	1588012620195	OK	 
USER	Scenario Name	115	END	1588012620180	1588012620195
USER	Scenario Name	116	START	1588012621177	1588012621177
REQUEST	116		service nonce request	1588012621178	1588012621190	OK	 
USER	Scenario Name	116	END	1588012621177	1588012621191
USER	Scenario Name	117	START	1588012622177	1588012622177
REQUEST	117		service nonce request	1588012622178	1588012622194	OK	 
USER	Scenario Name	117	END	1588012622177	1588012622195
USER	Scenario Name	118	START	1588012623178	1588012623178
REQUEST	118		service nonce request	1588012623179	1588012623192	OK	 
USER	Scenario Name	118	END	1588012623178	1588012623193
USER	Scenario Name	119	START	1588012624180	1588012624180
REQUEST	119		service nonce request	1588012624181	1588012624195	OK	 
USER	Scenario Name	119	END	1588012624180	1588012624195
USER	Scenario Name	120	START	1588012625178	1588012625178
REQUEST	120		service nonce request	1588012625179	1588012625193	OK	 
USER	Scenario Name	120	END	1588012625178	1588012625194
USER	Scenario Name	121	START	1588012626178	1588012626178
REQUEST	121		service nonce request	1588012626178	1588012626192	OK	 
USER	Scenario Name	121	END	1588012626178	1588012626193
USER	Scenario Name	122	START	1588012627178	1588012627178
REQUEST	122		service nonce request	1588012627178	1588012627192	OK	 
USER	Scenario Name	122	END	1588012627178	1588012627193
USER	Scenario Name	123	START	1588012628178	1588012628178
REQUEST	123		service nonce request	1588012628179	1588012628194	OK	 
USER	Scenario Name	123	END	1588012628178	1588012628195
USER	Scenario Name	124	START	1588012629178	1588012629178
REQUEST	124		service nonce request	1588012629179	1588012629192	OK	 
USER	Scenario Name	124	END	1588012629178	1588012629192
USER	Scenario Name	125	START	1588012630179	1588012630179
REQUEST	125		service nonce request	1588012630179	1588012630197	OK	 
USER	Scenario Name	125	END	1588012630179	1588012630197
USER	Scenario Name	126	START	1588012631178	1588012631178
REQUEST	126		service nonce request	1588012631180	1588012631196	OK	 
USER	Scenario Name	126	END	1588012631178	1588012631197
USER	Scenario Name	127	START	1588012632178	1588012632178
REQUEST	127		service nonce request	1588012632178	1588012632197	OK	 
USER	Scenario Name	127	END	1588012632178	1588012632198
USER	Scenario Name	128	START	1588012633177	1588012633177
REQUEST	128		service nonce request	1588012633178	1588012633192	OK	 
USER	Scenario Name	128	END	1588012633177	1588012633193
USER	Scenario Name	129	START	1588012634179	1588012634179
REQUEST	129		service nonce request	1588012634180	1588012634196	OK	 
USER	Scenario Name	129	END	1588012634179	1588012634196
USER	Scenario Name	130	START	1588012635179	1588012635179
REQUEST	130		service nonce request	1588012635179	1588012635192	OK	 
USER	Scenario Name	130	END	1588012635179	1588012635193
USER	Scenario Name	131	START	1588012636179	1588012636179
REQUEST	131		service nonce request	1588012636179	1588012636193	OK	 
USER	Scenario Name	131	END	1588012636179	1588012636193
USER	Scenario Name	132	START	1588012637178	1588012637178
REQUEST	132		service nonce request	1588012637178	1588012637199	OK	 
USER	Scenario Name	132	END	1588012637178	1588012637200
USER	Scenario Name	133	START	1588012638179	1588012638179
REQUEST	133		service nonce request	1588012638179	1588012638194	OK	 
USER	Scenario Name	133	END	1588012638179	1588012638194
USER	Scenario Name	134	START	1588012639179	1588012639179
REQUEST	134		service nonce request	1588012639179	1588012639194	OK	 
USER	Scenario Name	134	END	1588012639179	1588012639195
USER	Scenario Name	135	START	1588012640178	1588012640178
REQUEST	135		service nonce request	1588012640178	1588012640191	OK	 
USER	Scenario Name	135	END	1588012640178	1588012640192
USER	Scenario Name	136	START	1588012641178	1588012641178
REQUEST	136		service nonce request	1588012641178	1588012641192	OK	 
USER	Scenario Name	136	END	1588012641178	1588012641192
USER	Scenario Name	137	START	1588012642178	1588012642178
REQUEST	137		service nonce request	1588012642179	1588012642194	OK	 
USER	Scenario Name	137	END	1588012642178	1588012642195
USER	Scenario Name	138	START	1588012643179	1588012643179
REQUEST	138		service nonce request	1588012643180	1588012643195	OK	 
USER	Scenario Name	138	END	1588012643179	1588012643195
USER	Scenario Name	139	START	1588012644180	1588012644180
REQUEST	139		service nonce request	1588012644181	1588012644193	OK	 
USER	Scenario Name	139	END	1588012644180	1588012644194
USER	Scenario Name	140	START	1588012645178	1588012645178
REQUEST	140		service nonce request	1588012645179	1588012645191	OK	 
USER	Scenario Name	140	END	1588012645178	1588012645192
USER	Scenario Name	141	START	1588012646178	1588012646178
REQUEST	141		service nonce request	1588012646179	1588012646193	OK	 
USER	Scenario Name	141	END	1588012646178	1588012646194
USER	Scenario Name	142	START	1588012647179	1588012647179
REQUEST	142		service nonce request	1588012647180	1588012647198	OK	 
USER	Scenario Name	142	END	1588012647179	1588012647199
USER	Scenario Name	143	START	1588012648178	1588012648178
REQUEST	143		service nonce request	1588012648178	1588012648192	OK	 
USER	Scenario Name	143	END	1588012648178	1588012648192
USER	Scenario Name	144	START	1588012649178	1588012649178
REQUEST	144		service nonce request	1588012649179	1588012649194	OK	 
USER	Scenario Name	144	END	1588012649178	1588012649195
USER	Scenario Name	145	START	1588012650179	1588012650179
REQUEST	145		service nonce request	1588012650179	1588012650195	OK	 
USER	Scenario Name	145	END	1588012650179	1588012650195
USER	Scenario Name	146	START	1588012651178	1588012651178
REQUEST	146		service nonce request	1588012651179	1588012651195	OK	 
USER	Scenario Name	146	END	1588012651178	1588012651196
USER	Scenario Name	147	START	1588012652178	1588012652178
REQUEST	147		service nonce request	1588012652179	1588012652194	OK	 
USER	Scenario Name	147	END	1588012652178	1588012652195
USER	Scenario Name	148	START	1588012653179	1588012653179
REQUEST	148		service nonce request	1588012653180	1588012653193	OK	 
USER	Scenario Name	148	END	1588012653179	1588012653193
USER	Scenario Name	149	START	1588012654179	1588012654179
REQUEST	149		service nonce request	1588012654180	1588012654198	OK	 
USER	Scenario Name	149	END	1588012654179	1588012654199
USER	Scenario Name	150	START	1588012655179	1588012655179
REQUEST	150		service nonce request	1588012655180	1588012655196	OK	 
USER	Scenario Name	150	END	1588012655179	1588012655197
USER	Scenario Name	151	START	1588012656180	1588012656180
REQUEST	151		service nonce request	1588012656180	1588012656197	OK	 
USER	Scenario Name	151	END	1588012656180	1588012656197
USER	Scenario Name	152	START	1588012657180	1588012657180
REQUEST	152		service nonce request	1588012657180	1588012657201	OK	 
USER	Scenario Name	152	END	1588012657180	1588012657201
USER	Scenario Name	153	START	1588012658179	1588012658179
REQUEST	153		service nonce request	1588012658180	1588012658194	OK	 
USER	Scenario Name	153	END	1588012658179	1588012658194
USER	Scenario Name	154	START	1588012659180	1588012659180
REQUEST	154		service nonce request	1588012659180	1588012659197	OK	 
USER	Scenario Name	154	END	1588012659180	1588012659197
USER	Scenario Name	155	START	1588012660179	1588012660179
REQUEST	155		service nonce request	1588012660180	1588012660195	OK	 
USER	Scenario Name	155	END	1588012660179	1588012660196
USER	Scenario Name	156	START	1588012661179	1588012661179
REQUEST	156		service nonce request	1588012661179	1588012661196	OK	 
USER	Scenario Name	156	END	1588012661179	1588012661197
USER	Scenario Name	157	START	1588012662177	1588012662177
REQUEST	157		service nonce request	1588012662179	1588012662196	OK	 
USER	Scenario Name	157	END	1588012662177	1588012662196
USER	Scenario Name	158	START	1588012663180	1588012663180
REQUEST	158		service nonce request	1588012663181	1588012663197	OK	 
USER	Scenario Name	158	END	1588012663180	1588012663198
USER	Scenario Name	159	START	1588012664179	1588012664179
REQUEST	159		service nonce request	1588012664179	1588012664207	OK	 
USER	Scenario Name	159	END	1588012664179	1588012664207
USER	Scenario Name	160	START	1588012665179	1588012665179
REQUEST	160		service nonce request	1588012665183	1588012665223	OK	 
USER	Scenario Name	160	END	1588012665179	1588012665224
USER	Scenario Name	161	START	1588012666181	1588012666181
REQUEST	161		service nonce request	1588012666182	1588012666205	OK	 
USER	Scenario Name	161	END	1588012666181	1588012666205
USER	Scenario Name	162	START	1588012667178	1588012667178
REQUEST	162		service nonce request	1588012667179	1588012667222	OK	 
USER	Scenario Name	162	END	1588012667178	1588012667222
USER	Scenario Name	163	START	1588012668178	1588012668178
REQUEST	163		service nonce request	1588012668178	1588012668196	OK	 
USER	Scenario Name	163	END	1588012668178	1588012668197
USER	Scenario Name	164	START	1588012669177	1588012669177
REQUEST	164		service nonce request	1588012669178	1588012669204	OK	 
USER	Scenario Name	164	END	1588012669177	1588012669206
USER	Scenario Name	165	START	1588012670177	1588012670177
REQUEST	165		service nonce request	1588012670178	1588012670200	OK	 
USER	Scenario Name	165	END	1588012670177	1588012670200
USER	Scenario Name	166	START	1588012671178	1588012671178
REQUEST	166		service nonce request	1588012671178	1588012671196	OK	 
USER	Scenario Name	166	END	1588012671178	1588012671197
USER	Scenario Name	167	START	1588012672179	1588012672179
REQUEST	167		service nonce request	1588012672180	1588012672200	OK	 
USER	Scenario Name	167	END	1588012672179	1588012672200
USER	Scenario Name	168	START	1588012673178	1588012673178
REQUEST	168		service nonce request	1588012673178	1588012673196	OK	 
USER	Scenario Name	168	END	1588012673178	1588012673196
USER	Scenario Name	169	START	1588012674179	1588012674179
REQUEST	169		service nonce request	1588012674179	1588012674197	OK	 
USER	Scenario Name	169	END	1588012674179	1588012674198
USER	Scenario Name	170	START	1588012675178	1588012675178
REQUEST	170		service nonce request	1588012675178	1588012675192	OK	 
USER	Scenario Name	170	END	1588012675178	1588012675192
USER	Scenario Name	171	START	1588012676178	1588012676178
REQUEST	171		service nonce request	1588012676179	1588012676197	OK	 
USER	Scenario Name	171	END	1588012676178	1588012676197
USER	Scenario Name	172	START	1588012677179	1588012677179
REQUEST	172		service nonce request	1588012677179	1588012677193	OK	 
USER	Scenario Name	172	END	1588012677179	1588012677194
USER	Scenario Name	173	START	1588012678179	1588012678179
REQUEST	173		service nonce request	1588012678180	1588012678199	OK	 
USER	Scenario Name	173	END	1588012678179	1588012678199
USER	Scenario Name	174	START	1588012679177	1588012679177
REQUEST	174		service nonce request	1588012679178	1588012679191	OK	 
USER	Scenario Name	174	END	1588012679177	1588012679191
USER	Scenario Name	175	START	1588012680178	1588012680178
REQUEST	175		service nonce request	1588012680178	1588012680192	OK	 
USER	Scenario Name	175	END	1588012680178	1588012680192
USER	Scenario Name	176	START	1588012681180	1588012681180
REQUEST	176		service nonce request	1588012681181	1588012681198	OK	 
USER	Scenario Name	176	END	1588012681180	1588012681198
USER	Scenario Name	177	START	1588012682179	1588012682179
REQUEST	177		service nonce request	1588012682180	1588012682201	OK	 
USER	Scenario Name	177	END	1588012682179	1588012682202
USER	Scenario Name	178	START	1588012683178	1588012683178
REQUEST	178		service nonce request	1588012683179	1588012683196	OK	 
USER	Scenario Name	178	END	1588012683178	1588012683197
USER	Scenario Name	179	START	1588012684178	1588012684178
REQUEST	179		service nonce request	1588012684178	1588012684192	OK	 
USER	Scenario Name	179	END	1588012684178	1588012684193
USER	Scenario Name	180	START	1588012685178	1588012685178
REQUEST	180		service nonce request	1588012685178	1588012685192	OK	 
USER	Scenario Name	180	END	1588012685178	1588012685192
USER	Scenario Name	181	START	1588012686179	1588012686179
REQUEST	181		service nonce request	1588012686180	1588012686194	OK	 
USER	Scenario Name	181	END	1588012686179	1588012686194
USER	Scenario Name	182	START	1588012687180	1588012687180
REQUEST	182		service nonce request	1588012687181	1588012687194	OK	 
USER	Scenario Name	182	END	1588012687180	1588012687194
USER	Scenario Name	183	START	1588012688178	1588012688178
REQUEST	183		service nonce request	1588012688178	1588012688192	OK	 
USER	Scenario Name	183	END	1588012688178	1588012688192
USER	Scenario Name	184	START	1588012689179	1588012689179
REQUEST	184		service nonce request	1588012689180	1588012689197	OK	 
USER	Scenario Name	184	END	1588012689179	1588012689198
USER	Scenario Name	185	START	1588012690178	1588012690178
REQUEST	185		service nonce request	1588012690178	1588012690194	OK	 
USER	Scenario Name	185	END	1588012690178	1588012690194
USER	Scenario Name	186	START	1588012691179	1588012691179
REQUEST	186		service nonce request	1588012691180	1588012691193	OK	 
USER	Scenario Name	186	END	1588012691179	1588012691194
USER	Scenario Name	187	START	1588012692179	1588012692179
REQUEST	187		service nonce request	1588012692180	1588012692198	OK	 
USER	Scenario Name	187	END	1588012692179	1588012692199
USER	Scenario Name	188	START	1588012693180	1588012693180
REQUEST	188		service nonce request	1588012693181	1588012693201	OK	 
USER	Scenario Name	188	END	1588012693180	1588012693201
USER	Scenario Name	189	START	1588012694179	1588012694179
REQUEST	189		service nonce request	1588012694179	1588012694194	OK	 
USER	Scenario Name	189	END	1588012694179	1588012694194
USER	Scenario Name	190	START	1588012695179	1588012695179
REQUEST	190		service nonce request	1588012695180	1588012695196	OK	 
USER	Scenario Name	190	END	1588012695179	1588012695197
USER	Scenario Name	191	START	1588012696178	1588012696178
REQUEST	191		service nonce request	1588012696179	1588012696200	OK	 
USER	Scenario Name	191	END	1588012696178	1588012696200
USER	Scenario Name	192	START	1588012697178	1588012697178
REQUEST	192		service nonce request	1588012697178	1588012697196	OK	 
USER	Scenario Name	192	END	1588012697178	1588012697197
USER	Scenario Name	193	START	1588012698180	1588012698180
REQUEST	193		service nonce request	1588012698181	1588012698200	OK	 
USER	Scenario Name	193	END	1588012698180	1588012698200
USER	Scenario Name	194	START	1588012699178	1588012699178
REQUEST	194		service nonce request	1588012699178	1588012699193	OK	 
USER	Scenario Name	194	END	1588012699178	1588012699193
USER	Scenario Name	195	START	1588012700178	1588012700178
REQUEST	195		service nonce request	1588012700178	1588012700191	OK	 
USER	Scenario Name	195	END	1588012700178	1588012700191
USER	Scenario Name	196	START	1588012701178	1588012701178
REQUEST	196		service nonce request	1588012701178	1588012701194	OK	 
USER	Scenario Name	196	END	1588012701178	1588012701195
USER	Scenario Name	197	START	1588012702179	1588012702179
REQUEST	197		service nonce request	1588012702179	1588012702194	OK	 
USER	Scenario Name	197	END	1588012702179	1588012702195
USER	Scenario Name	198	START	1588012703178	1588012703178
REQUEST	198		service nonce request	1588012703179	1588012703204	OK	 
USER	Scenario Name	198	END	1588012703178	1588012703205
USER	Scenario Name	199	START	1588012704179	1588012704179
REQUEST	199		service nonce request	1588012704180	1588012704192	OK	 
USER	Scenario Name	199	END	1588012704179	1588012704192
USER	Scenario Name	200	START	1588012705179	1588012705179
REQUEST	200		service nonce request	1588012705179	1588012705198	OK	 
USER	Scenario Name	200	END	1588012705179	1588012705198
USER	Scenario Name	201	START	1588012706179	1588012706179
REQUEST	201		service nonce request	1588012706180	1588012706193	OK	 
USER	Scenario Name	201	END	1588012706179	1588012706193
USER	Scenario Name	202	START	1588012707178	1588012707178
REQUEST	202		service nonce request	1588012707179	1588012707197	OK	 
USER	Scenario Name	202	END	1588012707178	1588012707197
USER	Scenario Name	203	START	1588012708178	1588012708178
REQUEST	203		service nonce request	1588012708179	1588012708197	OK	 
USER	Scenario Name	203	END	1588012708178	1588012708198
USER	Scenario Name	204	START	1588012709178	1588012709178
REQUEST	204		service nonce request	1588012709179	1588012709193	OK	 
USER	Scenario Name	204	END	1588012709178	1588012709194
USER	Scenario Name	205	START	1588012710178	1588012710178
REQUEST	205		service nonce request	1588012710179	1588012710195	OK	 
USER	Scenario Name	205	END	1588012710178	1588012710196
USER	Scenario Name	206	START	1588012711178	1588012711178
REQUEST	206		service nonce request	1588012711178	1588012711193	OK	 
USER	Scenario Name	206	END	1588012711178	1588012711193
USER	Scenario Name	207	START	1588012712177	1588012712177
REQUEST	207		service nonce request	1588012712178	1588012712195	OK	 
USER	Scenario Name	207	END	1588012712177	1588012712196
USER	Scenario Name	208	START	1588012713178	1588012713178
REQUEST	208		service nonce request	1588012713178	1588012713204	OK	 
USER	Scenario Name	208	END	1588012713178	1588012713205
USER	Scenario Name	209	START	1588012714178	1588012714178
REQUEST	209		service nonce request	1588012714179	1588012714199	OK	 
USER	Scenario Name	209	END	1588012714178	1588012714200
USER	Scenario Name	210	START	1588012715179	1588012715179
REQUEST	210		service nonce request	1588012715180	1588012715196	OK	 
USER	Scenario Name	210	END	1588012715179	1588012715196
USER	Scenario Name	211	START	1588012716180	1588012716180
REQUEST	211		service nonce request	1588012716180	1588012716193	OK	 
USER	Scenario Name	211	END	1588012716180	1588012716194
USER	Scenario Name	212	START	1588012717178	1588012717178
REQUEST	212		service nonce request	1588012717178	1588012717196	OK	 
USER	Scenario Name	212	END	1588012717178	1588012717196
USER	Scenario Name	213	START	1588012718178	1588012718178
REQUEST	213		service nonce request	1588012718178	1588012718195	OK	 
USER	Scenario Name	213	END	1588012718178	1588012718196
USER	Scenario Name	214	START	1588012719178	1588012719178
REQUEST	214		service nonce request	1588012719178	1588012719192	OK	 
USER	Scenario Name	214	END	1588012719178	1588012719192
USER	Scenario Name	215	START	1588012720179	1588012720179
REQUEST	215		service nonce request	1588012720180	1588012720197	OK	 
USER	Scenario Name	215	END	1588012720179	1588012720197
USER	Scenario Name	216	START	1588012721178	1588012721178
REQUEST	216		service nonce request	1588012721179	1588012721200	OK	 
USER	Scenario Name	216	END	1588012721178	1588012721200
USER	Scenario Name	217	START	1588012722178	1588012722178
REQUEST	217		service nonce request	1588012722179	1588012722197	OK	 
USER	Scenario Name	217	END	1588012722178	1588012722197
USER	Scenario Name	218	START	1588012723178	1588012723178
REQUEST	218		service nonce request	1588012723178	1588012723193	OK	 
USER	Scenario Name	218	END	1588012723178	1588012723193
USER	Scenario Name	219	START	1588012724178	1588012724178
REQUEST	219		service nonce request	1588012724178	1588012724192	OK	 
USER	Scenario Name	219	END	1588012724178	1588012724193
USER	Scenario Name	220	START	1588012725179	1588012725179
REQUEST	220		service nonce request	1588012725179	1588012725193	OK	 
USER	Scenario Name	220	END	1588012725179	1588012725193
USER	Scenario Name	221	START	1588012726177	1588012726177
REQUEST	221		service nonce request	1588012726178	1588012726195	OK	 
USER	Scenario Name	221	END	1588012726177	1588012726195
USER	Scenario Name	222	START	1588012727180	1588012727180
REQUEST	222		service nonce request	1588012727181	1588012727200	OK	 
USER	Scenario Name	222	END	1588012727180	1588012727200
USER	Scenario Name	223	START	1588012728177	1588012728177
REQUEST	223		service nonce request	1588012728178	1588012728191	OK	 
USER	Scenario Name	223	END	1588012728177	1588012728191
USER	Scenario Name	224	START	1588012729178	1588012729178
REQUEST	224		service nonce request	1588012729178	1588012729193	OK	 
USER	Scenario Name	224	END	1588012729178	1588012729193
USER	Scenario Name	225	START	1588012730178	1588012730178
REQUEST	225		service nonce request	1588012730179	1588012730195	OK	 
USER	Scenario Name	225	END	1588012730178	1588012730195
USER	Scenario Name	226	START	1588012731179	1588012731179
REQUEST	226		service nonce request	1588012731179	1588012731193	OK	 
USER	Scenario Name	226	END	1588012731179	1588012731193
USER	Scenario Name	227	START	1588012732179	1588012732179
REQUEST	227		service nonce request	1588012732180	1588012732194	OK	 
USER	Scenario Name	227	END	1588012732179	1588012732194
USER	Scenario Name	228	START	1588012733178	1588012733178
REQUEST	228		service nonce request	1588012733179	1588012733190	OK	 
USER	Scenario Name	228	END	1588012733178	1588012733191
USER	Scenario Name	229	START	1588012734178	1588012734178
REQUEST	229		service nonce request	1588012734178	1588012734189	OK	 
USER	Scenario Name	229	END	1588012734178	1588012734190
USER	Scenario Name	230	START	1588012735179	1588012735179
REQUEST	230		service nonce request	1588012735180	1588012735195	OK	 
USER	Scenario Name	230	END	1588012735179	1588012735196
USER	Scenario Name	231	START	1588012736178	1588012736178
REQUEST	231		service nonce request	1588012736178	1588012736194	OK	 
USER	Scenario Name	231	END	1588012736178	1588012736194
USER	Scenario Name	232	START	1588012737178	1588012737178
REQUEST	232		service nonce request	1588012737178	1588012737193	OK	 
USER	Scenario Name	232	END	1588012737178	1588012737193
USER	Scenario Name	233	START	1588012738178	1588012738178
REQUEST	233		service nonce request	1588012738179	1588012738191	OK	 
USER	Scenario Name	233	END	1588012738178	1588012738192
USER	Scenario Name	234	START	1588012739178	1588012739178
REQUEST	234		service nonce request	1588012739178	1588012739195	OK	 
USER	Scenario Name	234	END	1588012739178	1588012739195
USER	Scenario Name	235	START	1588012740178	1588012740178
REQUEST	235		service nonce request	1588012740179	1588012740193	OK	 
USER	Scenario Name	235	END	1588012740178	1588012740194
USER	Scenario Name	236	START	1588012741180	1588012741180
REQUEST	236		service nonce request	1588012741181	1588012741197	OK	 
USER	Scenario Name	236	END	1588012741180	1588012741197
USER	Scenario Name	237	START	1588012742178	1588012742178
REQUEST	237		service nonce request	1588012742178	1588012742191	OK	 
USER	Scenario Name	237	END	1588012742178	1588012742191
USER	Scenario Name	238	START	1588012743178	1588012743178
REQUEST	238		service nonce request	1588012743179	1588012743195	OK	 
USER	Scenario Name	238	END	1588012743178	1588012743195
USER	Scenario Name	239	START	1588012744179	1588012744179
REQUEST	239		service nonce request	1588012744179	1588012744195	OK	 
USER	Scenario Name	239	END	1588012744179	1588012744196
USER	Scenario Name	240	START	1588012745179	1588012745179
REQUEST	240		service nonce request	1588012745179	1588012745194	OK	 
USER	Scenario Name	240	END	1588012745179	1588012745194
USER	Scenario Name	241	START	1588012746179	1588012746179
REQUEST	241		service nonce request	1588012746179	1588012746193	OK	 
USER	Scenario Name	241	END	1588012746179	1588012746193
USER	Scenario Name	242	START	1588012747178	1588012747178
REQUEST	242		service nonce request	1588012747178	1588012747194	OK	 
USER	Scenario Name	242	END	1588012747178	1588012747195
USER	Scenario Name	243	START	1588012748178	1588012748178
REQUEST	243		service nonce request	1588012748179	1588012748196	OK	 
USER	Scenario Name	243	END	1588012748178	1588012748197
USER	Scenario Name	244	START	1588012749178	1588012749178
REQUEST	244		service nonce request	1588012749179	1588012749195	OK	 
USER	Scenario Name	244	END	1588012749178	1588012749195
USER	Scenario Name	245	START	1588012750178	1588012750178
REQUEST	245		service nonce request	1588012750178	1588012750197	OK	 
USER	Scenario Name	245	END	1588012750178	1588012750198
USER	Scenario Name	246	START	1588012751180	1588012751180
REQUEST	246		service nonce request	1588012751181	1588012751201	OK	 
USER	Scenario Name	246	END	1588012751180	1588012751202
USER	Scenario Name	247	START	1588012752180	1588012752180
REQUEST	247		service nonce request	1588012752180	1588012752195	OK	 
USER	Scenario Name	247	END	1588012752180	1588012752196
USER	Scenario Name	248	START	1588012753179	1588012753179
REQUEST	248		service nonce request	1588012753180	1588012753193	OK	 
USER	Scenario Name	248	END	1588012753179	1588012753193
USER	Scenario Name	249	START	1588012754178	1588012754178
REQUEST	249		service nonce request	1588012754178	1588012754193	OK	 
USER	Scenario Name	249	END	1588012754178	1588012754194
USER	Scenario Name	250	START	1588012755179	1588012755179
REQUEST	250		service nonce request	1588012755180	1588012755194	OK	 
USER	Scenario Name	250	END	1588012755179	1588012755196
USER	Scenario Name	251	START	1588012756178	1588012756178
REQUEST	251		service nonce request	1588012756179	1588012756197	OK	 
USER	Scenario Name	251	END	1588012756178	1588012756198
USER	Scenario Name	252	START	1588012757179	1588012757179
REQUEST	252		service nonce request	1588012757180	1588012757197	OK	 
USER	Scenario Name	252	END	1588012757179	1588012757197
USER	Scenario Name	253	START	1588012758178	1588012758178
REQUEST	253		service nonce request	1588012758179	1588012758197	OK	 
USER	Scenario Name	253	END	1588012758178	1588012758197
USER	Scenario Name	254	START	1588012759179	1588012759179
REQUEST	254		service nonce request	1588012759179	1588012759198	OK	 
USER	Scenario Name	254	END	1588012759179	1588012759198
USER	Scenario Name	255	START	1588012760177	1588012760177
REQUEST	255		service nonce request	1588012760178	1588012760206	OK	 
USER	Scenario Name	255	END	1588012760177	1588012760206
USER	Scenario Name	256	START	1588012761179	1588012761179
REQUEST	256		service nonce request	1588012761180	1588012761200	OK	 
USER	Scenario Name	256	END	1588012761179	1588012761200
USER	Scenario Name	257	START	1588012762178	1588012762178
REQUEST	257		service nonce request	1588012762179	1588012762194	OK	 
USER	Scenario Name	257	END	1588012762178	1588012762195
USER	Scenario Name	258	START	1588012763180	1588012763180
REQUEST	258		service nonce request	1588012763181	1588012763194	OK	 
USER	Scenario Name	258	END	1588012763180	1588012763194
USER	Scenario Name	259	START	1588012764178	1588012764178
REQUEST	259		service nonce request	1588012764179	1588012764202	OK	 
USER	Scenario Name	259	END	1588012764178	1588012764203
USER	Scenario Name	260	START	1588012765178	1588012765178
REQUEST	260		service nonce request	1588012765178	1588012765204	OK	 
USER	Scenario Name	260	END	1588012765178	1588012765204
USER	Scenario Name	261	START	1588012766179	1588012766179
REQUEST	261		service nonce request	1588012766179	1588012766196	OK	 
USER	Scenario Name	261	END	1588012766179	1588012766197
USER	Scenario Name	262	START	1588012767180	1588012767180
REQUEST	262		service nonce request	1588012767181	1588012767211	OK	 
USER	Scenario Name	262	END	1588012767180	1588012767211
USER	Scenario Name	263	START	1588012768180	1588012768180
REQUEST	263		service nonce request	1588012768182	1588012768209	OK	 
USER	Scenario Name	263	END	1588012768180	1588012768210
USER	Scenario Name	264	START	1588012769178	1588012769178
REQUEST	264		service nonce request	1588012769178	1588012769218	OK	 
USER	Scenario Name	264	END	1588012769178	1588012769219
USER	Scenario Name	265	START	1588012770179	1588012770179
REQUEST	265		service nonce request	1588012770179	1588012770201	OK	 
USER	Scenario Name	265	END	1588012770179	1588012770203
USER	Scenario Name	266	START	1588012771179	1588012771179
REQUEST	266		service nonce request	1588012771180	1588012771207	OK	 
USER	Scenario Name	266	END	1588012771179	1588012771209
USER	Scenario Name	267	START	1588012772178	1588012772178
REQUEST	267		service nonce request	1588012772179	1588012772202	OK	 
USER	Scenario Name	267	END	1588012772178	1588012772204
USER	Scenario Name	268	START	1588012773178	1588012773178
REQUEST	268		service nonce request	1588012773179	1588012773195	OK	 
USER	Scenario Name	268	END	1588012773178	1588012773196
USER	Scenario Name	269	START	1588012774180	1588012774180
REQUEST	269		service nonce request	1588012774180	1588012774202	OK	 
USER	Scenario Name	269	END	1588012774180	1588012774203
USER	Scenario Name	270	START	1588012775178	1588012775178
REQUEST	270		service nonce request	1588012775178	1588012775191	OK	 
USER	Scenario Name	270	END	1588012775178	1588012775191
USER	Scenario Name	271	START	1588012776179	1588012776179
REQUEST	271		service nonce request	1588012776180	1588012776197	OK	 
USER	Scenario Name	271	END	1588012776179	1588012776198
USER	Scenario Name	272	START	1588012777179	1588012777179
REQUEST	272		service nonce request	1588012777180	1588012777198	OK	 
USER	Scenario Name	272	END	1588012777179	1588012777198
USER	Scenario Name	273	START	1588012778180	1588012778180
REQUEST	273		service nonce request	1588012778180	1588012778195	OK	 
USER	Scenario Name	273	END	1588012778180	1588012778195
USER	Scenario Name	274	START	1588012779178	1588012779178
REQUEST	274		service nonce request	1588012779179	1588012779197	OK	 
USER	Scenario Name	274	END	1588012779178	1588012779197
USER	Scenario Name	275	START	1588012780180	1588012780180
REQUEST	275		service nonce request	1588012780181	1588012780193	OK	 
USER	Scenario Name	275	END	1588012780180	1588012780194
USER	Scenario Name	276	START	1588012781180	1588012781180
REQUEST	276		service nonce request	1588012781181	1588012781195	OK	 
USER	Scenario Name	276	END	1588012781180	1588012781196
USER	Scenario Name	277	START	1588012782178	1588012782178
REQUEST	277		service nonce request	1588012782178	1588012782197	OK	 
USER	Scenario Name	277	END	1588012782178	1588012782197
USER	Scenario Name	278	START	1588012783180	1588012783180
REQUEST	278		service nonce request	1588012783181	1588012783195	OK	 
USER	Scenario Name	278	END	1588012783180	1588012783195
USER	Scenario Name	279	START	1588012784180	1588012784180
REQUEST	279		service nonce request	1588012784181	1588012784195	OK	 
USER	Scenario Name	279	END	1588012784180	1588012784196
USER	Scenario Name	280	START	1588012785178	1588012785178
REQUEST	280		service nonce request	1588012785178	1588012785196	OK	 
USER	Scenario Name	280	END	1588012785178	1588012785196
USER	Scenario Name	281	START	1588012786180	1588012786180
REQUEST	281		service nonce request	1588012786181	1588012786196	OK	 
USER	Scenario Name	281	END	1588012786180	1588012786197
USER	Scenario Name	282	START	1588012787178	1588012787178
REQUEST	282		service nonce request	1588012787178	1588012787192	OK	 
USER	Scenario Name	282	END	1588012787178	1588012787193
USER	Scenario Name	283	START	1588012788180	1588012788180
REQUEST	283		service nonce request	1588012788181	1588012788195	OK	 
USER	Scenario Name	283	END	1588012788180	1588012788195
USER	Scenario Name	284	START	1588012789180	1588012789180
REQUEST	284		service nonce request	1588012789181	1588012789202	OK	 
USER	Scenario Name	284	END	1588012789180	1588012789203
USER	Scenario Name	285	START	1588012790180	1588012790180
REQUEST	285		service nonce request	1588012790181	1588012790193	OK	 
USER	Scenario Name	285	END	1588012790180	1588012790193
USER	Scenario Name	286	START	1588012791180	1588012791180
REQUEST	286		service nonce request	1588012791181	1588012791194	OK	 
USER	Scenario Name	286	END	1588012791180	1588012791195
USER	Scenario Name	287	START	1588012792178	1588012792178
REQUEST	287		service nonce request	1588012792178	1588012792193	OK	 
USER	Scenario Name	287	END	1588012792178	1588012792194
USER	Scenario Name	288	START	1588012793177	1588012793177
REQUEST	288		service nonce request	1588012793178	1588012793191	OK	 
USER	Scenario Name	288	END	1588012793177	1588012793192
USER	Scenario Name	289	START	1588012794179	1588012794179
REQUEST	289		service nonce request	1588012794180	1588012794193	OK	 
USER	Scenario Name	289	END	1588012794179	1588012794193
USER	Scenario Name	290	START	1588012795180	1588012795180
REQUEST	290		service nonce request	1588012795181	1588012795204	OK	 
USER	Scenario Name	290	END	1588012795180	1588012795204
USER	Scenario Name	291	START	1588012796180	1588012796180
REQUEST	291		service nonce request	1588012796181	1588012796196	OK	 
USER	Scenario Name	291	END	1588012796180	1588012796196
USER	Scenario Name	292	START	1588012797178	1588012797178
REQUEST	292		service nonce request	1588012797179	1588012797215	OK	 
USER	Scenario Name	292	END	1588012797178	1588012797216
USER	Scenario Name	293	START	1588012798180	1588012798180
REQUEST	293		service nonce request	1588012798181	1588012798205	OK	 
USER	Scenario Name	293	END	1588012798180	1588012798206
USER	Scenario Name	294	START	1588012799178	1588012799178
REQUEST	294		service nonce request	1588012799179	1588012799199	OK	 
USER	Scenario Name	294	END	1588012799178	1588012799199
USER	Scenario Name	295	START	1588012800180	1588012800180
REQUEST	295		service nonce request	1588012800181	1588012800198	OK	 
USER	Scenario Name	295	END	1588012800180	1588012800198
USER	Scenario Name	296	START	1588012801178	1588012801178
REQUEST	296		service nonce request	1588012801178	1588012801192	OK	 
USER	Scenario Name	296	END	1588012801178	1588012801193
USER	Scenario Name	297	START	1588012802179	1588012802179
REQUEST	297		service nonce request	1588012802179	1588012802199	OK	 
USER	Scenario Name	297	END	1588012802179	1588012802200
USER	Scenario Name	298	START	1588012803180	1588012803180
REQUEST	298		service nonce request	1588012803181	1588012803199	OK	 
USER	Scenario Name	298	END	1588012803180	1588012803199
USER	Scenario Name	299	START	1588012804180	1588012804180
REQUEST	299		service nonce request	1588012804180	1588012804194	OK	 
USER	Scenario Name	299	END	1588012804180	1588012804195
USER	Scenario Name	300	START	1588012805178	1588012805178
REQUEST	300		service nonce request	1588012805178	1588012805194	OK	 
USER	Scenario Name	300	END	1588012805178	1588012805195
