RUN	computerdatabase.VerifyBlock	verifyblock	1588153370417	1 per second	3.3.1
USER	Verify Block	1	START	1588153371664	1588153371664
REQUEST	1		Verify Block	1588153371713	1588153372276	OK	 
USER	Verify Block	1	END	1588153371664	1588153372312
USER	Verify Block	2	START	1588153372674	1588153372674
REQUEST	2		Verify Block	1588153372676	1588153372847	OK	 
USER	Verify Block	2	END	1588153372674	1588153372849
USER	Verify Block	3	START	1588153373673	1588153373673
REQUEST	3		Verify Block	1588153373674	1588153373783	OK	 
USER	Verify Block	3	END	1588153373673	1588153373784
USER	Verify Block	4	START	1588153374663	1588153374663
REQUEST	4		Verify Block	1588153374665	1588153374823	OK	 
USER	Verify Block	4	END	1588153374663	1588153374825
USER	Verify Block	5	START	1588153375663	1588153375663
REQUEST	5		Verify Block	1588153375665	1588153375770	OK	 
USER	Verify Block	5	END	1588153375663	1588153375772
USER	Verify Block	6	START	1588153376662	1588153376662
REQUEST	6		Verify Block	1588153376663	1588153376830	OK	 
USER	Verify Block	6	END	1588153376662	1588153376831
USER	Verify Block	7	START	1588153377661	1588153377661
REQUEST	7		Verify Block	1588153377663	1588153377836	OK	 
USER	Verify Block	7	END	1588153377661	1588153377837
USER	Verify Block	8	START	1588153378663	1588153378663
REQUEST	8		Verify Block	1588153378664	1588153378790	OK	 
USER	Verify Block	8	END	1588153378663	1588153378791
USER	Verify Block	9	START	1588153379662	1588153379662
REQUEST	9		Verify Block	1588153379663	1588153379792	OK	 
USER	Verify Block	9	END	1588153379662	1588153379793
USER	Verify Block	10	START	1588153380662	1588153380662
REQUEST	10		Verify Block	1588153380663	1588153380814	OK	 
USER	Verify Block	10	END	1588153380662	1588153380815
USER	Verify Block	11	START	1588153381663	1588153381663
REQUEST	11		Verify Block	1588153381664	1588153381815	OK	 
USER	Verify Block	11	END	1588153381663	1588153381816
USER	Verify Block	12	START	1588153382663	1588153382663
REQUEST	12		Verify Block	1588153382664	1588153382810	OK	 
USER	Verify Block	12	END	1588153382663	1588153382811
USER	Verify Block	13	START	1588153383662	1588153383662
REQUEST	13		Verify Block	1588153383663	1588153383779	OK	 
USER	Verify Block	13	END	1588153383662	1588153383780
USER	Verify Block	14	START	1588153384661	1588153384661
REQUEST	14		Verify Block	1588153384661	1588153384787	OK	 
USER	Verify Block	14	END	1588153384661	1588153384788
USER	Verify Block	15	START	1588153385663	1588153385663
REQUEST	15		Verify Block	1588153385664	1588153385771	OK	 
USER	Verify Block	15	END	1588153385663	1588153385773
USER	Verify Block	16	START	1588153386661	1588153386661
REQUEST	16		Verify Block	1588153386662	1588153386795	OK	 
USER	Verify Block	16	END	1588153386661	1588153386797
USER	Verify Block	17	START	1588153387662	1588153387662
REQUEST	17		Verify Block	1588153387664	1588153387781	OK	 
USER	Verify Block	17	END	1588153387662	1588153387781
USER	Verify Block	18	START	1588153388661	1588153388661
REQUEST	18		Verify Block	1588153388662	1588153388806	OK	 
USER	Verify Block	18	END	1588153388661	1588153388807
USER	Verify Block	19	START	1588153389661	1588153389661
REQUEST	19		Verify Block	1588153389662	1588153389769	OK	 
USER	Verify Block	19	END	1588153389661	1588153389770
USER	Verify Block	20	START	1588153390662	1588153390662
REQUEST	20		Verify Block	1588153390663	1588153390816	OK	 
USER	Verify Block	20	END	1588153390662	1588153390817
USER	Verify Block	21	START	1588153391662	1588153391662
REQUEST	21		Verify Block	1588153391664	1588153391781	OK	 
USER	Verify Block	21	END	1588153391662	1588153391783
USER	Verify Block	22	START	1588153392661	1588153392661
REQUEST	22		Verify Block	1588153392662	1588153392800	OK	 
USER	Verify Block	22	END	1588153392661	1588153392801
USER	Verify Block	23	START	1588153393661	1588153393661
REQUEST	23		Verify Block	1588153393662	1588153393779	OK	 
USER	Verify Block	23	END	1588153393661	1588153393780
USER	Verify Block	24	START	1588153394664	1588153394664
REQUEST	24		Verify Block	1588153394665	1588153394799	OK	 
USER	Verify Block	24	END	1588153394664	1588153394800
USER	Verify Block	25	START	1588153395662	1588153395662
REQUEST	25		Verify Block	1588153395663	1588153395806	OK	 
USER	Verify Block	25	END	1588153395662	1588153395807
USER	Verify Block	26	START	1588153396662	1588153396662
REQUEST	26		Verify Block	1588153396662	1588153396845	OK	 
USER	Verify Block	26	END	1588153396662	1588153396848
USER	Verify Block	27	START	1588153397663	1588153397663
REQUEST	27		Verify Block	1588153397664	1588153397789	OK	 
USER	Verify Block	27	END	1588153397663	1588153397789
USER	Verify Block	28	START	1588153398661	1588153398661
REQUEST	28		Verify Block	1588153398662	1588153398808	OK	 
USER	Verify Block	28	END	1588153398661	1588153398809
USER	Verify Block	29	START	1588153399661	1588153399661
REQUEST	29		Verify Block	1588153399662	1588153399781	OK	 
USER	Verify Block	29	END	1588153399661	1588153399782
USER	Verify Block	30	START	1588153400661	1588153400661
REQUEST	30		Verify Block	1588153400662	1588153400798	OK	 
USER	Verify Block	30	END	1588153400661	1588153400799
USER	Verify Block	31	START	1588153401662	1588153401662
REQUEST	31		Verify Block	1588153401663	1588153401752	OK	 
USER	Verify Block	31	END	1588153401662	1588153401753
USER	Verify Block	32	START	1588153402662	1588153402662
REQUEST	32		Verify Block	1588153402662	1588153402782	OK	 
USER	Verify Block	32	END	1588153402662	1588153402783
USER	Verify Block	33	START	1588153403661	1588153403661
REQUEST	33		Verify Block	1588153403663	1588153403816	OK	 
USER	Verify Block	33	END	1588153403661	1588153403817
USER	Verify Block	34	START	1588153404662	1588153404662
REQUEST	34		Verify Block	1588153404662	1588153404826	OK	 
USER	Verify Block	34	END	1588153404662	1588153404827
USER	Verify Block	35	START	1588153405662	1588153405662
REQUEST	35		Verify Block	1588153405663	1588153405825	OK	 
USER	Verify Block	35	END	1588153405662	1588153405826
USER	Verify Block	36	START	1588153406661	1588153406661
REQUEST	36		Verify Block	1588153406664	1588153406804	OK	 
USER	Verify Block	36	END	1588153406661	1588153406805
USER	Verify Block	37	START	1588153407663	1588153407663
REQUEST	37		Verify Block	1588153407666	1588153407828	OK	 
USER	Verify Block	37	END	1588153407663	1588153407829
USER	Verify Block	38	START	1588153408661	1588153408661
REQUEST	38		Verify Block	1588153408662	1588153408810	OK	 
USER	Verify Block	38	END	1588153408661	1588153408811
USER	Verify Block	39	START	1588153409662	1588153409662
REQUEST	39		Verify Block	1588153409663	1588153409826	OK	 
USER	Verify Block	39	END	1588153409662	1588153409827
USER	Verify Block	40	START	1588153410661	1588153410661
REQUEST	40		Verify Block	1588153410663	1588153410797	OK	 
USER	Verify Block	40	END	1588153410661	1588153410799
USER	Verify Block	41	START	1588153411663	1588153411663
REQUEST	41		Verify Block	1588153411664	1588153411819	OK	 
USER	Verify Block	41	END	1588153411663	1588153411820
USER	Verify Block	42	START	1588153412661	1588153412661
REQUEST	42		Verify Block	1588153412664	1588153413198	OK	 
USER	Verify Block	42	END	1588153412661	1588153413199
USER	Verify Block	43	START	1588153413661	1588153413661
REQUEST	43		Verify Block	1588153413663	1588153413852	OK	 
USER	Verify Block	43	END	1588153413661	1588153413853
USER	Verify Block	44	START	1588153414662	1588153414662
REQUEST	44		Verify Block	1588153414664	1588153414835	OK	 
USER	Verify Block	44	END	1588153414662	1588153414836
USER	Verify Block	45	START	1588153415661	1588153415661
REQUEST	45		Verify Block	1588153415662	1588153415813	OK	 
USER	Verify Block	45	END	1588153415661	1588153415814
USER	Verify Block	46	START	1588153416663	1588153416663
REQUEST	46		Verify Block	1588153416664	1588153416825	OK	 
USER	Verify Block	46	END	1588153416663	1588153416826
USER	Verify Block	47	START	1588153417663	1588153417663
REQUEST	47		Verify Block	1588153417664	1588153417820	OK	 
USER	Verify Block	47	END	1588153417663	1588153417821
USER	Verify Block	48	START	1588153418661	1588153418661
REQUEST	48		Verify Block	1588153418662	1588153418782	OK	 
USER	Verify Block	48	END	1588153418661	1588153418783
USER	Verify Block	49	START	1588153419661	1588153419661
REQUEST	49		Verify Block	1588153419662	1588153419835	OK	 
USER	Verify Block	49	END	1588153419661	1588153419836
USER	Verify Block	50	START	1588153420661	1588153420661
REQUEST	50		Verify Block	1588153420662	1588153420836	OK	 
USER	Verify Block	50	END	1588153420661	1588153420836
USER	Verify Block	51	START	1588153421662	1588153421662
REQUEST	51		Verify Block	1588153421663	1588153421792	OK	 
USER	Verify Block	51	END	1588153421662	1588153421793
USER	Verify Block	52	START	1588153422661	1588153422661
REQUEST	52		Verify Block	1588153422662	1588153422804	OK	 
USER	Verify Block	52	END	1588153422661	1588153422805
USER	Verify Block	53	START	1588153423661	1588153423661
REQUEST	53		Verify Block	1588153423661	1588153423839	OK	 
USER	Verify Block	53	END	1588153423661	1588153423839
USER	Verify Block	54	START	1588153424661	1588153424661
REQUEST	54		Verify Block	1588153424662	1588153424794	OK	 
USER	Verify Block	54	END	1588153424661	1588153424795
USER	Verify Block	55	START	1588153425662	1588153425662
REQUEST	55		Verify Block	1588153425663	1588153425816	OK	 
USER	Verify Block	55	END	1588153425662	1588153425817
USER	Verify Block	56	START	1588153426661	1588153426661
REQUEST	56		Verify Block	1588153426662	1588153426831	OK	 
USER	Verify Block	56	END	1588153426661	1588153426832
USER	Verify Block	57	START	1588153427662	1588153427662
REQUEST	57		Verify Block	1588153427663	1588153427834	OK	 
USER	Verify Block	57	END	1588153427662	1588153427835
USER	Verify Block	58	START	1588153428661	1588153428661
REQUEST	58		Verify Block	1588153428662	1588153428851	OK	 
USER	Verify Block	58	END	1588153428661	1588153428852
USER	Verify Block	59	START	1588153429661	1588153429661
REQUEST	59		Verify Block	1588153429662	1588153429817	OK	 
USER	Verify Block	59	END	1588153429661	1588153429818
USER	Verify Block	60	START	1588153430663	1588153430663
REQUEST	60		Verify Block	1588153430664	1588153430842	OK	 
USER	Verify Block	60	END	1588153430663	1588153430843
USER	Verify Block	61	START	1588153431662	1588153431662
REQUEST	61		Verify Block	1588153431662	1588153431819	OK	 
USER	Verify Block	61	END	1588153431662	1588153431820
USER	Verify Block	62	START	1588153432661	1588153432661
REQUEST	62		Verify Block	1588153432662	1588153432821	OK	 
USER	Verify Block	62	END	1588153432661	1588153432822
USER	Verify Block	63	START	1588153433662	1588153433662
REQUEST	63		Verify Block	1588153433663	1588153433811	OK	 
USER	Verify Block	63	END	1588153433662	1588153433812
USER	Verify Block	64	START	1588153434662	1588153434662
REQUEST	64		Verify Block	1588153434662	1588153434802	OK	 
USER	Verify Block	64	END	1588153434662	1588153434803
USER	Verify Block	65	START	1588153435661	1588153435661
REQUEST	65		Verify Block	1588153435662	1588153435856	OK	 
USER	Verify Block	65	END	1588153435661	1588153435857
USER	Verify Block	66	START	1588153436661	1588153436661
REQUEST	66		Verify Block	1588153436662	1588153436845	OK	 
USER	Verify Block	66	END	1588153436661	1588153436846
USER	Verify Block	67	START	1588153437661	1588153437661
REQUEST	67		Verify Block	1588153437662	1588153437825	OK	 
USER	Verify Block	67	END	1588153437661	1588153437826
USER	Verify Block	68	START	1588153438661	1588153438661
REQUEST	68		Verify Block	1588153438661	1588153438813	OK	 
USER	Verify Block	68	END	1588153438661	1588153438814
USER	Verify Block	69	START	1588153439661	1588153439661
REQUEST	69		Verify Block	1588153439662	1588153439833	OK	 
USER	Verify Block	69	END	1588153439661	1588153439834
USER	Verify Block	70	START	1588153440664	1588153440664
REQUEST	70		Verify Block	1588153440665	1588153440819	OK	 
USER	Verify Block	70	END	1588153440664	1588153440820
USER	Verify Block	71	START	1588153441662	1588153441662
REQUEST	71		Verify Block	1588153441663	1588153441822	OK	 
USER	Verify Block	71	END	1588153441662	1588153441823
USER	Verify Block	72	START	1588153442661	1588153442661
REQUEST	72		Verify Block	1588153442662	1588153442769	OK	 
USER	Verify Block	72	END	1588153442661	1588153442769
USER	Verify Block	73	START	1588153443663	1588153443663
REQUEST	73		Verify Block	1588153443664	1588153443830	OK	 
USER	Verify Block	73	END	1588153443663	1588153443831
USER	Verify Block	74	START	1588153444661	1588153444661
REQUEST	74		Verify Block	1588153444662	1588153444808	OK	 
USER	Verify Block	74	END	1588153444661	1588153444809
USER	Verify Block	75	START	1588153445661	1588153445661
REQUEST	75		Verify Block	1588153445662	1588153445822	OK	 
USER	Verify Block	75	END	1588153445661	1588153445823
USER	Verify Block	76	START	1588153446661	1588153446661
REQUEST	76		Verify Block	1588153446662	1588153446825	OK	 
USER	Verify Block	76	END	1588153446661	1588153446826
USER	Verify Block	77	START	1588153447662	1588153447662
REQUEST	77		Verify Block	1588153447663	1588153447816	OK	 
USER	Verify Block	77	END	1588153447662	1588153447817
USER	Verify Block	78	START	1588153448661	1588153448661
REQUEST	78		Verify Block	1588153448662	1588153448815	OK	 
USER	Verify Block	78	END	1588153448661	1588153448815
USER	Verify Block	79	START	1588153449661	1588153449661
REQUEST	79		Verify Block	1588153449661	1588153449806	OK	 
USER	Verify Block	79	END	1588153449661	1588153449807
USER	Verify Block	80	START	1588153450661	1588153450661
REQUEST	80		Verify Block	1588153450662	1588153450800	OK	 
USER	Verify Block	80	END	1588153450661	1588153450801
USER	Verify Block	81	START	1588153451662	1588153451662
REQUEST	81		Verify Block	1588153451663	1588153451804	OK	 
USER	Verify Block	81	END	1588153451662	1588153451804
USER	Verify Block	82	START	1588153452664	1588153452664
REQUEST	82		Verify Block	1588153452665	1588153452813	OK	 
USER	Verify Block	82	END	1588153452664	1588153452814
USER	Verify Block	83	START	1588153453661	1588153453661
REQUEST	83		Verify Block	1588153453662	1588153453792	OK	 
USER	Verify Block	83	END	1588153453661	1588153453793
USER	Verify Block	84	START	1588153454661	1588153454661
REQUEST	84		Verify Block	1588153454662	1588153454815	OK	 
USER	Verify Block	84	END	1588153454661	1588153454816
USER	Verify Block	85	START	1588153455661	1588153455661
REQUEST	85		Verify Block	1588153455662	1588153455813	OK	 
USER	Verify Block	85	END	1588153455661	1588153455814
USER	Verify Block	86	START	1588153456664	1588153456664
REQUEST	86		Verify Block	1588153456665	1588153456819	OK	 
USER	Verify Block	86	END	1588153456664	1588153456820
USER	Verify Block	87	START	1588153457662	1588153457662
REQUEST	87		Verify Block	1588153457663	1588153457807	OK	 
USER	Verify Block	87	END	1588153457662	1588153457807
USER	Verify Block	88	START	1588153458662	1588153458662
REQUEST	88		Verify Block	1588153458663	1588153458799	OK	 
USER	Verify Block	88	END	1588153458662	1588153458800
USER	Verify Block	89	START	1588153459664	1588153459664
REQUEST	89		Verify Block	1588153459665	1588153459831	OK	 
USER	Verify Block	89	END	1588153459664	1588153459832
USER	Verify Block	90	START	1588153460662	1588153460662
REQUEST	90		Verify Block	1588153460664	1588153460847	OK	 
USER	Verify Block	90	END	1588153460662	1588153460848
USER	Verify Block	91	START	1588153461662	1588153461662
REQUEST	91		Verify Block	1588153461662	1588153461821	OK	 
USER	Verify Block	91	END	1588153461662	1588153461822
USER	Verify Block	92	START	1588153462663	1588153462663
REQUEST	92		Verify Block	1588153462664	1588153462833	OK	 
USER	Verify Block	92	END	1588153462663	1588153462834
USER	Verify Block	93	START	1588153463661	1588153463661
REQUEST	93		Verify Block	1588153463662	1588153463772	OK	 
USER	Verify Block	93	END	1588153463661	1588153463773
USER	Verify Block	94	START	1588153464663	1588153464663
REQUEST	94		Verify Block	1588153464664	1588153464823	OK	 
USER	Verify Block	94	END	1588153464663	1588153464824
USER	Verify Block	95	START	1588153465663	1588153465663
REQUEST	95		Verify Block	1588153465664	1588153465797	OK	 
USER	Verify Block	95	END	1588153465663	1588153465800
USER	Verify Block	96	START	1588153466663	1588153466663
REQUEST	96		Verify Block	1588153466664	1588153466851	OK	 
USER	Verify Block	96	END	1588153466663	1588153466852
USER	Verify Block	97	START	1588153467661	1588153467661
REQUEST	97		Verify Block	1588153467662	1588153467794	OK	 
USER	Verify Block	97	END	1588153467661	1588153467795
USER	Verify Block	98	START	1588153468661	1588153468661
REQUEST	98		Verify Block	1588153468662	1588153468780	OK	 
USER	Verify Block	98	END	1588153468661	1588153468780
USER	Verify Block	99	START	1588153469663	1588153469663
REQUEST	99		Verify Block	1588153469664	1588153469839	OK	 
USER	Verify Block	99	END	1588153469663	1588153469839
USER	Verify Block	100	START	1588153470663	1588153470663
REQUEST	100		Verify Block	1588153470664	1588153470851	OK	 
USER	Verify Block	100	END	1588153470663	1588153470852
USER	Verify Block	101	START	1588153471663	1588153471663
REQUEST	101		Verify Block	1588153471664	1588153471837	OK	 
USER	Verify Block	101	END	1588153471663	1588153471838
USER	Verify Block	102	START	1588153472661	1588153472661
REQUEST	102		Verify Block	1588153472662	1588153472780	OK	 
USER	Verify Block	102	END	1588153472661	1588153472780
USER	Verify Block	103	START	1588153473661	1588153473661
REQUEST	103		Verify Block	1588153473662	1588153473805	OK	 
USER	Verify Block	103	END	1588153473661	1588153473806
USER	Verify Block	104	START	1588153474661	1588153474661
REQUEST	104		Verify Block	1588153474662	1588153474751	OK	 
USER	Verify Block	104	END	1588153474661	1588153474752
USER	Verify Block	105	START	1588153475662	1588153475662
REQUEST	105		Verify Block	1588153475662	1588153475811	OK	 
USER	Verify Block	105	END	1588153475662	1588153475811
USER	Verify Block	106	START	1588153476661	1588153476661
REQUEST	106		Verify Block	1588153476662	1588153476796	OK	 
USER	Verify Block	106	END	1588153476661	1588153476796
USER	Verify Block	107	START	1588153477662	1588153477662
REQUEST	107		Verify Block	1588153477663	1588153477777	OK	 
USER	Verify Block	107	END	1588153477662	1588153477778
USER	Verify Block	108	START	1588153478661	1588153478661
REQUEST	108		Verify Block	1588153478662	1588153478801	OK	 
USER	Verify Block	108	END	1588153478661	1588153478802
USER	Verify Block	109	START	1588153479661	1588153479661
REQUEST	109		Verify Block	1588153479662	1588153479788	OK	 
USER	Verify Block	109	END	1588153479661	1588153479789
USER	Verify Block	110	START	1588153480661	1588153480661
REQUEST	110		Verify Block	1588153480662	1588153480777	OK	 
USER	Verify Block	110	END	1588153480661	1588153480777
USER	Verify Block	111	START	1588153481662	1588153481662
REQUEST	111		Verify Block	1588153481662	1588153481792	OK	 
USER	Verify Block	111	END	1588153481662	1588153481792
USER	Verify Block	112	START	1588153482663	1588153482663
REQUEST	112		Verify Block	1588153482664	1588153482794	OK	 
USER	Verify Block	112	END	1588153482663	1588153482795
USER	Verify Block	113	START	1588153483661	1588153483661
REQUEST	113		Verify Block	1588153483662	1588153483812	OK	 
USER	Verify Block	113	END	1588153483661	1588153483813
USER	Verify Block	114	START	1588153484661	1588153484661
REQUEST	114		Verify Block	1588153484662	1588153484783	OK	 
USER	Verify Block	114	END	1588153484661	1588153484784
USER	Verify Block	115	START	1588153485662	1588153485662
REQUEST	115		Verify Block	1588153485663	1588153485773	OK	 
USER	Verify Block	115	END	1588153485662	1588153485774
USER	Verify Block	116	START	1588153486663	1588153486663
REQUEST	116		Verify Block	1588153486663	1588153486798	OK	 
USER	Verify Block	116	END	1588153486663	1588153486799
USER	Verify Block	117	START	1588153487661	1588153487661
REQUEST	117		Verify Block	1588153487661	1588153487796	OK	 
USER	Verify Block	117	END	1588153487661	1588153487797
USER	Verify Block	118	START	1588153488662	1588153488662
REQUEST	118		Verify Block	1588153488663	1588153488802	OK	 
USER	Verify Block	118	END	1588153488662	1588153488802
USER	Verify Block	119	START	1588153489663	1588153489663
REQUEST	119		Verify Block	1588153489664	1588153489845	OK	 
USER	Verify Block	119	END	1588153489663	1588153489846
USER	Verify Block	120	START	1588153490662	1588153490662
REQUEST	120		Verify Block	1588153490662	1588153490801	OK	 
USER	Verify Block	120	END	1588153490662	1588153490802
USER	Verify Block	121	START	1588153491662	1588153491662
REQUEST	121		Verify Block	1588153491663	1588153491806	OK	 
USER	Verify Block	121	END	1588153491662	1588153491806
USER	Verify Block	122	START	1588153492661	1588153492661
REQUEST	122		Verify Block	1588153492662	1588153492775	OK	 
USER	Verify Block	122	END	1588153492661	1588153492776
USER	Verify Block	123	START	1588153493661	1588153493661
REQUEST	123		Verify Block	1588153493661	1588153493810	OK	 
USER	Verify Block	123	END	1588153493661	1588153493811
USER	Verify Block	124	START	1588153494663	1588153494663
REQUEST	124		Verify Block	1588153494664	1588153494786	OK	 
USER	Verify Block	124	END	1588153494663	1588153494786
USER	Verify Block	125	START	1588153495661	1588153495661
REQUEST	125		Verify Block	1588153495662	1588153495815	OK	 
USER	Verify Block	125	END	1588153495661	1588153495816
USER	Verify Block	126	START	1588153496662	1588153496662
REQUEST	126		Verify Block	1588153496669	1588153496801	OK	 
USER	Verify Block	126	END	1588153496662	1588153496801
USER	Verify Block	127	START	1588153497662	1588153497662
REQUEST	127		Verify Block	1588153497664	1588153497795	OK	 
USER	Verify Block	127	END	1588153497662	1588153497796
USER	Verify Block	128	START	1588153498661	1588153498661
REQUEST	128		Verify Block	1588153498663	1588153498805	OK	 
USER	Verify Block	128	END	1588153498661	1588153498807
USER	Verify Block	129	START	1588153499661	1588153499661
REQUEST	129		Verify Block	1588153499662	1588153499759	OK	 
USER	Verify Block	129	END	1588153499661	1588153499759
USER	Verify Block	130	START	1588153500661	1588153500661
REQUEST	130		Verify Block	1588153500662	1588153500772	OK	 
USER	Verify Block	130	END	1588153500661	1588153500773
USER	Verify Block	131	START	1588153501661	1588153501661
REQUEST	131		Verify Block	1588153501661	1588153501814	OK	 
USER	Verify Block	131	END	1588153501661	1588153501815
USER	Verify Block	132	START	1588153502663	1588153502663
REQUEST	132		Verify Block	1588153502664	1588153502761	OK	 
USER	Verify Block	132	END	1588153502663	1588153502762
USER	Verify Block	133	START	1588153503661	1588153503661
REQUEST	133		Verify Block	1588153503662	1588153503784	OK	 
USER	Verify Block	133	END	1588153503661	1588153503785
USER	Verify Block	134	START	1588153504662	1588153504662
REQUEST	134		Verify Block	1588153504662	1588153504789	OK	 
USER	Verify Block	134	END	1588153504662	1588153504790
USER	Verify Block	135	START	1588153505662	1588153505662
REQUEST	135		Verify Block	1588153505663	1588153505831	OK	 
USER	Verify Block	135	END	1588153505662	1588153505832
USER	Verify Block	136	START	1588153506661	1588153506661
REQUEST	136		Verify Block	1588153506661	1588153506788	OK	 
USER	Verify Block	136	END	1588153506661	1588153506789
USER	Verify Block	137	START	1588153507662	1588153507662
REQUEST	137		Verify Block	1588153507663	1588153507812	OK	 
USER	Verify Block	137	END	1588153507662	1588153507813
USER	Verify Block	138	START	1588153508662	1588153508662
REQUEST	138		Verify Block	1588153508663	1588153508811	OK	 
USER	Verify Block	138	END	1588153508662	1588153508812
USER	Verify Block	139	START	1588153509661	1588153509661
REQUEST	139		Verify Block	1588153509662	1588153509836	OK	 
USER	Verify Block	139	END	1588153509661	1588153509837
USER	Verify Block	140	START	1588153510663	1588153510663
REQUEST	140		Verify Block	1588153510664	1588153510795	OK	 
USER	Verify Block	140	END	1588153510663	1588153510795
USER	Verify Block	141	START	1588153511662	1588153511662
REQUEST	141		Verify Block	1588153511663	1588153511823	OK	 
USER	Verify Block	141	END	1588153511662	1588153511824
USER	Verify Block	142	START	1588153512661	1588153512661
REQUEST	142		Verify Block	1588153512662	1588153512804	OK	 
USER	Verify Block	142	END	1588153512661	1588153512805
USER	Verify Block	143	START	1588153513661	1588153513661
REQUEST	143		Verify Block	1588153513662	1588153513771	OK	 
USER	Verify Block	143	END	1588153513661	1588153513771
USER	Verify Block	144	START	1588153514661	1588153514661
REQUEST	144		Verify Block	1588153514662	1588153514849	OK	 
USER	Verify Block	144	END	1588153514661	1588153514850
USER	Verify Block	145	START	1588153515663	1588153515663
REQUEST	145		Verify Block	1588153515664	1588153515843	OK	 
USER	Verify Block	145	END	1588153515663	1588153515844
USER	Verify Block	146	START	1588153516661	1588153516661
REQUEST	146		Verify Block	1588153516662	1588153516801	OK	 
USER	Verify Block	146	END	1588153516661	1588153516801
USER	Verify Block	147	START	1588153517662	1588153517662
REQUEST	147		Verify Block	1588153517663	1588153517782	OK	 
USER	Verify Block	147	END	1588153517662	1588153517783
USER	Verify Block	148	START	1588153518661	1588153518661
REQUEST	148		Verify Block	1588153518662	1588153518809	OK	 
USER	Verify Block	148	END	1588153518661	1588153518810
USER	Verify Block	149	START	1588153519661	1588153519661
REQUEST	149		Verify Block	1588153519662	1588153519759	OK	 
USER	Verify Block	149	END	1588153519661	1588153519759
USER	Verify Block	150	START	1588153520663	1588153520663
REQUEST	150		Verify Block	1588153520664	1588153520830	OK	 
USER	Verify Block	150	END	1588153520663	1588153520830
USER	Verify Block	151	START	1588153521663	1588153521663
REQUEST	151		Verify Block	1588153521664	1588153521792	OK	 
USER	Verify Block	151	END	1588153521663	1588153521792
USER	Verify Block	152	START	1588153522661	1588153522661
REQUEST	152		Verify Block	1588153522662	1588153522775	OK	 
USER	Verify Block	152	END	1588153522661	1588153522776
USER	Verify Block	153	START	1588153523663	1588153523663
REQUEST	153		Verify Block	1588153523664	1588153523783	OK	 
USER	Verify Block	153	END	1588153523663	1588153523784
USER	Verify Block	154	START	1588153524661	1588153524661
REQUEST	154		Verify Block	1588153524662	1588153524775	OK	 
USER	Verify Block	154	END	1588153524661	1588153524776
USER	Verify Block	155	START	1588153525663	1588153525663
REQUEST	155		Verify Block	1588153525664	1588153525772	OK	 
USER	Verify Block	155	END	1588153525663	1588153525773
USER	Verify Block	156	START	1588153526661	1588153526661
REQUEST	156		Verify Block	1588153526662	1588153526780	OK	 
USER	Verify Block	156	END	1588153526661	1588153526781
USER	Verify Block	157	START	1588153527661	1588153527661
REQUEST	157		Verify Block	1588153527661	1588153527773	OK	 
USER	Verify Block	157	END	1588153527661	1588153527774
USER	Verify Block	158	START	1588153528663	1588153528663
REQUEST	158		Verify Block	1588153528663	1588153528894	OK	 
USER	Verify Block	158	END	1588153528663	1588153528895
USER	Verify Block	159	START	1588153529677	1588153529677
REQUEST	159		Verify Block	1588153529677	1588153529947	OK	 
USER	Verify Block	159	END	1588153529677	1588153529947
USER	Verify Block	160	START	1588153530661	1588153530661
REQUEST	160		Verify Block	1588153530662	1588153530787	OK	 
USER	Verify Block	160	END	1588153530661	1588153530788
USER	Verify Block	161	START	1588153531662	1588153531662
REQUEST	161		Verify Block	1588153531662	1588153531782	OK	 
USER	Verify Block	161	END	1588153531662	1588153531783
USER	Verify Block	162	START	1588153532661	1588153532661
REQUEST	162		Verify Block	1588153532662	1588153532798	OK	 
USER	Verify Block	162	END	1588153532661	1588153532799
USER	Verify Block	163	START	1588153533661	1588153533661
REQUEST	163		Verify Block	1588153533661	1588153533746	OK	 
USER	Verify Block	163	END	1588153533661	1588153533747
USER	Verify Block	164	START	1588153534662	1588153534662
REQUEST	164		Verify Block	1588153534663	1588153534768	OK	 
USER	Verify Block	164	END	1588153534662	1588153534768
USER	Verify Block	165	START	1588153535662	1588153535662
REQUEST	165		Verify Block	1588153535663	1588153535773	OK	 
USER	Verify Block	165	END	1588153535662	1588153535774
USER	Verify Block	166	START	1588153536662	1588153536662
REQUEST	166		Verify Block	1588153536663	1588153536820	OK	 
USER	Verify Block	166	END	1588153536662	1588153536821
USER	Verify Block	167	START	1588153537661	1588153537661
REQUEST	167		Verify Block	1588153537662	1588153537782	OK	 
USER	Verify Block	167	END	1588153537661	1588153537783
USER	Verify Block	168	START	1588153538661	1588153538661
REQUEST	168		Verify Block	1588153538662	1588153538740	OK	 
USER	Verify Block	168	END	1588153538661	1588153538741
USER	Verify Block	169	START	1588153539661	1588153539661
REQUEST	169		Verify Block	1588153539662	1588153539792	OK	 
USER	Verify Block	169	END	1588153539661	1588153539792
USER	Verify Block	170	START	1588153540662	1588153540662
REQUEST	170		Verify Block	1588153540663	1588153540788	OK	 
USER	Verify Block	170	END	1588153540662	1588153540789
USER	Verify Block	171	START	1588153541662	1588153541662
REQUEST	171		Verify Block	1588153541663	1588153541843	OK	 
USER	Verify Block	171	END	1588153541662	1588153541844
USER	Verify Block	172	START	1588153542662	1588153542662
REQUEST	172		Verify Block	1588153542663	1588153542796	OK	 
USER	Verify Block	172	END	1588153542662	1588153542797
USER	Verify Block	173	START	1588153543661	1588153543661
REQUEST	173		Verify Block	1588153543662	1588153543802	OK	 
USER	Verify Block	173	END	1588153543661	1588153543803
USER	Verify Block	174	START	1588153544662	1588153544662
REQUEST	174		Verify Block	1588153544662	1588153544825	OK	 
USER	Verify Block	174	END	1588153544662	1588153544825
USER	Verify Block	175	START	1588153545661	1588153545661
REQUEST	175		Verify Block	1588153545662	1588153545792	OK	 
USER	Verify Block	175	END	1588153545661	1588153545793
USER	Verify Block	176	START	1588153546662	1588153546662
REQUEST	176		Verify Block	1588153546663	1588153546831	OK	 
USER	Verify Block	176	END	1588153546662	1588153546832
USER	Verify Block	177	START	1588153547663	1588153547663
REQUEST	177		Verify Block	1588153547663	1588153547813	OK	 
USER	Verify Block	177	END	1588153547663	1588153547814
USER	Verify Block	178	START	1588153548661	1588153548661
REQUEST	178		Verify Block	1588153548663	1588153548807	OK	 
USER	Verify Block	178	END	1588153548661	1588153548807
USER	Verify Block	179	START	1588153549662	1588153549662
REQUEST	179		Verify Block	1588153549662	1588153549796	OK	 
USER	Verify Block	179	END	1588153549662	1588153549797
USER	Verify Block	180	START	1588153550662	1588153550662
REQUEST	180		Verify Block	1588153550663	1588153550787	OK	 
USER	Verify Block	180	END	1588153550662	1588153550788
USER	Verify Block	181	START	1588153551663	1588153551663
REQUEST	181		Verify Block	1588153551665	1588153551823	OK	 
USER	Verify Block	181	END	1588153551663	1588153551824
USER	Verify Block	182	START	1588153552663	1588153552663
REQUEST	182		Verify Block	1588153552667	1588153552785	OK	 
USER	Verify Block	182	END	1588153552663	1588153552786
USER	Verify Block	183	START	1588153553662	1588153553662
REQUEST	183		Verify Block	1588153553662	1588153553813	OK	 
USER	Verify Block	183	END	1588153553662	1588153553813
USER	Verify Block	184	START	1588153554661	1588153554661
REQUEST	184		Verify Block	1588153554662	1588153554802	OK	 
USER	Verify Block	184	END	1588153554661	1588153554802
USER	Verify Block	185	START	1588153555661	1588153555661
REQUEST	185		Verify Block	1588153555662	1588153555835	OK	 
USER	Verify Block	185	END	1588153555661	1588153555836
USER	Verify Block	186	START	1588153556662	1588153556662
REQUEST	186		Verify Block	1588153556662	1588153556817	OK	 
USER	Verify Block	186	END	1588153556662	1588153556817
USER	Verify Block	187	START	1588153557661	1588153557661
REQUEST	187		Verify Block	1588153557662	1588153557795	OK	 
USER	Verify Block	187	END	1588153557661	1588153557796
USER	Verify Block	188	START	1588153558664	1588153558664
REQUEST	188		Verify Block	1588153558665	1588153558843	OK	 
USER	Verify Block	188	END	1588153558664	1588153558844
USER	Verify Block	189	START	1588153559661	1588153559661
REQUEST	189		Verify Block	1588153559661	1588153559792	OK	 
USER	Verify Block	189	END	1588153559661	1588153559793
USER	Verify Block	190	START	1588153560661	1588153560661
REQUEST	190		Verify Block	1588153560662	1588153560825	OK	 
USER	Verify Block	190	END	1588153560661	1588153560825
USER	Verify Block	191	START	1588153561663	1588153561663
REQUEST	191		Verify Block	1588153561664	1588153561809	OK	 
USER	Verify Block	191	END	1588153561663	1588153561809
USER	Verify Block	192	START	1588153562662	1588153562662
REQUEST	192		Verify Block	1588153562663	1588153562807	OK	 
USER	Verify Block	192	END	1588153562662	1588153562807
USER	Verify Block	193	START	1588153563664	1588153563664
REQUEST	193		Verify Block	1588153563665	1588153563836	OK	 
USER	Verify Block	193	END	1588153563664	1588153563837
USER	Verify Block	194	START	1588153564662	1588153564662
REQUEST	194		Verify Block	1588153564663	1588153564814	OK	 
USER	Verify Block	194	END	1588153564662	1588153564814
USER	Verify Block	195	START	1588153565661	1588153565661
REQUEST	195		Verify Block	1588153565662	1588153565827	OK	 
USER	Verify Block	195	END	1588153565661	1588153565828
USER	Verify Block	196	START	1588153566662	1588153566662
REQUEST	196		Verify Block	1588153566663	1588153566877	OK	 
USER	Verify Block	196	END	1588153566662	1588153566878
USER	Verify Block	197	START	1588153567662	1588153567662
REQUEST	197		Verify Block	1588153567662	1588153567824	OK	 
USER	Verify Block	197	END	1588153567662	1588153567825
USER	Verify Block	198	START	1588153568663	1588153568663
REQUEST	198		Verify Block	1588153568663	1588153568848	OK	 
USER	Verify Block	198	END	1588153568663	1588153568848
USER	Verify Block	199	START	1588153569662	1588153569662
REQUEST	199		Verify Block	1588153569662	1588153569853	OK	 
USER	Verify Block	199	END	1588153569662	1588153569853
USER	Verify Block	200	START	1588153570661	1588153570661
REQUEST	200		Verify Block	1588153570662	1588153570790	OK	 
USER	Verify Block	200	END	1588153570661	1588153570791
USER	Verify Block	201	START	1588153571661	1588153571661
REQUEST	201		Verify Block	1588153571662	1588153571801	OK	 
USER	Verify Block	201	END	1588153571661	1588153571802
USER	Verify Block	202	START	1588153572673	1588153572673
REQUEST	202		Verify Block	1588153572673	1588153572825	OK	 
USER	Verify Block	202	END	1588153572673	1588153572826
USER	Verify Block	203	START	1588153573661	1588153573661
REQUEST	203		Verify Block	1588153573661	1588153573802	OK	 
USER	Verify Block	203	END	1588153573661	1588153573802
USER	Verify Block	204	START	1588153574661	1588153574661
REQUEST	204		Verify Block	1588153574661	1588153574758	OK	 
USER	Verify Block	204	END	1588153574661	1588153574760
USER	Verify Block	205	START	1588153575661	1588153575661
REQUEST	205		Verify Block	1588153575661	1588153575791	OK	 
USER	Verify Block	205	END	1588153575661	1588153575791
USER	Verify Block	206	START	1588153576662	1588153576662
REQUEST	206		Verify Block	1588153576663	1588153576796	OK	 
USER	Verify Block	206	END	1588153576662	1588153576797
USER	Verify Block	207	START	1588153577661	1588153577661
REQUEST	207		Verify Block	1588153577662	1588153577767	OK	 
USER	Verify Block	207	END	1588153577661	1588153577768
USER	Verify Block	208	START	1588153578662	1588153578662
REQUEST	208		Verify Block	1588153578662	1588153578797	OK	 
USER	Verify Block	208	END	1588153578662	1588153578798
USER	Verify Block	209	START	1588153579662	1588153579662
REQUEST	209		Verify Block	1588153579662	1588153579842	OK	 
USER	Verify Block	209	END	1588153579662	1588153579842
USER	Verify Block	210	START	1588153580663	1588153580663
REQUEST	210		Verify Block	1588153580664	1588153580789	OK	 
USER	Verify Block	210	END	1588153580663	1588153580791
USER	Verify Block	211	START	1588153581662	1588153581662
REQUEST	211		Verify Block	1588153581663	1588153581818	OK	 
USER	Verify Block	211	END	1588153581662	1588153581819
USER	Verify Block	212	START	1588153582662	1588153582662
REQUEST	212		Verify Block	1588153582662	1588153582785	OK	 
USER	Verify Block	212	END	1588153582662	1588153582786
USER	Verify Block	213	START	1588153583662	1588153583662
REQUEST	213		Verify Block	1588153583663	1588153583830	OK	 
USER	Verify Block	213	END	1588153583662	1588153583831
USER	Verify Block	214	START	1588153584663	1588153584663
REQUEST	214		Verify Block	1588153584663	1588153584809	OK	 
USER	Verify Block	214	END	1588153584663	1588153584809
USER	Verify Block	215	START	1588153585662	1588153585662
REQUEST	215		Verify Block	1588153585663	1588153585788	OK	 
USER	Verify Block	215	END	1588153585662	1588153585788
USER	Verify Block	216	START	1588153586661	1588153586661
REQUEST	216		Verify Block	1588153586662	1588153586789	OK	 
USER	Verify Block	216	END	1588153586661	1588153586789
USER	Verify Block	217	START	1588153587660	1588153587660
REQUEST	217		Verify Block	1588153587661	1588153587787	OK	 
USER	Verify Block	217	END	1588153587660	1588153587788
USER	Verify Block	218	START	1588153588671	1588153588671
REQUEST	218		Verify Block	1588153588672	1588153588803	OK	 
USER	Verify Block	218	END	1588153588671	1588153588804
USER	Verify Block	219	START	1588153589661	1588153589661
REQUEST	219		Verify Block	1588153589662	1588153589801	OK	 
USER	Verify Block	219	END	1588153589661	1588153589801
USER	Verify Block	220	START	1588153590662	1588153590662
REQUEST	220		Verify Block	1588153590662	1588153590762	OK	 
USER	Verify Block	220	END	1588153590662	1588153590762
USER	Verify Block	221	START	1588153591662	1588153591662
REQUEST	221		Verify Block	1588153591663	1588153591747	OK	 
USER	Verify Block	221	END	1588153591662	1588153591748
USER	Verify Block	222	START	1588153592663	1588153592663
REQUEST	222		Verify Block	1588153592663	1588153592779	OK	 
USER	Verify Block	222	END	1588153592663	1588153592779
USER	Verify Block	223	START	1588153593662	1588153593662
REQUEST	223		Verify Block	1588153593663	1588153593787	OK	 
USER	Verify Block	223	END	1588153593662	1588153593787
USER	Verify Block	224	START	1588153594661	1588153594661
REQUEST	224		Verify Block	1588153594662	1588153594772	OK	 
USER	Verify Block	224	END	1588153594661	1588153594773
USER	Verify Block	225	START	1588153595663	1588153595663
REQUEST	225		Verify Block	1588153595664	1588153595802	OK	 
USER	Verify Block	225	END	1588153595663	1588153595803
USER	Verify Block	226	START	1588153596661	1588153596661
REQUEST	226		Verify Block	1588153596662	1588153596806	OK	 
USER	Verify Block	226	END	1588153596661	1588153596806
USER	Verify Block	227	START	1588153597663	1588153597663
REQUEST	227		Verify Block	1588153597663	1588153597814	OK	 
USER	Verify Block	227	END	1588153597663	1588153597815
USER	Verify Block	228	START	1588153598661	1588153598661
REQUEST	228		Verify Block	1588153598662	1588153598777	OK	 
USER	Verify Block	228	END	1588153598661	1588153598777
USER	Verify Block	229	START	1588153599661	1588153599661
REQUEST	229		Verify Block	1588153599661	1588153599762	OK	 
USER	Verify Block	229	END	1588153599661	1588153599762
USER	Verify Block	230	START	1588153600661	1588153600661
REQUEST	230		Verify Block	1588153600662	1588153600782	OK	 
USER	Verify Block	230	END	1588153600661	1588153600783
USER	Verify Block	231	START	1588153601664	1588153601664
REQUEST	231		Verify Block	1588153601664	1588153601784	OK	 
USER	Verify Block	231	END	1588153601664	1588153601785
USER	Verify Block	232	START	1588153602661	1588153602661
REQUEST	232		Verify Block	1588153602661	1588153602797	OK	 
USER	Verify Block	232	END	1588153602661	1588153602798
USER	Verify Block	233	START	1588153603661	1588153603661
REQUEST	233		Verify Block	1588153603662	1588153603780	OK	 
USER	Verify Block	233	END	1588153603661	1588153603781
USER	Verify Block	234	START	1588153604663	1588153604663
REQUEST	234		Verify Block	1588153604664	1588153604808	OK	 
USER	Verify Block	234	END	1588153604663	1588153604809
USER	Verify Block	235	START	1588153605661	1588153605661
REQUEST	235		Verify Block	1588153605662	1588153605806	OK	 
USER	Verify Block	235	END	1588153605661	1588153605807
USER	Verify Block	236	START	1588153606662	1588153606662
REQUEST	236		Verify Block	1588153606662	1588153606833	OK	 
USER	Verify Block	236	END	1588153606662	1588153606833
USER	Verify Block	237	START	1588153607661	1588153607661
REQUEST	237		Verify Block	1588153607661	1588153607783	OK	 
USER	Verify Block	237	END	1588153607661	1588153607784
USER	Verify Block	238	START	1588153608661	1588153608661
REQUEST	238		Verify Block	1588153608662	1588153608815	OK	 
USER	Verify Block	238	END	1588153608661	1588153608816
USER	Verify Block	239	START	1588153609661	1588153609661
REQUEST	239		Verify Block	1588153609662	1588153609795	OK	 
USER	Verify Block	239	END	1588153609661	1588153609796
USER	Verify Block	240	START	1588153610661	1588153610661
REQUEST	240		Verify Block	1588153610662	1588153610756	OK	 
USER	Verify Block	240	END	1588153610661	1588153610757
USER	Verify Block	241	START	1588153611662	1588153611662
REQUEST	241		Verify Block	1588153611662	1588153611762	OK	 
USER	Verify Block	241	END	1588153611662	1588153611763
USER	Verify Block	242	START	1588153612661	1588153612661
REQUEST	242		Verify Block	1588153612662	1588153612763	OK	 
USER	Verify Block	242	END	1588153612661	1588153612764
USER	Verify Block	243	START	1588153613661	1588153613661
REQUEST	243		Verify Block	1588153613662	1588153613809	OK	 
USER	Verify Block	243	END	1588153613661	1588153613810
USER	Verify Block	244	START	1588153614661	1588153614661
REQUEST	244		Verify Block	1588153614662	1588153614764	OK	 
USER	Verify Block	244	END	1588153614661	1588153614765
USER	Verify Block	245	START	1588153615661	1588153615661
REQUEST	245		Verify Block	1588153615662	1588153615823	OK	 
USER	Verify Block	245	END	1588153615661	1588153615823
USER	Verify Block	246	START	1588153616661	1588153616661
REQUEST	246		Verify Block	1588153616661	1588153616820	OK	 
USER	Verify Block	246	END	1588153616661	1588153616821
USER	Verify Block	247	START	1588153617662	1588153617662
REQUEST	247		Verify Block	1588153617663	1588153617785	OK	 
USER	Verify Block	247	END	1588153617662	1588153617785
USER	Verify Block	248	START	1588153618662	1588153618662
REQUEST	248		Verify Block	1588153618663	1588153618774	OK	 
USER	Verify Block	248	END	1588153618662	1588153618775
USER	Verify Block	249	START	1588153619661	1588153619661
REQUEST	249		Verify Block	1588153619662	1588153619783	OK	 
USER	Verify Block	249	END	1588153619661	1588153619784
USER	Verify Block	250	START	1588153620661	1588153620661
REQUEST	250		Verify Block	1588153620662	1588153621076	OK	 
USER	Verify Block	250	END	1588153620661	1588153621077
USER	Verify Block	251	START	1588153621661	1588153621661
REQUEST	251		Verify Block	1588153621662	1588153621784	OK	 
USER	Verify Block	251	END	1588153621661	1588153621785
USER	Verify Block	252	START	1588153622663	1588153622663
REQUEST	252		Verify Block	1588153622664	1588153622804	OK	 
USER	Verify Block	252	END	1588153622663	1588153622804
USER	Verify Block	253	START	1588153623661	1588153623661
REQUEST	253		Verify Block	1588153623662	1588153623775	OK	 
USER	Verify Block	253	END	1588153623661	1588153623775
USER	Verify Block	254	START	1588153624661	1588153624661
REQUEST	254		Verify Block	1588153624662	1588153624763	OK	 
USER	Verify Block	254	END	1588153624661	1588153624764
USER	Verify Block	255	START	1588153625661	1588153625661
REQUEST	255		Verify Block	1588153625662	1588153625753	OK	 
USER	Verify Block	255	END	1588153625661	1588153625755
USER	Verify Block	256	START	1588153626661	1588153626661
REQUEST	256		Verify Block	1588153626662	1588153626794	OK	 
USER	Verify Block	256	END	1588153626661	1588153626796
USER	Verify Block	257	START	1588153627661	1588153627661
REQUEST	257		Verify Block	1588153627662	1588153627759	OK	 
USER	Verify Block	257	END	1588153627661	1588153627759
USER	Verify Block	258	START	1588153628661	1588153628661
REQUEST	258		Verify Block	1588153628661	1588153628762	OK	 
USER	Verify Block	258	END	1588153628661	1588153628762
USER	Verify Block	259	START	1588153629661	1588153629661
REQUEST	259		Verify Block	1588153629661	1588153629777	OK	 
USER	Verify Block	259	END	1588153629661	1588153629778
USER	Verify Block	260	START	1588153630661	1588153630661
REQUEST	260		Verify Block	1588153630661	1588153630776	OK	 
USER	Verify Block	260	END	1588153630661	1588153630777
USER	Verify Block	261	START	1588153631661	1588153631661
REQUEST	261		Verify Block	1588153631661	1588153631768	OK	 
USER	Verify Block	261	END	1588153631661	1588153631769
USER	Verify Block	262	START	1588153632662	1588153632662
REQUEST	262		Verify Block	1588153632662	1588153632780	OK	 
USER	Verify Block	262	END	1588153632662	1588153632780
USER	Verify Block	263	START	1588153633662	1588153633662
REQUEST	263		Verify Block	1588153633662	1588153633763	OK	 
USER	Verify Block	263	END	1588153633662	1588153633763
USER	Verify Block	264	START	1588153634661	1588153634661
REQUEST	264		Verify Block	1588153634662	1588153634817	OK	 
USER	Verify Block	264	END	1588153634661	1588153634818
USER	Verify Block	265	START	1588153635661	1588153635661
REQUEST	265		Verify Block	1588153635661	1588153635803	OK	 
USER	Verify Block	265	END	1588153635661	1588153635803
USER	Verify Block	266	START	1588153636661	1588153636661
REQUEST	266		Verify Block	1588153636661	1588153636840	OK	 
USER	Verify Block	266	END	1588153636661	1588153636840
USER	Verify Block	267	START	1588153637662	1588153637662
REQUEST	267		Verify Block	1588153637663	1588153637797	OK	 
USER	Verify Block	267	END	1588153637662	1588153637798
USER	Verify Block	268	START	1588153638661	1588153638661
REQUEST	268		Verify Block	1588153638661	1588153638844	OK	 
USER	Verify Block	268	END	1588153638661	1588153638844
USER	Verify Block	269	START	1588153639663	1588153639663
REQUEST	269		Verify Block	1588153639663	1588153639800	OK	 
USER	Verify Block	269	END	1588153639663	1588153639801
USER	Verify Block	270	START	1588153640664	1588153640664
REQUEST	270		Verify Block	1588153640664	1588153640820	OK	 
USER	Verify Block	270	END	1588153640664	1588153640821
USER	Verify Block	271	START	1588153641661	1588153641661
REQUEST	271		Verify Block	1588153641662	1588153641841	OK	 
USER	Verify Block	271	END	1588153641661	1588153641841
USER	Verify Block	272	START	1588153642662	1588153642662
REQUEST	272		Verify Block	1588153642662	1588153642790	OK	 
USER	Verify Block	272	END	1588153642662	1588153642791
USER	Verify Block	273	START	1588153643662	1588153643662
REQUEST	273		Verify Block	1588153643663	1588153643801	OK	 
USER	Verify Block	273	END	1588153643662	1588153643801
USER	Verify Block	274	START	1588153644671	1588153644671
REQUEST	274		Verify Block	1588153644672	1588153644897	OK	 
USER	Verify Block	274	END	1588153644671	1588153644898
USER	Verify Block	275	START	1588153645661	1588153645661
REQUEST	275		Verify Block	1588153645662	1588153645809	OK	 
USER	Verify Block	275	END	1588153645661	1588153645810
USER	Verify Block	276	START	1588153646661	1588153646661
REQUEST	276		Verify Block	1588153646662	1588153646833	OK	 
USER	Verify Block	276	END	1588153646661	1588153646834
USER	Verify Block	277	START	1588153647661	1588153647661
REQUEST	277		Verify Block	1588153647662	1588153647780	OK	 
USER	Verify Block	277	END	1588153647661	1588153647781
USER	Verify Block	278	START	1588153648661	1588153648661
REQUEST	278		Verify Block	1588153648662	1588153648763	OK	 
USER	Verify Block	278	END	1588153648661	1588153648764
USER	Verify Block	279	START	1588153649662	1588153649662
REQUEST	279		Verify Block	1588153649663	1588153649768	OK	 
USER	Verify Block	279	END	1588153649662	1588153649769
USER	Verify Block	280	START	1588153650661	1588153650661
REQUEST	280		Verify Block	1588153650662	1588153650908	OK	 
USER	Verify Block	280	END	1588153650661	1588153650908
USER	Verify Block	281	START	1588153651662	1588153651662
REQUEST	281		Verify Block	1588153651662	1588153651754	OK	 
USER	Verify Block	281	END	1588153651662	1588153651754
USER	Verify Block	282	START	1588153652661	1588153652661
REQUEST	282		Verify Block	1588153652662	1588153652748	OK	 
USER	Verify Block	282	END	1588153652661	1588153652749
USER	Verify Block	283	START	1588153653663	1588153653663
REQUEST	283		Verify Block	1588153653664	1588153653763	OK	 
USER	Verify Block	283	END	1588153653663	1588153653764
USER	Verify Block	284	START	1588153654661	1588153654661
REQUEST	284		Verify Block	1588153654662	1588153654790	OK	 
USER	Verify Block	284	END	1588153654661	1588153654791
USER	Verify Block	285	START	1588153655663	1588153655663
REQUEST	285		Verify Block	1588153655664	1588153655780	OK	 
USER	Verify Block	285	END	1588153655663	1588153655781
USER	Verify Block	286	START	1588153656664	1588153656664
REQUEST	286		Verify Block	1588153656665	1588153656797	OK	 
USER	Verify Block	286	END	1588153656664	1588153656798
USER	Verify Block	287	START	1588153657663	1588153657663
REQUEST	287		Verify Block	1588153657666	1588153657802	OK	 
USER	Verify Block	287	END	1588153657663	1588153657803
USER	Verify Block	288	START	1588153658662	1588153658662
REQUEST	288		Verify Block	1588153658662	1588153658780	OK	 
USER	Verify Block	288	END	1588153658662	1588153658781
USER	Verify Block	289	START	1588153659662	1588153659662
REQUEST	289		Verify Block	1588153659663	1588153659767	OK	 
USER	Verify Block	289	END	1588153659662	1588153659768
USER	Verify Block	290	START	1588153660661	1588153660661
REQUEST	290		Verify Block	1588153660662	1588153660785	OK	 
USER	Verify Block	290	END	1588153660661	1588153660786
USER	Verify Block	291	START	1588153661663	1588153661663
REQUEST	291		Verify Block	1588153661664	1588153661777	OK	 
USER	Verify Block	291	END	1588153661663	1588153661777
USER	Verify Block	292	START	1588153662662	1588153662662
REQUEST	292		Verify Block	1588153662663	1588153662783	OK	 
USER	Verify Block	292	END	1588153662662	1588153662784
USER	Verify Block	293	START	1588153663663	1588153663663
REQUEST	293		Verify Block	1588153663664	1588153663841	OK	 
USER	Verify Block	293	END	1588153663663	1588153663842
USER	Verify Block	294	START	1588153664662	1588153664662
REQUEST	294		Verify Block	1588153664663	1588153664789	OK	 
USER	Verify Block	294	END	1588153664662	1588153664790
USER	Verify Block	295	START	1588153665661	1588153665661
REQUEST	295		Verify Block	1588153665662	1588153665809	OK	 
USER	Verify Block	295	END	1588153665661	1588153665809
USER	Verify Block	296	START	1588153666662	1588153666662
REQUEST	296		Verify Block	1588153666662	1588153666787	OK	 
USER	Verify Block	296	END	1588153666662	1588153666788
USER	Verify Block	297	START	1588153667661	1588153667661
REQUEST	297		Verify Block	1588153667661	1588153667804	OK	 
USER	Verify Block	297	END	1588153667661	1588153667804
USER	Verify Block	298	START	1588153668662	1588153668662
REQUEST	298		Verify Block	1588153668662	1588153668809	OK	 
USER	Verify Block	298	END	1588153668662	1588153668810
USER	Verify Block	299	START	1588153669661	1588153669661
REQUEST	299		Verify Block	1588153669662	1588153669793	OK	 
USER	Verify Block	299	END	1588153669661	1588153669794
USER	Verify Block	300	START	1588153670663	1588153670663
REQUEST	300		Verify Block	1588153670663	1588153670794	OK	 
USER	Verify Block	300	END	1588153670663	1588153670795
