RUN	computerdatabase.ProveOwner	proveowner	1588019438784	Prove ownership 1 user/sec	3.3.1
USER	Prove Ownership	1	START	1588019440353	1588019440353
REQUEST	1		Prove Owner	1588019440402	1588019440682	OK	 
USER	Prove Ownership	1	END	1588019440353	1588019440704
USER	Prove Ownership	2	START	1588019441359	1588019441359
REQUEST	2		Prove Owner	1588019441361	1588019441454	OK	 
USER	Prove Ownership	2	END	1588019441359	1588019441455
USER	Prove Ownership	3	START	1588019442359	1588019442359
REQUEST	3		Prove Owner	1588019442360	1588019442512	OK	 
USER	Prove Ownership	3	END	1588019442359	1588019442513
USER	Prove Ownership	4	START	1588019443349	1588019443349
REQUEST	4		Prove Owner	1588019443351	1588019443466	OK	 
USER	Prove Ownership	4	END	1588019443349	1588019443467
USER	Prove Ownership	5	START	1588019444351	1588019444351
REQUEST	5		Prove Owner	1588019444353	1588019444431	OK	 
USER	Prove Ownership	5	END	1588019444351	1588019444432
USER	Prove Ownership	6	START	1588019445349	1588019445349
REQUEST	6		Prove Owner	1588019445350	1588019445434	OK	 
USER	Prove Ownership	6	END	1588019445349	1588019445435
USER	Prove Ownership	7	START	1588019446350	1588019446350
REQUEST	7		Prove Owner	1588019446351	1588019446415	OK	 
USER	Prove Ownership	7	END	1588019446350	1588019446416
USER	Prove Ownership	8	START	1588019447349	1588019447349
REQUEST	8		Prove Owner	1588019447351	1588019447418	OK	 
USER	Prove Ownership	8	END	1588019447349	1588019447419
USER	Prove Ownership	9	START	1588019448350	1588019448350
REQUEST	9		Prove Owner	1588019448351	1588019448415	OK	 
USER	Prove Ownership	9	END	1588019448350	1588019448416
USER	Prove Ownership	10	START	1588019449349	1588019449349
REQUEST	10		Prove Owner	1588019449350	1588019449430	OK	 
USER	Prove Ownership	10	END	1588019449349	1588019449433
USER	Prove Ownership	11	START	1588019450349	1588019450349
REQUEST	11		Prove Owner	1588019450350	1588019450421	OK	 
USER	Prove Ownership	11	END	1588019450349	1588019450422
USER	Prove Ownership	12	START	1588019451351	1588019451351
REQUEST	12		Prove Owner	1588019451352	1588019451416	OK	 
USER	Prove Ownership	12	END	1588019451351	1588019451417
USER	Prove Ownership	13	START	1588019452350	1588019452350
REQUEST	13		Prove Owner	1588019452351	1588019452416	OK	 
USER	Prove Ownership	13	END	1588019452350	1588019452417
USER	Prove Ownership	14	START	1588019453348	1588019453348
REQUEST	14		Prove Owner	1588019453350	1588019453417	OK	 
USER	Prove Ownership	14	END	1588019453348	1588019453418
USER	Prove Ownership	15	START	1588019454350	1588019454350
REQUEST	15		Prove Owner	1588019454351	1588019454411	OK	 
USER	Prove Ownership	15	END	1588019454350	1588019454412
USER	Prove Ownership	16	START	1588019455350	1588019455350
REQUEST	16		Prove Owner	1588019455351	1588019455417	OK	 
USER	Prove Ownership	16	END	1588019455350	1588019455418
USER	Prove Ownership	17	START	1588019456349	1588019456349
REQUEST	17		Prove Owner	1588019456350	1588019456413	OK	 
USER	Prove Ownership	17	END	1588019456349	1588019456413
USER	Prove Ownership	18	START	1588019457349	1588019457349
REQUEST	18		Prove Owner	1588019457350	1588019457416	OK	 
USER	Prove Ownership	18	END	1588019457349	1588019457417
USER	Prove Ownership	19	START	1588019458351	1588019458351
REQUEST	19		Prove Owner	1588019458352	1588019458429	OK	 
USER	Prove Ownership	19	END	1588019458351	1588019458430
USER	Prove Ownership	20	START	1588019459349	1588019459349
REQUEST	20		Prove Owner	1588019459350	1588019459484	OK	 
USER	Prove Ownership	20	END	1588019459349	1588019459486
USER	Prove Ownership	21	START	1588019460348	1588019460348
REQUEST	21		Prove Owner	1588019460349	1588019460418	OK	 
USER	Prove Ownership	21	END	1588019460348	1588019460419
USER	Prove Ownership	22	START	1588019461348	1588019461348
REQUEST	22		Prove Owner	1588019461349	1588019461408	OK	 
USER	Prove Ownership	22	END	1588019461348	1588019461409
USER	Prove Ownership	23	START	1588019462350	1588019462350
REQUEST	23		Prove Owner	1588019462352	1588019462410	OK	 
USER	Prove Ownership	23	END	1588019462350	1588019462411
USER	Prove Ownership	24	START	1588019463350	1588019463350
REQUEST	24		Prove Owner	1588019463351	1588019463412	OK	 
USER	Prove Ownership	24	END	1588019463350	1588019463413
USER	Prove Ownership	25	START	1588019464350	1588019464350
REQUEST	25		Prove Owner	1588019464352	1588019464414	OK	 
USER	Prove Ownership	25	END	1588019464350	1588019464415
USER	Prove Ownership	26	START	1588019465350	1588019465350
REQUEST	26		Prove Owner	1588019465350	1588019465410	OK	 
USER	Prove Ownership	26	END	1588019465350	1588019465411
USER	Prove Ownership	27	START	1588019466348	1588019466348
REQUEST	27		Prove Owner	1588019466349	1588019466412	OK	 
USER	Prove Ownership	27	END	1588019466348	1588019466413
USER	Prove Ownership	28	START	1588019467350	1588019467350
REQUEST	28		Prove Owner	1588019467354	1588019467416	OK	 
USER	Prove Ownership	28	END	1588019467350	1588019467417
USER	Prove Ownership	29	START	1588019468351	1588019468351
REQUEST	29		Prove Owner	1588019468352	1588019468413	OK	 
USER	Prove Ownership	29	END	1588019468351	1588019468414
USER	Prove Ownership	30	START	1588019469351	1588019469351
REQUEST	30		Prove Owner	1588019469352	1588019469414	OK	 
USER	Prove Ownership	30	END	1588019469351	1588019469415
USER	Prove Ownership	31	START	1588019470350	1588019470350
REQUEST	31		Prove Owner	1588019470350	1588019470419	OK	 
USER	Prove Ownership	31	END	1588019470350	1588019470420
USER	Prove Ownership	32	START	1588019471351	1588019471351
REQUEST	32		Prove Owner	1588019471351	1588019471397	OK	 
USER	Prove Ownership	32	END	1588019471351	1588019471397
USER	Prove Ownership	33	START	1588019472351	1588019472351
REQUEST	33		Prove Owner	1588019472351	1588019472402	OK	 
USER	Prove Ownership	33	END	1588019472351	1588019472403
USER	Prove Ownership	34	START	1588019473350	1588019473350
REQUEST	34		Prove Owner	1588019473350	1588019473409	OK	 
USER	Prove Ownership	34	END	1588019473350	1588019473409
USER	Prove Ownership	35	START	1588019474349	1588019474349
REQUEST	35		Prove Owner	1588019474350	1588019474398	OK	 
USER	Prove Ownership	35	END	1588019474349	1588019474399
USER	Prove Ownership	36	START	1588019475348	1588019475348
REQUEST	36		Prove Owner	1588019475349	1588019475396	OK	 
USER	Prove Ownership	36	END	1588019475348	1588019475397
USER	Prove Ownership	37	START	1588019476350	1588019476350
REQUEST	37		Prove Owner	1588019476350	1588019476397	OK	 
USER	Prove Ownership	37	END	1588019476350	1588019476398
USER	Prove Ownership	38	START	1588019477350	1588019477350
REQUEST	38		Prove Owner	1588019477351	1588019477395	OK	 
USER	Prove Ownership	38	END	1588019477350	1588019477396
USER	Prove Ownership	39	START	1588019478350	1588019478350
REQUEST	39		Prove Owner	1588019478350	1588019478400	OK	 
USER	Prove Ownership	39	END	1588019478350	1588019478401
USER	Prove Ownership	40	START	1588019479351	1588019479351
REQUEST	40		Prove Owner	1588019479351	1588019479403	OK	 
USER	Prove Ownership	40	END	1588019479351	1588019479404
USER	Prove Ownership	41	START	1588019480349	1588019480349
REQUEST	41		Prove Owner	1588019480350	1588019480424	OK	 
USER	Prove Ownership	41	END	1588019480349	1588019480425
USER	Prove Ownership	42	START	1588019481350	1588019481350
REQUEST	42		Prove Owner	1588019481351	1588019481410	OK	 
USER	Prove Ownership	42	END	1588019481350	1588019481410
USER	Prove Ownership	43	START	1588019482351	1588019482351
REQUEST	43		Prove Owner	1588019482352	1588019482414	OK	 
USER	Prove Ownership	43	END	1588019482351	1588019482414
USER	Prove Ownership	44	START	1588019483351	1588019483351
REQUEST	44		Prove Owner	1588019483354	1588019483428	OK	 
USER	Prove Ownership	44	END	1588019483351	1588019483428
USER	Prove Ownership	45	START	1588019484350	1588019484350
REQUEST	45		Prove Owner	1588019484355	1588019484436	OK	 
USER	Prove Ownership	45	END	1588019484350	1588019484437
USER	Prove Ownership	46	START	1588019485349	1588019485349
REQUEST	46		Prove Owner	1588019485352	1588019485435	OK	 
USER	Prove Ownership	46	END	1588019485349	1588019485436
USER	Prove Ownership	47	START	1588019486349	1588019486349
REQUEST	47		Prove Owner	1588019486352	1588019486434	OK	 
USER	Prove Ownership	47	END	1588019486349	1588019486435
USER	Prove Ownership	48	START	1588019487350	1588019487350
REQUEST	48		Prove Owner	1588019487352	1588019487435	OK	 
USER	Prove Ownership	48	END	1588019487350	1588019487436
USER	Prove Ownership	49	START	1588019488349	1588019488349
REQUEST	49		Prove Owner	1588019488351	1588019488446	OK	 
USER	Prove Ownership	49	END	1588019488349	1588019488446
USER	Prove Ownership	50	START	1588019489350	1588019489350
REQUEST	50		Prove Owner	1588019489351	1588019489447	OK	 
USER	Prove Ownership	50	END	1588019489350	1588019489448
USER	Prove Ownership	51	START	1588019490349	1588019490349
REQUEST	51		Prove Owner	1588019490350	1588019490447	OK	 
USER	Prove Ownership	51	END	1588019490349	1588019490447
USER	Prove Ownership	52	START	1588019491349	1588019491349
REQUEST	52		Prove Owner	1588019491350	1588019491436	OK	 
USER	Prove Ownership	52	END	1588019491349	1588019491437
USER	Prove Ownership	53	START	1588019492349	1588019492349
REQUEST	53		Prove Owner	1588019492350	1588019492443	OK	 
USER	Prove Ownership	53	END	1588019492349	1588019492444
USER	Prove Ownership	54	START	1588019493349	1588019493349
REQUEST	54		Prove Owner	1588019493350	1588019493435	OK	 
USER	Prove Ownership	54	END	1588019493349	1588019493436
USER	Prove Ownership	55	START	1588019494349	1588019494349
REQUEST	55		Prove Owner	1588019494350	1588019494436	OK	 
USER	Prove Ownership	55	END	1588019494349	1588019494437
USER	Prove Ownership	56	START	1588019495350	1588019495350
REQUEST	56		Prove Owner	1588019495351	1588019495441	OK	 
USER	Prove Ownership	56	END	1588019495350	1588019495442
USER	Prove Ownership	57	START	1588019496350	1588019496350
REQUEST	57		Prove Owner	1588019496351	1588019496439	OK	 
USER	Prove Ownership	57	END	1588019496350	1588019496440
USER	Prove Ownership	58	START	1588019497348	1588019497348
REQUEST	58		Prove Owner	1588019497349	1588019497431	OK	 
USER	Prove Ownership	58	END	1588019497348	1588019497432
USER	Prove Ownership	59	START	1588019498349	1588019498349
REQUEST	59		Prove Owner	1588019498350	1588019498441	OK	 
USER	Prove Ownership	59	END	1588019498349	1588019498442
USER	Prove Ownership	60	START	1588019499349	1588019499349
REQUEST	60		Prove Owner	1588019499350	1588019499434	OK	 
USER	Prove Ownership	60	END	1588019499349	1588019499435
USER	Prove Ownership	61	START	1588019500348	1588019500348
REQUEST	61		Prove Owner	1588019500349	1588019500454	OK	 
USER	Prove Ownership	61	END	1588019500348	1588019500454
USER	Prove Ownership	62	START	1588019501349	1588019501349
REQUEST	62		Prove Owner	1588019501350	1588019501446	OK	 
USER	Prove Ownership	62	END	1588019501349	1588019501447
USER	Prove Ownership	63	START	1588019502349	1588019502349
REQUEST	63		Prove Owner	1588019502350	1588019502413	OK	 
USER	Prove Ownership	63	END	1588019502349	1588019502413
USER	Prove Ownership	64	START	1588019503348	1588019503348
REQUEST	64		Prove Owner	1588019503349	1588019503415	OK	 
USER	Prove Ownership	64	END	1588019503348	1588019503415
USER	Prove Ownership	65	START	1588019504349	1588019504349
REQUEST	65		Prove Owner	1588019504350	1588019504414	OK	 
USER	Prove Ownership	65	END	1588019504349	1588019504415
USER	Prove Ownership	66	START	1588019505350	1588019505350
REQUEST	66		Prove Owner	1588019505351	1588019505415	OK	 
USER	Prove Ownership	66	END	1588019505350	1588019505415
USER	Prove Ownership	67	START	1588019506349	1588019506349
REQUEST	67		Prove Owner	1588019506350	1588019506412	OK	 
USER	Prove Ownership	67	END	1588019506349	1588019506413
USER	Prove Ownership	68	START	1588019507349	1588019507349
REQUEST	68		Prove Owner	1588019507350	1588019507415	OK	 
USER	Prove Ownership	68	END	1588019507349	1588019507416
USER	Prove Ownership	69	START	1588019508350	1588019508350
REQUEST	69		Prove Owner	1588019508351	1588019508428	OK	 
USER	Prove Ownership	69	END	1588019508350	1588019508429
USER	Prove Ownership	70	START	1588019509351	1588019509351
REQUEST	70		Prove Owner	1588019509352	1588019509412	OK	 
USER	Prove Ownership	70	END	1588019509351	1588019509412
USER	Prove Ownership	71	START	1588019510349	1588019510349
REQUEST	71		Prove Owner	1588019510350	1588019510424	OK	 
USER	Prove Ownership	71	END	1588019510349	1588019510425
USER	Prove Ownership	72	START	1588019511349	1588019511349
REQUEST	72		Prove Owner	1588019511349	1588019511413	OK	 
USER	Prove Ownership	72	END	1588019511349	1588019511414
USER	Prove Ownership	73	START	1588019512349	1588019512349
REQUEST	73		Prove Owner	1588019512350	1588019512423	OK	 
USER	Prove Ownership	73	END	1588019512349	1588019512423
USER	Prove Ownership	74	START	1588019513350	1588019513350
REQUEST	74		Prove Owner	1588019513351	1588019513408	OK	 
USER	Prove Ownership	74	END	1588019513350	1588019513409
USER	Prove Ownership	75	START	1588019514351	1588019514351
REQUEST	75		Prove Owner	1588019514352	1588019514406	OK	 
USER	Prove Ownership	75	END	1588019514351	1588019514406
USER	Prove Ownership	76	START	1588019515351	1588019515351
REQUEST	76		Prove Owner	1588019515351	1588019515416	OK	 
USER	Prove Ownership	76	END	1588019515351	1588019515416
USER	Prove Ownership	77	START	1588019516349	1588019516349
REQUEST	77		Prove Owner	1588019516350	1588019516419	OK	 
USER	Prove Ownership	77	END	1588019516349	1588019516419
USER	Prove Ownership	78	START	1588019517349	1588019517349
REQUEST	78		Prove Owner	1588019517350	1588019517414	OK	 
USER	Prove Ownership	78	END	1588019517349	1588019517414
USER	Prove Ownership	79	START	1588019518350	1588019518350
REQUEST	79		Prove Owner	1588019518350	1588019518400	OK	 
USER	Prove Ownership	79	END	1588019518350	1588019518400
USER	Prove Ownership	80	START	1588019519348	1588019519348
REQUEST	80		Prove Owner	1588019519349	1588019519417	OK	 
USER	Prove Ownership	80	END	1588019519348	1588019519417
USER	Prove Ownership	81	START	1588019520348	1588019520348
REQUEST	81		Prove Owner	1588019520349	1588019520430	OK	 
USER	Prove Ownership	81	END	1588019520348	1588019520431
USER	Prove Ownership	82	START	1588019521349	1588019521349
REQUEST	82		Prove Owner	1588019521349	1588019521409	OK	 
USER	Prove Ownership	82	END	1588019521349	1588019521410
USER	Prove Ownership	83	START	1588019522350	1588019522350
REQUEST	83		Prove Owner	1588019522351	1588019522408	OK	 
USER	Prove Ownership	83	END	1588019522350	1588019522408
USER	Prove Ownership	84	START	1588019523348	1588019523348
REQUEST	84		Prove Owner	1588019523349	1588019523394	OK	 
USER	Prove Ownership	84	END	1588019523348	1588019523394
USER	Prove Ownership	85	START	1588019524350	1588019524350
REQUEST	85		Prove Owner	1588019524350	1588019524405	OK	 
USER	Prove Ownership	85	END	1588019524350	1588019524406
USER	Prove Ownership	86	START	1588019525349	1588019525349
REQUEST	86		Prove Owner	1588019525350	1588019525406	OK	 
USER	Prove Ownership	86	END	1588019525349	1588019525407
USER	Prove Ownership	87	START	1588019526349	1588019526349
REQUEST	87		Prove Owner	1588019526350	1588019526399	OK	 
USER	Prove Ownership	87	END	1588019526349	1588019526399
USER	Prove Ownership	88	START	1588019527349	1588019527349
REQUEST	88		Prove Owner	1588019527349	1588019527425	OK	 
USER	Prove Ownership	88	END	1588019527349	1588019527425
USER	Prove Ownership	89	START	1588019528349	1588019528349
REQUEST	89		Prove Owner	1588019528350	1588019528432	OK	 
USER	Prove Ownership	89	END	1588019528349	1588019528433
USER	Prove Ownership	90	START	1588019529350	1588019529350
REQUEST	90		Prove Owner	1588019529351	1588019529439	OK	 
USER	Prove Ownership	90	END	1588019529350	1588019529440
USER	Prove Ownership	91	START	1588019530350	1588019530350
REQUEST	91		Prove Owner	1588019530350	1588019530414	OK	 
USER	Prove Ownership	91	END	1588019530350	1588019530414
USER	Prove Ownership	92	START	1588019531349	1588019531349
REQUEST	92		Prove Owner	1588019531350	1588019531415	OK	 
USER	Prove Ownership	92	END	1588019531349	1588019531416
USER	Prove Ownership	93	START	1588019532349	1588019532349
REQUEST	93		Prove Owner	1588019532350	1588019532410	OK	 
USER	Prove Ownership	93	END	1588019532349	1588019532410
USER	Prove Ownership	94	START	1588019533349	1588019533349
REQUEST	94		Prove Owner	1588019533350	1588019533426	OK	 
USER	Prove Ownership	94	END	1588019533349	1588019533427
USER	Prove Ownership	95	START	1588019534349	1588019534349
REQUEST	95		Prove Owner	1588019534350	1588019534400	OK	 
USER	Prove Ownership	95	END	1588019534349	1588019534400
USER	Prove Ownership	96	START	1588019535350	1588019535350
REQUEST	96		Prove Owner	1588019535350	1588019535408	OK	 
USER	Prove Ownership	96	END	1588019535350	1588019535408
USER	Prove Ownership	97	START	1588019536351	1588019536351
REQUEST	97		Prove Owner	1588019536351	1588019536413	OK	 
USER	Prove Ownership	97	END	1588019536351	1588019536414
USER	Prove Ownership	98	START	1588019537348	1588019537348
REQUEST	98		Prove Owner	1588019537349	1588019537398	OK	 
USER	Prove Ownership	98	END	1588019537348	1588019537398
USER	Prove Ownership	99	START	1588019538350	1588019538350
REQUEST	99		Prove Owner	1588019538350	1588019538400	OK	 
USER	Prove Ownership	99	END	1588019538350	1588019538400
USER	Prove Ownership	100	START	1588019539348	1588019539348
REQUEST	100		Prove Owner	1588019539350	1588019539399	OK	 
USER	Prove Ownership	100	END	1588019539348	1588019539399
USER	Prove Ownership	101	START	1588019540348	1588019540348
REQUEST	101		Prove Owner	1588019540349	1588019540424	OK	 
USER	Prove Ownership	101	END	1588019540348	1588019540425
USER	Prove Ownership	102	START	1588019541348	1588019541348
REQUEST	102		Prove Owner	1588019541349	1588019541407	OK	 
USER	Prove Ownership	102	END	1588019541348	1588019541408
USER	Prove Ownership	103	START	1588019542349	1588019542349
REQUEST	103		Prove Owner	1588019542350	1588019542406	OK	 
USER	Prove Ownership	103	END	1588019542349	1588019542407
USER	Prove Ownership	104	START	1588019543349	1588019543349
REQUEST	104		Prove Owner	1588019543350	1588019543411	OK	 
USER	Prove Ownership	104	END	1588019543349	1588019543412
USER	Prove Ownership	105	START	1588019544350	1588019544350
REQUEST	105		Prove Owner	1588019544351	1588019544410	OK	 
USER	Prove Ownership	105	END	1588019544350	1588019544410
USER	Prove Ownership	106	START	1588019545350	1588019545350
REQUEST	106		Prove Owner	1588019545350	1588019545411	OK	 
USER	Prove Ownership	106	END	1588019545350	1588019545412
USER	Prove Ownership	107	START	1588019546350	1588019546350
REQUEST	107		Prove Owner	1588019546351	1588019546419	OK	 
USER	Prove Ownership	107	END	1588019546350	1588019546419
USER	Prove Ownership	108	START	1588019547350	1588019547350
REQUEST	108		Prove Owner	1588019547351	1588019547407	OK	 
USER	Prove Ownership	108	END	1588019547350	1588019547407
USER	Prove Ownership	109	START	1588019548349	1588019548349
REQUEST	109		Prove Owner	1588019548350	1588019548403	OK	 
USER	Prove Ownership	109	END	1588019548349	1588019548404
USER	Prove Ownership	110	START	1588019549348	1588019549348
REQUEST	110		Prove Owner	1588019549349	1588019549410	OK	 
USER	Prove Ownership	110	END	1588019549348	1588019549411
USER	Prove Ownership	111	START	1588019550349	1588019550349
REQUEST	111		Prove Owner	1588019550349	1588019550426	OK	 
USER	Prove Ownership	111	END	1588019550349	1588019550427
USER	Prove Ownership	112	START	1588019551348	1588019551348
REQUEST	112		Prove Owner	1588019551349	1588019551409	OK	 
USER	Prove Ownership	112	END	1588019551348	1588019551410
USER	Prove Ownership	113	START	1588019552348	1588019552348
REQUEST	113		Prove Owner	1588019552349	1588019552419	OK	 
USER	Prove Ownership	113	END	1588019552348	1588019552419
USER	Prove Ownership	114	START	1588019553349	1588019553349
REQUEST	114		Prove Owner	1588019553350	1588019553402	OK	 
USER	Prove Ownership	114	END	1588019553349	1588019553402
USER	Prove Ownership	115	START	1588019554349	1588019554349
REQUEST	115		Prove Owner	1588019554349	1588019554414	OK	 
USER	Prove Ownership	115	END	1588019554349	1588019554415
USER	Prove Ownership	116	START	1588019555350	1588019555350
REQUEST	116		Prove Owner	1588019555351	1588019555423	OK	 
USER	Prove Ownership	116	END	1588019555350	1588019555423
USER	Prove Ownership	117	START	1588019556349	1588019556349
REQUEST	117		Prove Owner	1588019556350	1588019556399	OK	 
USER	Prove Ownership	117	END	1588019556349	1588019556399
USER	Prove Ownership	118	START	1588019557349	1588019557349
REQUEST	118		Prove Owner	1588019557350	1588019557397	OK	 
USER	Prove Ownership	118	END	1588019557349	1588019557397
USER	Prove Ownership	119	START	1588019558349	1588019558349
REQUEST	119		Prove Owner	1588019558351	1588019558411	OK	 
USER	Prove Ownership	119	END	1588019558349	1588019558412
USER	Prove Ownership	120	START	1588019559349	1588019559349
REQUEST	120		Prove Owner	1588019559349	1588019559399	OK	 
USER	Prove Ownership	120	END	1588019559349	1588019559400
USER	Prove Ownership	121	START	1588019560349	1588019560349
REQUEST	121		Prove Owner	1588019560350	1588019560419	OK	 
USER	Prove Ownership	121	END	1588019560349	1588019560419
USER	Prove Ownership	122	START	1588019561351	1588019561351
REQUEST	122		Prove Owner	1588019561352	1588019561411	OK	 
USER	Prove Ownership	122	END	1588019561351	1588019561411
USER	Prove Ownership	123	START	1588019562349	1588019562349
REQUEST	123		Prove Owner	1588019562350	1588019562411	OK	 
USER	Prove Ownership	123	END	1588019562349	1588019562411
USER	Prove Ownership	124	START	1588019563349	1588019563349
REQUEST	124		Prove Owner	1588019563350	1588019563403	OK	 
USER	Prove Ownership	124	END	1588019563349	1588019563404
USER	Prove Ownership	125	START	1588019564350	1588019564350
REQUEST	125		Prove Owner	1588019564351	1588019564402	OK	 
USER	Prove Ownership	125	END	1588019564350	1588019564403
USER	Prove Ownership	126	START	1588019565350	1588019565350
REQUEST	126		Prove Owner	1588019565354	1588019565405	OK	 
USER	Prove Ownership	126	END	1588019565350	1588019565406
USER	Prove Ownership	127	START	1588019566349	1588019566349
REQUEST	127		Prove Owner	1588019566350	1588019566400	OK	 
USER	Prove Ownership	127	END	1588019566349	1588019566401
USER	Prove Ownership	128	START	1588019567349	1588019567349
REQUEST	128		Prove Owner	1588019567351	1588019567406	OK	 
USER	Prove Ownership	128	END	1588019567349	1588019567407
USER	Prove Ownership	129	START	1588019568348	1588019568348
REQUEST	129		Prove Owner	1588019568349	1588019568395	OK	 
USER	Prove Ownership	129	END	1588019568348	1588019568395
USER	Prove Ownership	130	START	1588019569349	1588019569349
REQUEST	130		Prove Owner	1588019569350	1588019569415	OK	 
USER	Prove Ownership	130	END	1588019569349	1588019569415
USER	Prove Ownership	131	START	1588019570349	1588019570349
REQUEST	131		Prove Owner	1588019570349	1588019570417	OK	 
USER	Prove Ownership	131	END	1588019570349	1588019570417
USER	Prove Ownership	132	START	1588019571349	1588019571349
REQUEST	132		Prove Owner	1588019571350	1588019571402	OK	 
USER	Prove Ownership	132	END	1588019571349	1588019571402
USER	Prove Ownership	133	START	1588019572349	1588019572349
REQUEST	133		Prove Owner	1588019572350	1588019572408	OK	 
USER	Prove Ownership	133	END	1588019572349	1588019572408
USER	Prove Ownership	134	START	1588019573348	1588019573348
REQUEST	134		Prove Owner	1588019573349	1588019573414	OK	 
USER	Prove Ownership	134	END	1588019573348	1588019573415
USER	Prove Ownership	135	START	1588019574349	1588019574349
REQUEST	135		Prove Owner	1588019574350	1588019574427	OK	 
USER	Prove Ownership	135	END	1588019574349	1588019574428
USER	Prove Ownership	136	START	1588019575348	1588019575348
REQUEST	136		Prove Owner	1588019575349	1588019575423	OK	 
USER	Prove Ownership	136	END	1588019575348	1588019575424
USER	Prove Ownership	137	START	1588019576348	1588019576348
REQUEST	137		Prove Owner	1588019576349	1588019576418	OK	 
USER	Prove Ownership	137	END	1588019576348	1588019576419
USER	Prove Ownership	138	START	1588019577348	1588019577348
REQUEST	138		Prove Owner	1588019577349	1588019577399	OK	 
USER	Prove Ownership	138	END	1588019577348	1588019577399
USER	Prove Ownership	139	START	1588019578350	1588019578350
REQUEST	139		Prove Owner	1588019578351	1588019578412	OK	 
USER	Prove Ownership	139	END	1588019578350	1588019578412
USER	Prove Ownership	140	START	1588019579349	1588019579349
REQUEST	140		Prove Owner	1588019579350	1588019579395	OK	 
USER	Prove Ownership	140	END	1588019579349	1588019579396
USER	Prove Ownership	141	START	1588019580350	1588019580350
REQUEST	141		Prove Owner	1588019580350	1588019580404	OK	 
USER	Prove Ownership	141	END	1588019580350	1588019580405
USER	Prove Ownership	142	START	1588019581350	1588019581350
REQUEST	142		Prove Owner	1588019581350	1588019581418	OK	 
USER	Prove Ownership	142	END	1588019581350	1588019581419
USER	Prove Ownership	143	START	1588019582350	1588019582350
REQUEST	143		Prove Owner	1588019582350	1588019582400	OK	 
USER	Prove Ownership	143	END	1588019582350	1588019582401
USER	Prove Ownership	144	START	1588019583350	1588019583350
REQUEST	144		Prove Owner	1588019583351	1588019583404	OK	 
USER	Prove Ownership	144	END	1588019583350	1588019583405
USER	Prove Ownership	145	START	1588019584350	1588019584350
REQUEST	145		Prove Owner	1588019584350	1588019584407	OK	 
USER	Prove Ownership	145	END	1588019584350	1588019584408
USER	Prove Ownership	146	START	1588019585349	1588019585349
REQUEST	146		Prove Owner	1588019585349	1588019585426	OK	 
USER	Prove Ownership	146	END	1588019585349	1588019585427
USER	Prove Ownership	147	START	1588019586349	1588019586349
REQUEST	147		Prove Owner	1588019586350	1588019586430	OK	 
USER	Prove Ownership	147	END	1588019586349	1588019586431
USER	Prove Ownership	148	START	1588019587349	1588019587349
REQUEST	148		Prove Owner	1588019587350	1588019587400	OK	 
USER	Prove Ownership	148	END	1588019587349	1588019587401
USER	Prove Ownership	149	START	1588019588350	1588019588350
REQUEST	149		Prove Owner	1588019588351	1588019588402	OK	 
USER	Prove Ownership	149	END	1588019588350	1588019588402
USER	Prove Ownership	150	START	1588019589351	1588019589351
REQUEST	150		Prove Owner	1588019589352	1588019589403	OK	 
USER	Prove Ownership	150	END	1588019589351	1588019589403
USER	Prove Ownership	151	START	1588019590349	1588019590349
REQUEST	151		Prove Owner	1588019590351	1588019590413	OK	 
USER	Prove Ownership	151	END	1588019590349	1588019590413
USER	Prove Ownership	152	START	1588019591349	1588019591349
REQUEST	152		Prove Owner	1588019591349	1588019591403	OK	 
USER	Prove Ownership	152	END	1588019591349	1588019591403
USER	Prove Ownership	153	START	1588019592350	1588019592350
REQUEST	153		Prove Owner	1588019592351	1588019592416	OK	 
USER	Prove Ownership	153	END	1588019592350	1588019592417
USER	Prove Ownership	154	START	1588019593348	1588019593348
REQUEST	154		Prove Owner	1588019593349	1588019593412	OK	 
USER	Prove Ownership	154	END	1588019593348	1588019593413
USER	Prove Ownership	155	START	1588019594349	1588019594349
REQUEST	155		Prove Owner	1588019594350	1588019594416	OK	 
USER	Prove Ownership	155	END	1588019594349	1588019594416
USER	Prove Ownership	156	START	1588019595350	1588019595350
REQUEST	156		Prove Owner	1588019595351	1588019595435	OK	 
USER	Prove Ownership	156	END	1588019595350	1588019595436
USER	Prove Ownership	157	START	1588019596350	1588019596350
REQUEST	157		Prove Owner	1588019596351	1588019596424	OK	 
USER	Prove Ownership	157	END	1588019596350	1588019596425
USER	Prove Ownership	158	START	1588019597350	1588019597350
REQUEST	158		Prove Owner	1588019597351	1588019597436	OK	 
USER	Prove Ownership	158	END	1588019597350	1588019597436
USER	Prove Ownership	159	START	1588019598348	1588019598348
REQUEST	159		Prove Owner	1588019598349	1588019598420	OK	 
USER	Prove Ownership	159	END	1588019598348	1588019598421
USER	Prove Ownership	160	START	1588019599348	1588019599348
REQUEST	160		Prove Owner	1588019599349	1588019599414	OK	 
USER	Prove Ownership	160	END	1588019599348	1588019599415
USER	Prove Ownership	161	START	1588019600349	1588019600349
REQUEST	161		Prove Owner	1588019600350	1588019600413	OK	 
USER	Prove Ownership	161	END	1588019600349	1588019600413
USER	Prove Ownership	162	START	1588019601350	1588019601350
REQUEST	162		Prove Owner	1588019601351	1588019601413	OK	 
USER	Prove Ownership	162	END	1588019601350	1588019601416
USER	Prove Ownership	163	START	1588019602351	1588019602351
REQUEST	163		Prove Owner	1588019602352	1588019602406	OK	 
USER	Prove Ownership	163	END	1588019602351	1588019602408
USER	Prove Ownership	164	START	1588019603349	1588019603349
REQUEST	164		Prove Owner	1588019603350	1588019603401	OK	 
USER	Prove Ownership	164	END	1588019603349	1588019603402
USER	Prove Ownership	165	START	1588019604351	1588019604351
REQUEST	165		Prove Owner	1588019604352	1588019604412	OK	 
USER	Prove Ownership	165	END	1588019604351	1588019604413
USER	Prove Ownership	166	START	1588019605350	1588019605350
REQUEST	166		Prove Owner	1588019605351	1588019605397	OK	 
USER	Prove Ownership	166	END	1588019605350	1588019605397
USER	Prove Ownership	167	START	1588019606349	1588019606349
REQUEST	167		Prove Owner	1588019606350	1588019606405	OK	 
USER	Prove Ownership	167	END	1588019606349	1588019606405
USER	Prove Ownership	168	START	1588019607351	1588019607351
REQUEST	168		Prove Owner	1588019607351	1588019607403	OK	 
USER	Prove Ownership	168	END	1588019607351	1588019607403
USER	Prove Ownership	169	START	1588019608349	1588019608349
REQUEST	169		Prove Owner	1588019608350	1588019608403	OK	 
USER	Prove Ownership	169	END	1588019608349	1588019608403
USER	Prove Ownership	170	START	1588019609348	1588019609348
REQUEST	170		Prove Owner	1588019609349	1588019609398	OK	 
USER	Prove Ownership	170	END	1588019609348	1588019609399
USER	Prove Ownership	171	START	1588019610349	1588019610349
REQUEST	171		Prove Owner	1588019610350	1588019610399	OK	 
USER	Prove Ownership	171	END	1588019610349	1588019610399
USER	Prove Ownership	172	START	1588019611349	1588019611349
REQUEST	172		Prove Owner	1588019611350	1588019611405	OK	 
USER	Prove Ownership	172	END	1588019611349	1588019611405
USER	Prove Ownership	173	START	1588019612348	1588019612348
REQUEST	173		Prove Owner	1588019612349	1588019612406	OK	 
USER	Prove Ownership	173	END	1588019612348	1588019612407
USER	Prove Ownership	174	START	1588019613351	1588019613351
REQUEST	174		Prove Owner	1588019613351	1588019613402	OK	 
USER	Prove Ownership	174	END	1588019613351	1588019613403
USER	Prove Ownership	175	START	1588019614351	1588019614351
REQUEST	175		Prove Owner	1588019614352	1588019614404	OK	 
USER	Prove Ownership	175	END	1588019614351	1588019614405
USER	Prove Ownership	176	START	1588019615351	1588019615351
REQUEST	176		Prove Owner	1588019615352	1588019615402	OK	 
USER	Prove Ownership	176	END	1588019615351	1588019615403
USER	Prove Ownership	177	START	1588019616349	1588019616349
REQUEST	177		Prove Owner	1588019616350	1588019616407	OK	 
USER	Prove Ownership	177	END	1588019616349	1588019616407
USER	Prove Ownership	178	START	1588019617350	1588019617350
REQUEST	178		Prove Owner	1588019617350	1588019617399	OK	 
USER	Prove Ownership	178	END	1588019617350	1588019617399
USER	Prove Ownership	179	START	1588019618348	1588019618348
REQUEST	179		Prove Owner	1588019618349	1588019618419	OK	 
USER	Prove Ownership	179	END	1588019618348	1588019618420
USER	Prove Ownership	180	START	1588019619349	1588019619349
REQUEST	180		Prove Owner	1588019619350	1588019619396	OK	 
USER	Prove Ownership	180	END	1588019619349	1588019619396
USER	Prove Ownership	181	START	1588019620350	1588019620350
REQUEST	181		Prove Owner	1588019620351	1588019620406	OK	 
USER	Prove Ownership	181	END	1588019620350	1588019620406
USER	Prove Ownership	182	START	1588019621348	1588019621348
REQUEST	182		Prove Owner	1588019621349	1588019621395	OK	 
USER	Prove Ownership	182	END	1588019621348	1588019621395
USER	Prove Ownership	183	START	1588019622351	1588019622351
REQUEST	183		Prove Owner	1588019622352	1588019622399	OK	 
USER	Prove Ownership	183	END	1588019622351	1588019622400
USER	Prove Ownership	184	START	1588019623349	1588019623349
REQUEST	184		Prove Owner	1588019623350	1588019623404	OK	 
USER	Prove Ownership	184	END	1588019623349	1588019623404
USER	Prove Ownership	185	START	1588019624349	1588019624349
REQUEST	185		Prove Owner	1588019624349	1588019624404	OK	 
USER	Prove Ownership	185	END	1588019624349	1588019624404
USER	Prove Ownership	186	START	1588019625349	1588019625349
REQUEST	186		Prove Owner	1588019625349	1588019625399	OK	 
USER	Prove Ownership	186	END	1588019625349	1588019625399
USER	Prove Ownership	187	START	1588019626349	1588019626349
REQUEST	187		Prove Owner	1588019626350	1588019626404	OK	 
USER	Prove Ownership	187	END	1588019626349	1588019626404
USER	Prove Ownership	188	START	1588019627351	1588019627351
REQUEST	188		Prove Owner	1588019627351	1588019627399	OK	 
USER	Prove Ownership	188	END	1588019627351	1588019627400
USER	Prove Ownership	189	START	1588019628348	1588019628348
REQUEST	189		Prove Owner	1588019628349	1588019628408	OK	 
USER	Prove Ownership	189	END	1588019628348	1588019628409
USER	Prove Ownership	190	START	1588019629349	1588019629349
REQUEST	190		Prove Owner	1588019629350	1588019629401	OK	 
USER	Prove Ownership	190	END	1588019629349	1588019629401
USER	Prove Ownership	191	START	1588019630349	1588019630349
REQUEST	191		Prove Owner	1588019630350	1588019630398	OK	 
USER	Prove Ownership	191	END	1588019630349	1588019630399
USER	Prove Ownership	192	START	1588019631350	1588019631350
REQUEST	192		Prove Owner	1588019631351	1588019631406	OK	 
USER	Prove Ownership	192	END	1588019631350	1588019631406
USER	Prove Ownership	193	START	1588019632348	1588019632348
REQUEST	193		Prove Owner	1588019632350	1588019632405	OK	 
USER	Prove Ownership	193	END	1588019632348	1588019632406
USER	Prove Ownership	194	START	1588019633349	1588019633349
REQUEST	194		Prove Owner	1588019633350	1588019633397	OK	 
USER	Prove Ownership	194	END	1588019633349	1588019633398
USER	Prove Ownership	195	START	1588019634349	1588019634349
REQUEST	195		Prove Owner	1588019634349	1588019634393	OK	 
USER	Prove Ownership	195	END	1588019634349	1588019634394
USER	Prove Ownership	196	START	1588019635348	1588019635348
REQUEST	196		Prove Owner	1588019635349	1588019635399	OK	 
USER	Prove Ownership	196	END	1588019635348	1588019635400
USER	Prove Ownership	197	START	1588019636349	1588019636349
REQUEST	197		Prove Owner	1588019636349	1588019636399	OK	 
USER	Prove Ownership	197	END	1588019636349	1588019636399
USER	Prove Ownership	198	START	1588019637349	1588019637349
REQUEST	198		Prove Owner	1588019637349	1588019637397	OK	 
USER	Prove Ownership	198	END	1588019637349	1588019637398
USER	Prove Ownership	199	START	1588019638351	1588019638351
REQUEST	199		Prove Owner	1588019638352	1588019638401	OK	 
USER	Prove Ownership	199	END	1588019638351	1588019638401
USER	Prove Ownership	200	START	1588019639348	1588019639348
REQUEST	200		Prove Owner	1588019639349	1588019639402	OK	 
USER	Prove Ownership	200	END	1588019639348	1588019639403
USER	Prove Ownership	201	START	1588019640348	1588019640348
REQUEST	201		Prove Owner	1588019640349	1588019640405	OK	 
USER	Prove Ownership	201	END	1588019640348	1588019640405
USER	Prove Ownership	202	START	1588019641349	1588019641349
REQUEST	202		Prove Owner	1588019641350	1588019641397	OK	 
USER	Prove Ownership	202	END	1588019641349	1588019641397
USER	Prove Ownership	203	START	1588019642349	1588019642349
REQUEST	203		Prove Owner	1588019642350	1588019642429	OK	 
USER	Prove Ownership	203	END	1588019642349	1588019642430
USER	Prove Ownership	204	START	1588019643348	1588019643348
REQUEST	204		Prove Owner	1588019643349	1588019643399	OK	 
USER	Prove Ownership	204	END	1588019643348	1588019643400
USER	Prove Ownership	205	START	1588019644351	1588019644351
REQUEST	205		Prove Owner	1588019644352	1588019644398	OK	 
USER	Prove Ownership	205	END	1588019644351	1588019644399
USER	Prove Ownership	206	START	1588019645351	1588019645351
REQUEST	206		Prove Owner	1588019645351	1588019645400	OK	 
USER	Prove Ownership	206	END	1588019645351	1588019645401
USER	Prove Ownership	207	START	1588019646348	1588019646348
REQUEST	207		Prove Owner	1588019646349	1588019646409	OK	 
USER	Prove Ownership	207	END	1588019646348	1588019646410
USER	Prove Ownership	208	START	1588019647350	1588019647350
REQUEST	208		Prove Owner	1588019647351	1588019647399	OK	 
USER	Prove Ownership	208	END	1588019647350	1588019647400
USER	Prove Ownership	209	START	1588019648350	1588019648350
REQUEST	209		Prove Owner	1588019648351	1588019648400	OK	 
USER	Prove Ownership	209	END	1588019648350	1588019648401
USER	Prove Ownership	210	START	1588019649348	1588019649348
REQUEST	210		Prove Owner	1588019649350	1588019649425	OK	 
USER	Prove Ownership	210	END	1588019649348	1588019649426
USER	Prove Ownership	211	START	1588019650350	1588019650350
REQUEST	211		Prove Owner	1588019650350	1588019650405	OK	 
USER	Prove Ownership	211	END	1588019650350	1588019650405
USER	Prove Ownership	212	START	1588019651349	1588019651349
REQUEST	212		Prove Owner	1588019651350	1588019651405	OK	 
USER	Prove Ownership	212	END	1588019651349	1588019651405
USER	Prove Ownership	213	START	1588019652349	1588019652349
REQUEST	213		Prove Owner	1588019652351	1588019652406	OK	 
USER	Prove Ownership	213	END	1588019652349	1588019652407
USER	Prove Ownership	214	START	1588019653349	1588019653349
REQUEST	214		Prove Owner	1588019653350	1588019653409	OK	 
USER	Prove Ownership	214	END	1588019653349	1588019653409
USER	Prove Ownership	215	START	1588019654349	1588019654349
REQUEST	215		Prove Owner	1588019654350	1588019654414	OK	 
USER	Prove Ownership	215	END	1588019654349	1588019654415
USER	Prove Ownership	216	START	1588019655350	1588019655350
REQUEST	216		Prove Owner	1588019655351	1588019655407	OK	 
USER	Prove Ownership	216	END	1588019655350	1588019655408
USER	Prove Ownership	217	START	1588019656350	1588019656350
REQUEST	217		Prove Owner	1588019656351	1588019656397	OK	 
USER	Prove Ownership	217	END	1588019656350	1588019656397
USER	Prove Ownership	218	START	1588019657350	1588019657350
REQUEST	218		Prove Owner	1588019657351	1588019657397	OK	 
USER	Prove Ownership	218	END	1588019657350	1588019657398
USER	Prove Ownership	219	START	1588019658350	1588019658350
REQUEST	219		Prove Owner	1588019658351	1588019658395	OK	 
USER	Prove Ownership	219	END	1588019658350	1588019658395
USER	Prove Ownership	220	START	1588019659348	1588019659348
REQUEST	220		Prove Owner	1588019659349	1588019659415	OK	 
USER	Prove Ownership	220	END	1588019659348	1588019659416
USER	Prove Ownership	221	START	1588019660351	1588019660351
REQUEST	221		Prove Owner	1588019660352	1588019660418	OK	 
USER	Prove Ownership	221	END	1588019660351	1588019660419
USER	Prove Ownership	222	START	1588019661351	1588019661351
REQUEST	222		Prove Owner	1588019661352	1588019661407	OK	 
USER	Prove Ownership	222	END	1588019661351	1588019661407
USER	Prove Ownership	223	START	1588019662351	1588019662351
REQUEST	223		Prove Owner	1588019662352	1588019662413	OK	 
USER	Prove Ownership	223	END	1588019662351	1588019662413
USER	Prove Ownership	224	START	1588019663349	1588019663349
REQUEST	224		Prove Owner	1588019663350	1588019663403	OK	 
USER	Prove Ownership	224	END	1588019663349	1588019663404
USER	Prove Ownership	225	START	1588019664350	1588019664350
REQUEST	225		Prove Owner	1588019664351	1588019664402	OK	 
USER	Prove Ownership	225	END	1588019664350	1588019664403
USER	Prove Ownership	226	START	1588019665351	1588019665351
REQUEST	226		Prove Owner	1588019665352	1588019665406	OK	 
USER	Prove Ownership	226	END	1588019665351	1588019665406
USER	Prove Ownership	227	START	1588019666350	1588019666350
REQUEST	227		Prove Owner	1588019666351	1588019666399	OK	 
USER	Prove Ownership	227	END	1588019666350	1588019666399
USER	Prove Ownership	228	START	1588019667351	1588019667351
REQUEST	228		Prove Owner	1588019667352	1588019667409	OK	 
USER	Prove Ownership	228	END	1588019667351	1588019667409
USER	Prove Ownership	229	START	1588019668350	1588019668350
REQUEST	229		Prove Owner	1588019668351	1588019668405	OK	 
USER	Prove Ownership	229	END	1588019668350	1588019668405
USER	Prove Ownership	230	START	1588019669351	1588019669351
REQUEST	230		Prove Owner	1588019669352	1588019669408	OK	 
USER	Prove Ownership	230	END	1588019669351	1588019669408
USER	Prove Ownership	231	START	1588019670349	1588019670349
REQUEST	231		Prove Owner	1588019670349	1588019670402	OK	 
USER	Prove Ownership	231	END	1588019670349	1588019670402
USER	Prove Ownership	232	START	1588019671349	1588019671349
REQUEST	232		Prove Owner	1588019671350	1588019671418	OK	 
USER	Prove Ownership	232	END	1588019671349	1588019671418
USER	Prove Ownership	233	START	1588019672351	1588019672351
REQUEST	233		Prove Owner	1588019672352	1588019672409	OK	 
USER	Prove Ownership	233	END	1588019672351	1588019672409
USER	Prove Ownership	234	START	1588019673350	1588019673350
REQUEST	234		Prove Owner	1588019673351	1588019673402	OK	 
USER	Prove Ownership	234	END	1588019673350	1588019673403
USER	Prove Ownership	235	START	1588019674348	1588019674348
REQUEST	235		Prove Owner	1588019674349	1588019674407	OK	 
USER	Prove Ownership	235	END	1588019674348	1588019674408
USER	Prove Ownership	236	START	1588019675350	1588019675350
REQUEST	236		Prove Owner	1588019675352	1588019675402	OK	 
USER	Prove Ownership	236	END	1588019675350	1588019675402
USER	Prove Ownership	237	START	1588019676350	1588019676350
REQUEST	237		Prove Owner	1588019676351	1588019676401	OK	 
USER	Prove Ownership	237	END	1588019676350	1588019676402
USER	Prove Ownership	238	START	1588019677350	1588019677350
REQUEST	238		Prove Owner	1588019677351	1588019677404	OK	 
USER	Prove Ownership	238	END	1588019677350	1588019677404
USER	Prove Ownership	239	START	1588019678349	1588019678349
REQUEST	239		Prove Owner	1588019678350	1588019678402	OK	 
USER	Prove Ownership	239	END	1588019678349	1588019678402
USER	Prove Ownership	240	START	1588019679350	1588019679350
REQUEST	240		Prove Owner	1588019679352	1588019679408	OK	 
USER	Prove Ownership	240	END	1588019679350	1588019679409
USER	Prove Ownership	241	START	1588019680349	1588019680349
REQUEST	241		Prove Owner	1588019680350	1588019680400	OK	 
USER	Prove Ownership	241	END	1588019680349	1588019680400
USER	Prove Ownership	242	START	1588019681349	1588019681349
REQUEST	242		Prove Owner	1588019681350	1588019681400	OK	 
USER	Prove Ownership	242	END	1588019681349	1588019681401
USER	Prove Ownership	243	START	1588019682350	1588019682350
REQUEST	243		Prove Owner	1588019682351	1588019682401	OK	 
USER	Prove Ownership	243	END	1588019682350	1588019682402
USER	Prove Ownership	244	START	1588019683350	1588019683350
REQUEST	244		Prove Owner	1588019683351	1588019683399	OK	 
USER	Prove Ownership	244	END	1588019683350	1588019683399
USER	Prove Ownership	245	START	1588019684351	1588019684351
REQUEST	245		Prove Owner	1588019684351	1588019684400	OK	 
USER	Prove Ownership	245	END	1588019684351	1588019684401
USER	Prove Ownership	246	START	1588019685348	1588019685348
REQUEST	246		Prove Owner	1588019685349	1588019685396	OK	 
USER	Prove Ownership	246	END	1588019685348	1588019685397
USER	Prove Ownership	247	START	1588019686349	1588019686349
REQUEST	247		Prove Owner	1588019686350	1588019686399	OK	 
USER	Prove Ownership	247	END	1588019686349	1588019686399
USER	Prove Ownership	248	START	1588019687349	1588019687349
REQUEST	248		Prove Owner	1588019687350	1588019687401	OK	 
USER	Prove Ownership	248	END	1588019687349	1588019687401
USER	Prove Ownership	249	START	1588019688349	1588019688349
REQUEST	249		Prove Owner	1588019688350	1588019688399	OK	 
USER	Prove Ownership	249	END	1588019688349	1588019688400
USER	Prove Ownership	250	START	1588019689350	1588019689350
REQUEST	250		Prove Owner	1588019689350	1588019689417	OK	 
USER	Prove Ownership	250	END	1588019689350	1588019689418
USER	Prove Ownership	251	START	1588019690349	1588019690349
REQUEST	251		Prove Owner	1588019690351	1588019690405	OK	 
USER	Prove Ownership	251	END	1588019690349	1588019690405
USER	Prove Ownership	252	START	1588019691349	1588019691349
REQUEST	252		Prove Owner	1588019691351	1588019691413	OK	 
USER	Prove Ownership	252	END	1588019691349	1588019691414
USER	Prove Ownership	253	START	1588019692351	1588019692351
REQUEST	253		Prove Owner	1588019692352	1588019692411	OK	 
USER	Prove Ownership	253	END	1588019692351	1588019692411
USER	Prove Ownership	254	START	1588019693351	1588019693351
REQUEST	254		Prove Owner	1588019693384	1588019693445	OK	 
USER	Prove Ownership	254	END	1588019693351	1588019693445
USER	Prove Ownership	255	START	1588019694349	1588019694349
REQUEST	255		Prove Owner	1588019694350	1588019694439	OK	 
USER	Prove Ownership	255	END	1588019694349	1588019694440
USER	Prove Ownership	256	START	1588019695349	1588019695349
REQUEST	256		Prove Owner	1588019695350	1588019695424	OK	 
USER	Prove Ownership	256	END	1588019695349	1588019695424
USER	Prove Ownership	257	START	1588019696351	1588019696351
REQUEST	257		Prove Owner	1588019696352	1588019696431	OK	 
USER	Prove Ownership	257	END	1588019696351	1588019696432
USER	Prove Ownership	258	START	1588019697348	1588019697348
REQUEST	258		Prove Owner	1588019697349	1588019697429	KO	status.find.in(200,201,202,203,204,205,206,207,208,209,304), found 500
USER	Prove Ownership	258	END	1588019697348	1588019697430
USER	Prove Ownership	259	START	1588019698349	1588019698349
REQUEST	259		Prove Owner	1588019698350	1588019698448	OK	 
USER	Prove Ownership	259	END	1588019698349	1588019698449
USER	Prove Ownership	260	START	1588019699348	1588019699348
REQUEST	260		Prove Owner	1588019699349	1588019699423	OK	 
USER	Prove Ownership	260	END	1588019699348	1588019699424
USER	Prove Ownership	261	START	1588019700349	1588019700349
REQUEST	261		Prove Owner	1588019700349	1588019700414	OK	 
USER	Prove Ownership	261	END	1588019700349	1588019700415
USER	Prove Ownership	262	START	1588019701349	1588019701349
REQUEST	262		Prove Owner	1588019701350	1588019701427	OK	 
USER	Prove Ownership	262	END	1588019701349	1588019701427
USER	Prove Ownership	263	START	1588019702349	1588019702349
REQUEST	263		Prove Owner	1588019702350	1588019702428	OK	 
USER	Prove Ownership	263	END	1588019702349	1588019702428
USER	Prove Ownership	264	START	1588019703351	1588019703351
REQUEST	264		Prove Owner	1588019703352	1588019703467	OK	 
USER	Prove Ownership	264	END	1588019703351	1588019703468
USER	Prove Ownership	265	START	1588019704349	1588019704349
REQUEST	265		Prove Owner	1588019704350	1588019704404	OK	 
USER	Prove Ownership	265	END	1588019704349	1588019704404
USER	Prove Ownership	266	START	1588019705349	1588019705349
REQUEST	266		Prove Owner	1588019705350	1588019705405	OK	 
USER	Prove Ownership	266	END	1588019705349	1588019705406
USER	Prove Ownership	267	START	1588019706351	1588019706351
REQUEST	267		Prove Owner	1588019706352	1588019706407	OK	 
USER	Prove Ownership	267	END	1588019706351	1588019706407
USER	Prove Ownership	268	START	1588019707349	1588019707349
REQUEST	268		Prove Owner	1588019707349	1588019707409	OK	 
USER	Prove Ownership	268	END	1588019707349	1588019707409
USER	Prove Ownership	269	START	1588019708350	1588019708350
REQUEST	269		Prove Owner	1588019708350	1588019708400	OK	 
USER	Prove Ownership	269	END	1588019708350	1588019708400
USER	Prove Ownership	270	START	1588019709349	1588019709349
REQUEST	270		Prove Owner	1588019709350	1588019709409	OK	 
USER	Prove Ownership	270	END	1588019709349	1588019709409
USER	Prove Ownership	271	START	1588019710351	1588019710351
REQUEST	271		Prove Owner	1588019710352	1588019710402	OK	 
USER	Prove Ownership	271	END	1588019710351	1588019710402
USER	Prove Ownership	272	START	1588019711350	1588019711350
REQUEST	272		Prove Owner	1588019711350	1588019711398	OK	 
USER	Prove Ownership	272	END	1588019711350	1588019711399
USER	Prove Ownership	273	START	1588019712349	1588019712349
REQUEST	273		Prove Owner	1588019712350	1588019712406	OK	 
USER	Prove Ownership	273	END	1588019712349	1588019712407
USER	Prove Ownership	274	START	1588019713349	1588019713349
REQUEST	274		Prove Owner	1588019713350	1588019713405	OK	 
USER	Prove Ownership	274	END	1588019713349	1588019713405
USER	Prove Ownership	275	START	1588019714350	1588019714350
REQUEST	275		Prove Owner	1588019714350	1588019714414	OK	 
USER	Prove Ownership	275	END	1588019714350	1588019714415
USER	Prove Ownership	276	START	1588019715348	1588019715348
REQUEST	276		Prove Owner	1588019715349	1588019715409	OK	 
USER	Prove Ownership	276	END	1588019715348	1588019715410
USER	Prove Ownership	277	START	1588019716349	1588019716349
REQUEST	277		Prove Owner	1588019716350	1588019716396	OK	 
USER	Prove Ownership	277	END	1588019716349	1588019716396
USER	Prove Ownership	278	START	1588019717350	1588019717350
REQUEST	278		Prove Owner	1588019717351	1588019717410	OK	 
USER	Prove Ownership	278	END	1588019717350	1588019717410
USER	Prove Ownership	279	START	1588019718349	1588019718349
REQUEST	279		Prove Owner	1588019718349	1588019718405	OK	 
USER	Prove Ownership	279	END	1588019718349	1588019718406
USER	Prove Ownership	280	START	1588019719349	1588019719349
REQUEST	280		Prove Owner	1588019719349	1588019719432	OK	 
USER	Prove Ownership	280	END	1588019719349	1588019719432
USER	Prove Ownership	281	START	1588019720350	1588019720350
REQUEST	281		Prove Owner	1588019720350	1588019720395	OK	 
USER	Prove Ownership	281	END	1588019720350	1588019720396
USER	Prove Ownership	282	START	1588019721349	1588019721349
REQUEST	282		Prove Owner	1588019721349	1588019721439	OK	 
USER	Prove Ownership	282	END	1588019721349	1588019721440
USER	Prove Ownership	283	START	1588019722350	1588019722350
REQUEST	283		Prove Owner	1588019722351	1588019722413	OK	 
USER	Prove Ownership	283	END	1588019722350	1588019722413
USER	Prove Ownership	284	START	1588019723349	1588019723349
REQUEST	284		Prove Owner	1588019723349	1588019723429	OK	 
USER	Prove Ownership	284	END	1588019723349	1588019723430
USER	Prove Ownership	285	START	1588019724352	1588019724352
REQUEST	285		Prove Owner	1588019724353	1588019724411	OK	 
USER	Prove Ownership	285	END	1588019724352	1588019724411
USER	Prove Ownership	286	START	1588019725350	1588019725350
REQUEST	286		Prove Owner	1588019725351	1588019725411	OK	 
USER	Prove Ownership	286	END	1588019725350	1588019725411
USER	Prove Ownership	287	START	1588019726351	1588019726351
REQUEST	287		Prove Owner	1588019726352	1588019726406	OK	 
USER	Prove Ownership	287	END	1588019726351	1588019726406
USER	Prove Ownership	288	START	1588019727350	1588019727350
REQUEST	288		Prove Owner	1588019727351	1588019727406	OK	 
USER	Prove Ownership	288	END	1588019727350	1588019727407
USER	Prove Ownership	289	START	1588019728349	1588019728349
REQUEST	289		Prove Owner	1588019728350	1588019728432	OK	 
USER	Prove Ownership	289	END	1588019728349	1588019728432
USER	Prove Ownership	290	START	1588019729349	1588019729349
REQUEST	290		Prove Owner	1588019729349	1588019729400	OK	 
USER	Prove Ownership	290	END	1588019729349	1588019729400
USER	Prove Ownership	291	START	1588019730350	1588019730350
REQUEST	291		Prove Owner	1588019730351	1588019730399	OK	 
USER	Prove Ownership	291	END	1588019730350	1588019730400
USER	Prove Ownership	292	START	1588019731351	1588019731351
REQUEST	292		Prove Owner	1588019731352	1588019731400	OK	 
USER	Prove Ownership	292	END	1588019731351	1588019731400
USER	Prove Ownership	293	START	1588019732349	1588019732349
REQUEST	293		Prove Owner	1588019732350	1588019732409	OK	 
USER	Prove Ownership	293	END	1588019732349	1588019732410
USER	Prove Ownership	294	START	1588019733351	1588019733351
REQUEST	294		Prove Owner	1588019733352	1588019733403	OK	 
USER	Prove Ownership	294	END	1588019733351	1588019733403
USER	Prove Ownership	295	START	1588019734350	1588019734350
REQUEST	295		Prove Owner	1588019734351	1588019734403	OK	 
USER	Prove Ownership	295	END	1588019734350	1588019734403
USER	Prove Ownership	296	START	1588019735351	1588019735351
REQUEST	296		Prove Owner	1588019735352	1588019735408	OK	 
USER	Prove Ownership	296	END	1588019735351	1588019735408
USER	Prove Ownership	297	START	1588019736349	1588019736349
REQUEST	297		Prove Owner	1588019736350	1588019736398	OK	 
USER	Prove Ownership	297	END	1588019736349	1588019736399
USER	Prove Ownership	298	START	1588019737348	1588019737348
REQUEST	298		Prove Owner	1588019737349	1588019737406	OK	 
USER	Prove Ownership	298	END	1588019737348	1588019737406
USER	Prove Ownership	299	START	1588019738349	1588019738349
REQUEST	299		Prove Owner	1588019738350	1588019738403	OK	 
USER	Prove Ownership	299	END	1588019738349	1588019738404
USER	Prove Ownership	300	START	1588019739349	1588019739349
REQUEST	300		Prove Owner	1588019739350	1588019739402	OK	 
USER	Prove Ownership	300	END	1588019739349	1588019739402
