RUN	computerdatabase.RequestSignature	requestsignature	1588240845008	1 per second	3.3.1
USER	Request Signature	1	START	1588240846425	1588240846425
REQUEST	1		Request Signature	1588240846467	1588240846899	OK	 
USER	Request Signature	1	END	1588240846425	1588240846923
USER	Request Signature	2	START	1588240847429	1588240847429
REQUEST	2		Request Signature	1588240847430	1588240847671	OK	 
USER	Request Signature	2	END	1588240847429	1588240847671
USER	Request Signature	3	START	1588240848429	1588240848429
REQUEST	3		Request Signature	1588240848430	1588240848607	OK	 
USER	Request Signature	3	END	1588240848429	1588240848608
USER	Request Signature	4	START	1588240849430	1588240849430
REQUEST	4		Request Signature	1588240849432	1588240850153	KO	status.find.in(200,201,202,203,204,205,206,207,208,209,304), found 500
USER	Request Signature	4	END	1588240849430	1588240850155
USER	Request Signature	5	START	1588240850421	1588240850421
REQUEST	5		Request Signature	1588240850422	1588240850563	OK	 
USER	Request Signature	5	END	1588240850421	1588240850564
USER	Request Signature	6	START	1588240851419	1588240851419
REQUEST	6		Request Signature	1588240851420	1588240851724	OK	 
USER	Request Signature	6	END	1588240851419	1588240851727
USER	Request Signature	7	START	1588240852419	1588240852419
REQUEST	7		Request Signature	1588240852420	1588240852707	OK	 
USER	Request Signature	7	END	1588240852419	1588240852708
USER	Request Signature	8	START	1588240853419	1588240853419
REQUEST	8		Request Signature	1588240853420	1588240853656	OK	 
USER	Request Signature	8	END	1588240853419	1588240853657
USER	Request Signature	9	START	1588240854420	1588240854420
REQUEST	9		Request Signature	1588240854420	1588240854630	OK	 
USER	Request Signature	9	END	1588240854420	1588240854631
USER	Request Signature	10	START	1588240855431	1588240855431
REQUEST	10		Request Signature	1588240855431	1588240855605	OK	 
USER	Request Signature	10	END	1588240855431	1588240855606
USER	Request Signature	11	START	1588240856419	1588240856419
REQUEST	11		Request Signature	1588240856420	1588240856555	OK	 
USER	Request Signature	11	END	1588240856419	1588240856556
USER	Request Signature	12	START	1588240857419	1588240857419
REQUEST	12		Request Signature	1588240857420	1588240857673	OK	 
USER	Request Signature	12	END	1588240857419	1588240857673
USER	Request Signature	13	START	1588240858429	1588240858429
REQUEST	13		Request Signature	1588240858430	1588240858921	OK	 
USER	Request Signature	13	END	1588240858429	1588240858922
USER	Request Signature	14	START	1588240859429	1588240859429
REQUEST	14		Request Signature	1588240859430	1588240860194	OK	 
USER	Request Signature	14	END	1588240859429	1588240860195
USER	Request Signature	15	START	1588240860420	1588240860420
REQUEST	15		Request Signature	1588240860421	1588240860651	OK	 
USER	Request Signature	15	END	1588240860420	1588240860652
USER	Request Signature	16	START	1588240861419	1588240861419
REQUEST	16		Request Signature	1588240861420	1588240861651	OK	 
USER	Request Signature	16	END	1588240861419	1588240861653
USER	Request Signature	17	START	1588240862431	1588240862431
REQUEST	17		Request Signature	1588240862432	1588240862544	OK	 
USER	Request Signature	17	END	1588240862431	1588240862544
USER	Request Signature	18	START	1588240863421	1588240863421
REQUEST	18		Request Signature	1588240863422	1588240863612	OK	 
USER	Request Signature	18	END	1588240863421	1588240863613
USER	Request Signature	19	START	1588240864429	1588240864429
REQUEST	19		Request Signature	1588240864430	1588240864667	OK	 
USER	Request Signature	19	END	1588240864429	1588240864668
USER	Request Signature	20	START	1588240865430	1588240865430
REQUEST	20		Request Signature	1588240865431	1588240865660	OK	 
USER	Request Signature	20	END	1588240865430	1588240865661
USER	Request Signature	21	START	1588240866419	1588240866419
REQUEST	21		Request Signature	1588240866420	1588240866812	OK	 
USER	Request Signature	21	END	1588240866419	1588240866813
USER	Request Signature	22	START	1588240867431	1588240867431
REQUEST	22		Request Signature	1588240867432	1588240867719	OK	 
USER	Request Signature	22	END	1588240867431	1588240867720
USER	Request Signature	23	START	1588240868420	1588240868420
REQUEST	23		Request Signature	1588240868421	1588240868907	OK	 
USER	Request Signature	23	END	1588240868420	1588240868907
USER	Request Signature	24	START	1588240869419	1588240869419
REQUEST	24		Request Signature	1588240869420	1588240870302	OK	 
USER	Request Signature	24	END	1588240869419	1588240870303
USER	Request Signature	25	START	1588240870431	1588240870431
REQUEST	25		Request Signature	1588240870432	1588240870744	OK	 
USER	Request Signature	25	END	1588240870431	1588240870745
USER	Request Signature	26	START	1588240871420	1588240871420
REQUEST	26		Request Signature	1588240871421	1588240871698	OK	 
USER	Request Signature	26	END	1588240871420	1588240871700
USER	Request Signature	27	START	1588240872420	1588240872420
REQUEST	27		Request Signature	1588240872420	1588240872900	OK	 
USER	Request Signature	27	END	1588240872420	1588240872901
USER	Request Signature	28	START	1588240873419	1588240873419
REQUEST	28		Request Signature	1588240873420	1588240873761	OK	 
USER	Request Signature	28	END	1588240873419	1588240873762
USER	Request Signature	29	START	1588240874429	1588240874429
REQUEST	29		Request Signature	1588240874430	1588240874667	OK	 
USER	Request Signature	29	END	1588240874429	1588240874667
USER	Request Signature	30	START	1588240875419	1588240875419
REQUEST	30		Request Signature	1588240875420	1588240875576	OK	 
USER	Request Signature	30	END	1588240875419	1588240875577
USER	Request Signature	31	START	1588240876429	1588240876429
REQUEST	31		Request Signature	1588240876430	1588240876863	OK	 
USER	Request Signature	31	END	1588240876429	1588240876864
USER	Request Signature	32	START	1588240877419	1588240877419
REQUEST	32		Request Signature	1588240877421	1588240877659	OK	 
USER	Request Signature	32	END	1588240877419	1588240877660
USER	Request Signature	33	START	1588240878431	1588240878431
REQUEST	33		Request Signature	1588240878432	1588240878898	OK	 
USER	Request Signature	33	END	1588240878431	1588240878898
USER	Request Signature	34	START	1588240879419	1588240879419
REQUEST	34		Request Signature	1588240879422	1588240880305	OK	 
USER	Request Signature	34	END	1588240879419	1588240880305
USER	Request Signature	35	START	1588240880419	1588240880419
REQUEST	35		Request Signature	1588240880421	1588240880737	OK	 
USER	Request Signature	35	END	1588240880419	1588240880738
USER	Request Signature	36	START	1588240881430	1588240881430
REQUEST	36		Request Signature	1588240881431	1588240881810	OK	 
USER	Request Signature	36	END	1588240881430	1588240881811
USER	Request Signature	37	START	1588240882421	1588240882421
REQUEST	37		Request Signature	1588240882422	1588240882655	OK	 
USER	Request Signature	37	END	1588240882421	1588240882656
USER	Request Signature	38	START	1588240883420	1588240883420
REQUEST	38		Request Signature	1588240883420	1588240883661	OK	 
USER	Request Signature	38	END	1588240883420	1588240883662
USER	Request Signature	39	START	1588240884431	1588240884431
REQUEST	39		Request Signature	1588240884433	1588240885037	OK	 
USER	Request Signature	39	END	1588240884431	1588240885038
USER	Request Signature	40	START	1588240885419	1588240885419
REQUEST	40		Request Signature	1588240885419	1588240885689	OK	 
USER	Request Signature	40	END	1588240885419	1588240885691
USER	Request Signature	41	START	1588240886430	1588240886430
REQUEST	41		Request Signature	1588240886430	1588240886998	OK	 
USER	Request Signature	41	END	1588240886430	1588240886999
USER	Request Signature	42	START	1588240887419	1588240887419
REQUEST	42		Request Signature	1588240887420	1588240887662	OK	 
USER	Request Signature	42	END	1588240887419	1588240887663
USER	Request Signature	43	START	1588240888419	1588240888419
REQUEST	43		Request Signature	1588240888420	1588240888988	OK	 
USER	Request Signature	43	END	1588240888419	1588240888988
USER	Request Signature	44	START	1588240889428	1588240889428
REQUEST	44		Request Signature	1588240889429	1588240890154	OK	 
USER	Request Signature	44	END	1588240889428	1588240890154
USER	Request Signature	45	START	1588240890430	1588240890430
REQUEST	45		Request Signature	1588240890431	1588240890775	OK	 
USER	Request Signature	45	END	1588240890430	1588240890775
USER	Request Signature	46	START	1588240891419	1588240891419
REQUEST	46		Request Signature	1588240891420	1588240891615	OK	 
USER	Request Signature	46	END	1588240891419	1588240891616
USER	Request Signature	47	START	1588240892420	1588240892420
REQUEST	47		Request Signature	1588240892420	1588240892696	OK	 
USER	Request Signature	47	END	1588240892420	1588240892696
USER	Request Signature	48	START	1588240893430	1588240893430
REQUEST	48		Request Signature	1588240893431	1588240893590	OK	 
USER	Request Signature	48	END	1588240893430	1588240893591
USER	Request Signature	49	START	1588240894421	1588240894421
REQUEST	49		Request Signature	1588240894421	1588240894647	OK	 
USER	Request Signature	49	END	1588240894421	1588240894648
USER	Request Signature	50	START	1588240895430	1588240895430
REQUEST	50		Request Signature	1588240895431	1588240895716	OK	 
USER	Request Signature	50	END	1588240895430	1588240895717
USER	Request Signature	51	START	1588240896419	1588240896419
REQUEST	51		Request Signature	1588240896420	1588240896821	OK	 
USER	Request Signature	51	END	1588240896419	1588240896822
USER	Request Signature	52	START	1588240897430	1588240897430
REQUEST	52		Request Signature	1588240897431	1588240897728	OK	 
USER	Request Signature	52	END	1588240897430	1588240897728
USER	Request Signature	53	START	1588240898420	1588240898420
REQUEST	53		Request Signature	1588240898421	1588240898890	OK	 
USER	Request Signature	53	END	1588240898420	1588240898891
USER	Request Signature	54	START	1588240899431	1588240899431
REQUEST	54		Request Signature	1588240899432	1588240900266	OK	 
USER	Request Signature	54	END	1588240899431	1588240900267
USER	Request Signature	55	START	1588240900420	1588240900420
REQUEST	55		Request Signature	1588240900420	1588240900620	OK	 
USER	Request Signature	55	END	1588240900420	1588240900620
USER	Request Signature	56	START	1588240901420	1588240901420
REQUEST	56		Request Signature	1588240901421	1588240901630	OK	 
USER	Request Signature	56	END	1588240901420	1588240901630
USER	Request Signature	57	START	1588240902431	1588240902431
REQUEST	57		Request Signature	1588240902432	1588240902699	OK	 
USER	Request Signature	57	END	1588240902431	1588240902699
USER	Request Signature	58	START	1588240903419	1588240903419
REQUEST	58		Request Signature	1588240903419	1588240903641	OK	 
USER	Request Signature	58	END	1588240903419	1588240903642
USER	Request Signature	59	START	1588240904429	1588240904429
REQUEST	59		Request Signature	1588240904430	1588240904576	OK	 
USER	Request Signature	59	END	1588240904429	1588240904577
USER	Request Signature	60	START	1588240905431	1588240905431
REQUEST	60		Request Signature	1588240905431	1588240905726	OK	 
USER	Request Signature	60	END	1588240905431	1588240905726
USER	Request Signature	61	START	1588240906420	1588240906420
REQUEST	61		Request Signature	1588240906421	1588240906681	OK	 
USER	Request Signature	61	END	1588240906420	1588240906682
USER	Request Signature	62	START	1588240907430	1588240907430
REQUEST	62		Request Signature	1588240907431	1588240907615	OK	 
USER	Request Signature	62	END	1588240907430	1588240907616
USER	Request Signature	63	START	1588240908421	1588240908421
REQUEST	63		Request Signature	1588240908422	1588240908666	OK	 
USER	Request Signature	63	END	1588240908421	1588240908667
USER	Request Signature	64	START	1588240909429	1588240909429
REQUEST	64		Request Signature	1588240909430	1588240910082	OK	 
USER	Request Signature	64	END	1588240909429	1588240910083
USER	Request Signature	65	START	1588240910429	1588240910429
REQUEST	65		Request Signature	1588240910430	1588240910600	OK	 
USER	Request Signature	65	END	1588240910429	1588240910601
USER	Request Signature	66	START	1588240911430	1588240911430
REQUEST	66		Request Signature	1588240911430	1588240911650	OK	 
USER	Request Signature	66	END	1588240911430	1588240911651
USER	Request Signature	67	START	1588240912419	1588240912419
REQUEST	67		Request Signature	1588240912420	1588240912750	OK	 
USER	Request Signature	67	END	1588240912419	1588240912750
USER	Request Signature	68	START	1588240913429	1588240913429
REQUEST	68		Request Signature	1588240913430	1588240913931	OK	 
USER	Request Signature	68	END	1588240913429	1588240913932
USER	Request Signature	69	START	1588240914428	1588240914428
REQUEST	69		Request Signature	1588240914429	1588240914668	OK	 
USER	Request Signature	69	END	1588240914428	1588240914669
USER	Request Signature	70	START	1588240915430	1588240915430
REQUEST	70		Request Signature	1588240915431	1588240915690	OK	 
USER	Request Signature	70	END	1588240915430	1588240915691
USER	Request Signature	71	START	1588240916419	1588240916419
REQUEST	71		Request Signature	1588240916420	1588240916610	OK	 
USER	Request Signature	71	END	1588240916419	1588240916612
USER	Request Signature	72	START	1588240917430	1588240917430
REQUEST	72		Request Signature	1588240917431	1588240917852	OK	 
USER	Request Signature	72	END	1588240917430	1588240917852
USER	Request Signature	73	START	1588240918419	1588240918419
REQUEST	73		Request Signature	1588240918420	1588240918885	OK	 
USER	Request Signature	73	END	1588240918419	1588240918886
USER	Request Signature	74	START	1588240919430	1588240919430
REQUEST	74		Request Signature	1588240919431	1588240920234	OK	 
USER	Request Signature	74	END	1588240919430	1588240920234
USER	Request Signature	75	START	1588240920419	1588240920419
REQUEST	75		Request Signature	1588240920419	1588240920699	OK	 
USER	Request Signature	75	END	1588240920419	1588240920699
USER	Request Signature	76	START	1588240921419	1588240921419
REQUEST	76		Request Signature	1588240921419	1588240921683	OK	 
USER	Request Signature	76	END	1588240921419	1588240921684
USER	Request Signature	77	START	1588240922429	1588240922429
REQUEST	77		Request Signature	1588240922430	1588240922548	OK	 
USER	Request Signature	77	END	1588240922429	1588240922549
USER	Request Signature	78	START	1588240923430	1588240923430
REQUEST	78		Request Signature	1588240923431	1588240923711	OK	 
USER	Request Signature	78	END	1588240923430	1588240923712
USER	Request Signature	79	START	1588240924418	1588240924418
REQUEST	79		Request Signature	1588240924419	1588240924624	OK	 
USER	Request Signature	79	END	1588240924418	1588240924625
USER	Request Signature	80	START	1588240925429	1588240925429
REQUEST	80		Request Signature	1588240925429	1588240925615	OK	 
USER	Request Signature	80	END	1588240925429	1588240925615
USER	Request Signature	81	START	1588240926430	1588240926430
REQUEST	81		Request Signature	1588240926432	1588240926595	OK	 
USER	Request Signature	81	END	1588240926430	1588240926595
USER	Request Signature	82	START	1588240927421	1588240927421
REQUEST	82		Request Signature	1588240927421	1588240927587	OK	 
USER	Request Signature	82	END	1588240927421	1588240927588
USER	Request Signature	83	START	1588240928431	1588240928431
REQUEST	83		Request Signature	1588240928432	1588240928770	OK	 
USER	Request Signature	83	END	1588240928431	1588240928770
USER	Request Signature	84	START	1588240929421	1588240929421
REQUEST	84		Request Signature	1588240929422	1588240929936	OK	 
USER	Request Signature	84	END	1588240929421	1588240929937
USER	Request Signature	85	START	1588240930420	1588240930420
REQUEST	85		Request Signature	1588240930421	1588240930593	OK	 
USER	Request Signature	85	END	1588240930420	1588240930594
USER	Request Signature	86	START	1588240931419	1588240931419
REQUEST	86		Request Signature	1588240931420	1588240931637	OK	 
USER	Request Signature	86	END	1588240931419	1588240931638
USER	Request Signature	87	START	1588240932429	1588240932429
REQUEST	87		Request Signature	1588240932430	1588240932592	OK	 
USER	Request Signature	87	END	1588240932429	1588240932593
USER	Request Signature	88	START	1588240933431	1588240933431
REQUEST	88		Request Signature	1588240933433	1588240933718	OK	 
USER	Request Signature	88	END	1588240933431	1588240933719
USER	Request Signature	89	START	1588240934420	1588240934420
REQUEST	89		Request Signature	1588240934421	1588240934795	OK	 
USER	Request Signature	89	END	1588240934420	1588240934796
USER	Request Signature	90	START	1588240935431	1588240935431
REQUEST	90		Request Signature	1588240935432	1588240935652	OK	 
USER	Request Signature	90	END	1588240935431	1588240935653
USER	Request Signature	91	START	1588240936421	1588240936421
REQUEST	91		Request Signature	1588240936422	1588240936690	OK	 
USER	Request Signature	91	END	1588240936421	1588240936691
USER	Request Signature	92	START	1588240937430	1588240937430
REQUEST	92		Request Signature	1588240937431	1588240937915	OK	 
USER	Request Signature	92	END	1588240937430	1588240937916
USER	Request Signature	93	START	1588240938419	1588240938419
REQUEST	93		Request Signature	1588240938420	1588240938788	OK	 
USER	Request Signature	93	END	1588240938419	1588240938788
USER	Request Signature	94	START	1588240939429	1588240939429
REQUEST	94		Request Signature	1588240939430	1588240940292	OK	 
USER	Request Signature	94	END	1588240939429	1588240940293
USER	Request Signature	95	START	1588240940430	1588240940430
REQUEST	95		Request Signature	1588240940430	1588240940623	OK	 
USER	Request Signature	95	END	1588240940430	1588240940623
USER	Request Signature	96	START	1588240941421	1588240941421
REQUEST	96		Request Signature	1588240941422	1588240941774	OK	 
USER	Request Signature	96	END	1588240941421	1588240941774
USER	Request Signature	97	START	1588240942430	1588240942430
REQUEST	97		Request Signature	1588240942431	1588240942958	OK	 
USER	Request Signature	97	END	1588240942430	1588240942958
USER	Request Signature	98	START	1588240943421	1588240943421
REQUEST	98		Request Signature	1588240943421	1588240943555	OK	 
USER	Request Signature	98	END	1588240943421	1588240943556
USER	Request Signature	99	START	1588240944432	1588240944432
REQUEST	99		Request Signature	1588240944433	1588240944658	OK	 
USER	Request Signature	99	END	1588240944432	1588240944658
USER	Request Signature	100	START	1588240945419	1588240945419
REQUEST	100		Request Signature	1588240945420	1588240945599	OK	 
USER	Request Signature	100	END	1588240945419	1588240945599
USER	Request Signature	101	START	1588240946431	1588240946431
REQUEST	101		Request Signature	1588240946431	1588240946663	OK	 
USER	Request Signature	101	END	1588240946431	1588240946664
USER	Request Signature	102	START	1588240947419	1588240947419
REQUEST	102		Request Signature	1588240947419	1588240947603	OK	 
USER	Request Signature	102	END	1588240947419	1588240947603
USER	Request Signature	103	START	1588240948431	1588240948431
REQUEST	103		Request Signature	1588240948431	1588240948890	OK	 
USER	Request Signature	103	END	1588240948431	1588240948890
USER	Request Signature	104	START	1588240949419	1588240949419
REQUEST	104		Request Signature	1588240949420	1588240950149	OK	 
USER	Request Signature	104	END	1588240949419	1588240950149
USER	Request Signature	105	START	1588240950431	1588240950431
REQUEST	105		Request Signature	1588240950432	1588240950685	OK	 
USER	Request Signature	105	END	1588240950431	1588240950686
USER	Request Signature	106	START	1588240951419	1588240951419
REQUEST	106		Request Signature	1588240951420	1588240951663	OK	 
USER	Request Signature	106	END	1588240951419	1588240951664
USER	Request Signature	107	START	1588240952430	1588240952430
REQUEST	107		Request Signature	1588240952430	1588240952842	OK	 
USER	Request Signature	107	END	1588240952430	1588240952843
USER	Request Signature	108	START	1588240953418	1588240953418
REQUEST	108		Request Signature	1588240953419	1588240953693	OK	 
USER	Request Signature	108	END	1588240953418	1588240953694
USER	Request Signature	109	START	1588240954430	1588240954430
REQUEST	109		Request Signature	1588240954431	1588240954665	OK	 
USER	Request Signature	109	END	1588240954430	1588240954666
USER	Request Signature	110	START	1588240955419	1588240955419
REQUEST	110		Request Signature	1588240955420	1588240955630	OK	 
USER	Request Signature	110	END	1588240955419	1588240955630
USER	Request Signature	111	START	1588240956429	1588240956429
REQUEST	111		Request Signature	1588240956430	1588240956765	OK	 
USER	Request Signature	111	END	1588240956429	1588240956766
USER	Request Signature	112	START	1588240957430	1588240957430
REQUEST	112		Request Signature	1588240957430	1588240957760	OK	 
USER	Request Signature	112	END	1588240957430	1588240957761
USER	Request Signature	113	START	1588240958418	1588240958418
REQUEST	113		Request Signature	1588240958419	1588240958613	OK	 
USER	Request Signature	113	END	1588240958418	1588240958614
USER	Request Signature	114	START	1588240959430	1588240959430
REQUEST	114		Request Signature	1588240959430	1588240960327	OK	 
USER	Request Signature	114	END	1588240959430	1588240960327
USER	Request Signature	115	START	1588240960420	1588240960420
REQUEST	115		Request Signature	1588240960421	1588240960729	OK	 
USER	Request Signature	115	END	1588240960420	1588240960730
USER	Request Signature	116	START	1588240961429	1588240961429
REQUEST	116		Request Signature	1588240961430	1588240961740	OK	 
USER	Request Signature	116	END	1588240961429	1588240961742
USER	Request Signature	117	START	1588240962429	1588240962429
REQUEST	117		Request Signature	1588240962430	1588240962693	OK	 
USER	Request Signature	117	END	1588240962429	1588240962694
USER	Request Signature	118	START	1588240963429	1588240963429
REQUEST	118		Request Signature	1588240963430	1588240963823	OK	 
USER	Request Signature	118	END	1588240963429	1588240963824
USER	Request Signature	119	START	1588240964419	1588240964419
REQUEST	119		Request Signature	1588240964421	1588240964773	OK	 
USER	Request Signature	119	END	1588240964419	1588240964773
USER	Request Signature	120	START	1588240965429	1588240965429
REQUEST	120		Request Signature	1588240965430	1588240965686	OK	 
USER	Request Signature	120	END	1588240965429	1588240965687
USER	Request Signature	121	START	1588240966420	1588240966420
REQUEST	121		Request Signature	1588240966421	1588240966878	OK	 
USER	Request Signature	121	END	1588240966420	1588240966879
USER	Request Signature	122	START	1588240967430	1588240967430
REQUEST	122		Request Signature	1588240967432	1588240967748	OK	 
USER	Request Signature	122	END	1588240967430	1588240967749
USER	Request Signature	123	START	1588240968420	1588240968420
REQUEST	123		Request Signature	1588240968421	1588240968841	OK	 
USER	Request Signature	123	END	1588240968420	1588240968842
USER	Request Signature	124	START	1588240969430	1588240969430
REQUEST	124		Request Signature	1588240969431	1588240970111	OK	 
USER	Request Signature	124	END	1588240969430	1588240970111
USER	Request Signature	125	START	1588240970419	1588240970419
REQUEST	125		Request Signature	1588240970420	1588240971060	OK	 
USER	Request Signature	125	END	1588240970419	1588240971061
USER	Request Signature	126	START	1588240971419	1588240971419
REQUEST	126		Request Signature	1588240971423	1588240971855	OK	 
USER	Request Signature	126	END	1588240971419	1588240971856
USER	Request Signature	127	START	1588240972418	1588240972418
REQUEST	127		Request Signature	1588240972419	1588240972695	OK	 
USER	Request Signature	127	END	1588240972418	1588240972695
USER	Request Signature	128	START	1588240973429	1588240973429
REQUEST	128		Request Signature	1588240973431	1588240973822	OK	 
USER	Request Signature	128	END	1588240973429	1588240973823
USER	Request Signature	129	START	1588240974430	1588240974430
REQUEST	129		Request Signature	1588240974431	1588240974607	OK	 
USER	Request Signature	129	END	1588240974430	1588240974608
USER	Request Signature	130	START	1588240975419	1588240975419
REQUEST	130		Request Signature	1588240975419	1588240975690	OK	 
USER	Request Signature	130	END	1588240975419	1588240975690
USER	Request Signature	131	START	1588240976429	1588240976429
REQUEST	131		Request Signature	1588240976430	1588240976633	OK	 
USER	Request Signature	131	END	1588240976429	1588240976634
USER	Request Signature	132	START	1588240977429	1588240977429
REQUEST	132		Request Signature	1588240977430	1588240977858	OK	 
USER	Request Signature	132	END	1588240977429	1588240977859
USER	Request Signature	133	START	1588240978430	1588240978430
REQUEST	133		Request Signature	1588240978431	1588240978827	OK	 
USER	Request Signature	133	END	1588240978430	1588240978827
USER	Request Signature	134	START	1588240979420	1588240979420
REQUEST	134		Request Signature	1588240979421	1588240980206	OK	 
USER	Request Signature	134	END	1588240979420	1588240980206
USER	Request Signature	135	START	1588240980429	1588240980429
REQUEST	135		Request Signature	1588240980430	1588240980683	OK	 
USER	Request Signature	135	END	1588240980429	1588240980684
USER	Request Signature	136	START	1588240981429	1588240981429
REQUEST	136		Request Signature	1588240981430	1588240981776	OK	 
USER	Request Signature	136	END	1588240981429	1588240981777
USER	Request Signature	137	START	1588240982429	1588240982429
REQUEST	137		Request Signature	1588240982429	1588240982674	OK	 
USER	Request Signature	137	END	1588240982429	1588240982675
USER	Request Signature	138	START	1588240983430	1588240983430
REQUEST	138		Request Signature	1588240983432	1588240983774	OK	 
USER	Request Signature	138	END	1588240983430	1588240983774
USER	Request Signature	139	START	1588240984419	1588240984419
REQUEST	139		Request Signature	1588240984420	1588240984790	OK	 
USER	Request Signature	139	END	1588240984419	1588240984791
USER	Request Signature	140	START	1588240985418	1588240985418
REQUEST	140		Request Signature	1588240985419	1588240985765	OK	 
USER	Request Signature	140	END	1588240985418	1588240985766
USER	Request Signature	141	START	1588240986429	1588240986429
REQUEST	141		Request Signature	1588240986430	1588240986689	OK	 
USER	Request Signature	141	END	1588240986429	1588240986689
USER	Request Signature	142	START	1588240987429	1588240987429
REQUEST	142		Request Signature	1588240987429	1588240987853	OK	 
USER	Request Signature	142	END	1588240987429	1588240987853
USER	Request Signature	143	START	1588240988428	1588240988428
REQUEST	143		Request Signature	1588240988429	1588240988755	OK	 
USER	Request Signature	143	END	1588240988428	1588240988756
USER	Request Signature	144	START	1588240989429	1588240989429
REQUEST	144		Request Signature	1588240989429	1588240990401	OK	 
USER	Request Signature	144	END	1588240989429	1588240990401
USER	Request Signature	145	START	1588240990428	1588240990428
REQUEST	145		Request Signature	1588240990429	1588240990649	OK	 
USER	Request Signature	145	END	1588240990428	1588240990650
USER	Request Signature	146	START	1588240991429	1588240991429
REQUEST	146		Request Signature	1588240991430	1588240992011	OK	 
USER	Request Signature	146	END	1588240991429	1588240992012
USER	Request Signature	147	START	1588240992430	1588240992430
REQUEST	147		Request Signature	1588240992431	1588240992656	OK	 
USER	Request Signature	147	END	1588240992430	1588240992656
USER	Request Signature	148	START	1588240993419	1588240993419
REQUEST	148		Request Signature	1588240993420	1588240993784	OK	 
USER	Request Signature	148	END	1588240993419	1588240993784
USER	Request Signature	149	START	1588240994431	1588240994431
REQUEST	149		Request Signature	1588240994432	1588240994807	OK	 
USER	Request Signature	149	END	1588240994431	1588240994807
USER	Request Signature	150	START	1588240995419	1588240995419
REQUEST	150		Request Signature	1588240995420	1588240995679	OK	 
USER	Request Signature	150	END	1588240995419	1588240995680
USER	Request Signature	151	START	1588240996429	1588240996429
REQUEST	151		Request Signature	1588240996429	1588240996907	OK	 
USER	Request Signature	151	END	1588240996429	1588240996907
USER	Request Signature	152	START	1588240997429	1588240997429
REQUEST	152		Request Signature	1588240997429	1588240997788	OK	 
USER	Request Signature	152	END	1588240997429	1588240997788
USER	Request Signature	153	START	1588240998429	1588240998429
REQUEST	153		Request Signature	1588240998430	1588240998717	OK	 
USER	Request Signature	153	END	1588240998429	1588240998717
USER	Request Signature	154	START	1588240999429	1588240999429
REQUEST	154		Request Signature	1588240999429	1588240999845	OK	 
USER	Request Signature	154	END	1588240999429	1588240999845
USER	Request Signature	155	START	1588241000429	1588241000429
REQUEST	155		Request Signature	1588241000430	1588241000964	OK	 
USER	Request Signature	155	END	1588241000429	1588241000964
USER	Request Signature	156	START	1588241001428	1588241001428
REQUEST	156		Request Signature	1588241001429	1588241001702	OK	 
USER	Request Signature	156	END	1588241001428	1588241001702
USER	Request Signature	157	START	1588241002429	1588241002429
REQUEST	157		Request Signature	1588241002430	1588241002827	OK	 
USER	Request Signature	157	END	1588241002429	1588241002827
USER	Request Signature	158	START	1588241003429	1588241003429
REQUEST	158		Request Signature	1588241003430	1588241003732	OK	 
USER	Request Signature	158	END	1588241003429	1588241003733
USER	Request Signature	159	START	1588241004429	1588241004429
REQUEST	159		Request Signature	1588241004429	1588241005070	OK	 
USER	Request Signature	159	END	1588241004429	1588241005071
USER	Request Signature	160	START	1588241005430	1588241005430
REQUEST	160		Request Signature	1588241005431	1588241006251	OK	 
USER	Request Signature	160	END	1588241005430	1588241006252
USER	Request Signature	161	START	1588241006419	1588241006419
REQUEST	161		Request Signature	1588241006420	1588241006773	OK	 
USER	Request Signature	161	END	1588241006419	1588241006773
USER	Request Signature	162	START	1588241007430	1588241007430
REQUEST	162		Request Signature	1588241007430	1588241007740	OK	 
USER	Request Signature	162	END	1588241007430	1588241007741
USER	Request Signature	163	START	1588241008419	1588241008419
REQUEST	163		Request Signature	1588241008420	1588241008728	OK	 
USER	Request Signature	163	END	1588241008419	1588241008729
USER	Request Signature	164	START	1588241009430	1588241009430
REQUEST	164		Request Signature	1588241009431	1588241009793	OK	 
USER	Request Signature	164	END	1588241009430	1588241009794
USER	Request Signature	165	START	1588241010419	1588241010419
REQUEST	165		Request Signature	1588241010420	1588241010821	OK	 
USER	Request Signature	165	END	1588241010419	1588241010822
USER	Request Signature	166	START	1588241011429	1588241011429
REQUEST	166		Request Signature	1588241011430	1588241011879	OK	 
USER	Request Signature	166	END	1588241011429	1588241011879
USER	Request Signature	167	START	1588241012429	1588241012429
REQUEST	167		Request Signature	1588241012430	1588241012916	OK	 
USER	Request Signature	167	END	1588241012429	1588241012917
USER	Request Signature	168	START	1588241013430	1588241013430
REQUEST	168		Request Signature	1588241013430	1588241013814	OK	 
USER	Request Signature	168	END	1588241013430	1588241013814
USER	Request Signature	169	START	1588241014421	1588241014421
REQUEST	169		Request Signature	1588241014421	1588241014660	OK	 
USER	Request Signature	169	END	1588241014421	1588241014660
USER	Request Signature	170	START	1588241015431	1588241015431
REQUEST	170		Request Signature	1588241015432	1588241015677	OK	 
USER	Request Signature	170	END	1588241015431	1588241015678
USER	Request Signature	171	START	1588241016420	1588241016420
REQUEST	171		Request Signature	1588241016420	1588241016832	OK	 
USER	Request Signature	171	END	1588241016420	1588241016832
USER	Request Signature	172	START	1588241017430	1588241017430
REQUEST	172		Request Signature	1588241017431	1588241018097	OK	 
USER	Request Signature	172	END	1588241017430	1588241018097
USER	Request Signature	173	START	1588241018419	1588241018419
REQUEST	173		Request Signature	1588241018420	1588241018787	OK	 
USER	Request Signature	173	END	1588241018419	1588241018788
USER	Request Signature	174	START	1588241019430	1588241019430
REQUEST	174		Request Signature	1588241019431	1588241020154	OK	 
USER	Request Signature	174	END	1588241019430	1588241020155
USER	Request Signature	175	START	1588241020419	1588241020419
REQUEST	175		Request Signature	1588241020420	1588241020687	OK	 
USER	Request Signature	175	END	1588241020419	1588241020687
USER	Request Signature	176	START	1588241021430	1588241021430
REQUEST	176		Request Signature	1588241021431	1588241021687	OK	 
USER	Request Signature	176	END	1588241021430	1588241021688
USER	Request Signature	177	START	1588241022419	1588241022419
REQUEST	177		Request Signature	1588241022420	1588241022731	OK	 
USER	Request Signature	177	END	1588241022419	1588241022731
USER	Request Signature	178	START	1588241023419	1588241023419
REQUEST	178		Request Signature	1588241023420	1588241023707	OK	 
USER	Request Signature	178	END	1588241023419	1588241023708
USER	Request Signature	179	START	1588241024429	1588241024429
REQUEST	179		Request Signature	1588241024430	1588241024740	OK	 
USER	Request Signature	179	END	1588241024429	1588241024741
USER	Request Signature	180	START	1588241025429	1588241025429
REQUEST	180		Request Signature	1588241025430	1588241025702	OK	 
USER	Request Signature	180	END	1588241025429	1588241025702
USER	Request Signature	181	START	1588241026431	1588241026431
REQUEST	181		Request Signature	1588241026431	1588241026562	OK	 
USER	Request Signature	181	END	1588241026431	1588241026562
USER	Request Signature	182	START	1588241027419	1588241027419
REQUEST	182		Request Signature	1588241027419	1588241028363	OK	 
USER	Request Signature	182	END	1588241027419	1588241028364
USER	Request Signature	183	START	1588241028429	1588241028429
REQUEST	183		Request Signature	1588241028430	1588241028725	OK	 
USER	Request Signature	183	END	1588241028429	1588241028725
USER	Request Signature	184	START	1588241029429	1588241029429
REQUEST	184		Request Signature	1588241029430	1588241030139	OK	 
USER	Request Signature	184	END	1588241029429	1588241030140
USER	Request Signature	185	START	1588241030429	1588241030429
REQUEST	185		Request Signature	1588241030430	1588241030731	OK	 
USER	Request Signature	185	END	1588241030429	1588241030732
USER	Request Signature	186	START	1588241031430	1588241031430
REQUEST	186		Request Signature	1588241031431	1588241031901	OK	 
USER	Request Signature	186	END	1588241031430	1588241031902
USER	Request Signature	187	START	1588241032420	1588241032420
REQUEST	187		Request Signature	1588241032421	1588241033110	OK	 
USER	Request Signature	187	END	1588241032420	1588241033111
USER	Request Signature	188	START	1588241033429	1588241033429
REQUEST	188		Request Signature	1588241033430	1588241033828	OK	 
USER	Request Signature	188	END	1588241033429	1588241033829
USER	Request Signature	189	START	1588241034429	1588241034429
REQUEST	189		Request Signature	1588241034430	1588241034611	OK	 
USER	Request Signature	189	END	1588241034429	1588241034612
USER	Request Signature	190	START	1588241035431	1588241035431
REQUEST	190		Request Signature	1588241035432	1588241035896	OK	 
USER	Request Signature	190	END	1588241035431	1588241035897
USER	Request Signature	191	START	1588241036419	1588241036419
REQUEST	191		Request Signature	1588241036419	1588241036583	OK	 
USER	Request Signature	191	END	1588241036419	1588241036583
USER	Request Signature	192	START	1588241037419	1588241037419
REQUEST	192		Request Signature	1588241037419	1588241037716	OK	 
USER	Request Signature	192	END	1588241037419	1588241037717
USER	Request Signature	193	START	1588241038429	1588241038429
REQUEST	193		Request Signature	1588241038430	1588241038755	OK	 
USER	Request Signature	193	END	1588241038429	1588241038755
USER	Request Signature	194	START	1588241039429	1588241039429
REQUEST	194		Request Signature	1588241039430	1588241040161	KO	status.find.in(200,201,202,203,204,205,206,207,208,209,304), found 500
USER	Request Signature	194	END	1588241039429	1588241040162
USER	Request Signature	195	START	1588241040429	1588241040429
REQUEST	195		Request Signature	1588241040429	1588241040610	OK	 
USER	Request Signature	195	END	1588241040429	1588241040610
USER	Request Signature	196	START	1588241041431	1588241041431
REQUEST	196		Request Signature	1588241041432	1588241041607	OK	 
USER	Request Signature	196	END	1588241041431	1588241041608
USER	Request Signature	197	START	1588241042419	1588241042419
REQUEST	197		Request Signature	1588241042420	1588241042552	OK	 
USER	Request Signature	197	END	1588241042419	1588241042553
USER	Request Signature	198	START	1588241043430	1588241043430
REQUEST	198		Request Signature	1588241043431	1588241043640	OK	 
USER	Request Signature	198	END	1588241043430	1588241043641
USER	Request Signature	199	START	1588241044421	1588241044421
REQUEST	199		Request Signature	1588241044421	1588241044816	OK	 
USER	Request Signature	199	END	1588241044421	1588241044817
USER	Request Signature	200	START	1588241045430	1588241045430
REQUEST	200		Request Signature	1588241045431	1588241045884	OK	 
USER	Request Signature	200	END	1588241045430	1588241045884
USER	Request Signature	201	START	1588241046421	1588241046421
REQUEST	201		Request Signature	1588241046422	1588241046780	OK	 
USER	Request Signature	201	END	1588241046421	1588241046781
USER	Request Signature	202	START	1588241047420	1588241047420
REQUEST	202		Request Signature	1588241047421	1588241047662	OK	 
USER	Request Signature	202	END	1588241047420	1588241047662
USER	Request Signature	203	START	1588241048430	1588241048430
REQUEST	203		Request Signature	1588241048431	1588241048572	OK	 
USER	Request Signature	203	END	1588241048430	1588241048573
USER	Request Signature	204	START	1588241049419	1588241049419
REQUEST	204		Request Signature	1588241049420	1588241050082	OK	 
USER	Request Signature	204	END	1588241049419	1588241050083
USER	Request Signature	205	START	1588241050421	1588241050421
REQUEST	205		Request Signature	1588241050422	1588241050602	OK	 
USER	Request Signature	205	END	1588241050421	1588241050602
USER	Request Signature	206	START	1588241051420	1588241051420
REQUEST	206		Request Signature	1588241051420	1588241051595	OK	 
USER	Request Signature	206	END	1588241051420	1588241051596
USER	Request Signature	207	START	1588241052419	1588241052419
REQUEST	207		Request Signature	1588241052420	1588241052696	OK	 
USER	Request Signature	207	END	1588241052419	1588241052697
USER	Request Signature	208	START	1588241053429	1588241053429
REQUEST	208		Request Signature	1588241053430	1588241053612	OK	 
USER	Request Signature	208	END	1588241053429	1588241053612
USER	Request Signature	209	START	1588241054429	1588241054429
REQUEST	209		Request Signature	1588241054430	1588241054642	OK	 
USER	Request Signature	209	END	1588241054429	1588241054643
USER	Request Signature	210	START	1588241055429	1588241055429
REQUEST	210		Request Signature	1588241055430	1588241055777	OK	 
USER	Request Signature	210	END	1588241055429	1588241055778
USER	Request Signature	211	START	1588241056429	1588241056429
REQUEST	211		Request Signature	1588241056429	1588241056741	OK	 
USER	Request Signature	211	END	1588241056429	1588241056741
USER	Request Signature	212	START	1588241057430	1588241057430
REQUEST	212		Request Signature	1588241057431	1588241057761	OK	 
USER	Request Signature	212	END	1588241057430	1588241057763
USER	Request Signature	213	START	1588241058419	1588241058419
REQUEST	213		Request Signature	1588241058419	1588241058604	OK	 
USER	Request Signature	213	END	1588241058419	1588241058604
USER	Request Signature	214	START	1588241059429	1588241059429
REQUEST	214		Request Signature	1588241059430	1588241060015	OK	 
USER	Request Signature	214	END	1588241059429	1588241060016
USER	Request Signature	215	START	1588241060429	1588241060429
REQUEST	215		Request Signature	1588241060430	1588241060574	OK	 
USER	Request Signature	215	END	1588241060429	1588241060574
USER	Request Signature	216	START	1588241061430	1588241061430
REQUEST	216		Request Signature	1588241061430	1588241061543	OK	 
USER	Request Signature	216	END	1588241061430	1588241061544
USER	Request Signature	217	START	1588241062419	1588241062419
REQUEST	217		Request Signature	1588241062419	1588241062572	OK	 
USER	Request Signature	217	END	1588241062419	1588241062573
USER	Request Signature	218	START	1588241063432	1588241063432
REQUEST	218		Request Signature	1588241063433	1588241063603	OK	 
USER	Request Signature	218	END	1588241063432	1588241063604
USER	Request Signature	219	START	1588241064419	1588241064419
REQUEST	219		Request Signature	1588241064420	1588241064630	OK	 
USER	Request Signature	219	END	1588241064419	1588241064631
USER	Request Signature	220	START	1588241065418	1588241065418
REQUEST	220		Request Signature	1588241065419	1588241065785	OK	 
USER	Request Signature	220	END	1588241065418	1588241065786
USER	Request Signature	221	START	1588241066431	1588241066431
REQUEST	221		Request Signature	1588241066432	1588241066694	OK	 
USER	Request Signature	221	END	1588241066431	1588241066695
USER	Request Signature	222	START	1588241067419	1588241067419
REQUEST	222		Request Signature	1588241067420	1588241067967	OK	 
USER	Request Signature	222	END	1588241067419	1588241067967
USER	Request Signature	223	START	1588241068429	1588241068429
REQUEST	223		Request Signature	1588241068429	1588241068956	OK	 
USER	Request Signature	223	END	1588241068429	1588241068957
USER	Request Signature	224	START	1588241069429	1588241069429
REQUEST	224		Request Signature	1588241069430	1588241069875	OK	 
USER	Request Signature	224	END	1588241069429	1588241069875
USER	Request Signature	225	START	1588241070430	1588241070430
REQUEST	225		Request Signature	1588241070430	1588241071027	OK	 
USER	Request Signature	225	END	1588241070430	1588241071027
USER	Request Signature	226	START	1588241071420	1588241071420
REQUEST	226		Request Signature	1588241071420	1588241071919	OK	 
USER	Request Signature	226	END	1588241071420	1588241071919
USER	Request Signature	227	START	1588241072430	1588241072430
REQUEST	227		Request Signature	1588241072431	1588241072660	OK	 
USER	Request Signature	227	END	1588241072430	1588241072660
USER	Request Signature	228	START	1588241073420	1588241073420
REQUEST	228		Request Signature	1588241073421	1588241073755	OK	 
USER	Request Signature	228	END	1588241073420	1588241073756
USER	Request Signature	229	START	1588241074429	1588241074429
REQUEST	229		Request Signature	1588241074430	1588241074692	OK	 
USER	Request Signature	229	END	1588241074429	1588241074692
USER	Request Signature	230	START	1588241075429	1588241075429
REQUEST	230		Request Signature	1588241075429	1588241075598	OK	 
USER	Request Signature	230	END	1588241075429	1588241075598
USER	Request Signature	231	START	1588241076429	1588241076429
REQUEST	231		Request Signature	1588241076430	1588241077150	OK	 
USER	Request Signature	231	END	1588241076429	1588241077150
USER	Request Signature	232	START	1588241077430	1588241077430
REQUEST	232		Request Signature	1588241077430	1588241077653	OK	 
USER	Request Signature	232	END	1588241077430	1588241077654
USER	Request Signature	233	START	1588241078421	1588241078421
REQUEST	233		Request Signature	1588241078422	1588241078768	OK	 
USER	Request Signature	233	END	1588241078421	1588241078768
USER	Request Signature	234	START	1588241079429	1588241079429
REQUEST	234		Request Signature	1588241079430	1588241079976	KO	status.find.in(200,201,202,203,204,205,206,207,208,209,304), found 500
USER	Request Signature	234	END	1588241079429	1588241079977
USER	Request Signature	235	START	1588241080430	1588241080430
REQUEST	235		Request Signature	1588241080431	1588241080785	OK	 
USER	Request Signature	235	END	1588241080430	1588241080788
USER	Request Signature	236	START	1588241081418	1588241081418
REQUEST	236		Request Signature	1588241081419	1588241081591	OK	 
USER	Request Signature	236	END	1588241081418	1588241081591
USER	Request Signature	237	START	1588241082431	1588241082431
REQUEST	237		Request Signature	1588241082432	1588241082849	OK	 
USER	Request Signature	237	END	1588241082431	1588241082850
USER	Request Signature	238	START	1588241083419	1588241083419
REQUEST	238		Request Signature	1588241083420	1588241083637	OK	 
USER	Request Signature	238	END	1588241083419	1588241083638
USER	Request Signature	239	START	1588241084429	1588241084429
REQUEST	239		Request Signature	1588241084430	1588241084722	OK	 
USER	Request Signature	239	END	1588241084429	1588241084722
USER	Request Signature	240	START	1588241085429	1588241085429
REQUEST	240		Request Signature	1588241085430	1588241085573	OK	 
USER	Request Signature	240	END	1588241085429	1588241085574
USER	Request Signature	241	START	1588241086429	1588241086429
REQUEST	241		Request Signature	1588241086430	1588241086959	OK	 
USER	Request Signature	241	END	1588241086429	1588241086960
USER	Request Signature	242	START	1588241087429	1588241087429
REQUEST	242		Request Signature	1588241087430	1588241087897	OK	 
USER	Request Signature	242	END	1588241087429	1588241087898
USER	Request Signature	243	START	1588241088429	1588241088429
REQUEST	243		Request Signature	1588241088430	1588241088865	OK	 
USER	Request Signature	243	END	1588241088429	1588241088865
USER	Request Signature	244	START	1588241089418	1588241089418
REQUEST	244		Request Signature	1588241089419	1588241090061	OK	 
USER	Request Signature	244	END	1588241089418	1588241090062
USER	Request Signature	245	START	1588241090429	1588241090429
REQUEST	245		Request Signature	1588241090430	1588241090930	OK	 
USER	Request Signature	245	END	1588241090429	1588241090931
USER	Request Signature	246	START	1588241091431	1588241091431
REQUEST	246		Request Signature	1588241091432	1588241091739	OK	 
USER	Request Signature	246	END	1588241091431	1588241091740
USER	Request Signature	247	START	1588241092419	1588241092419
REQUEST	247		Request Signature	1588241092420	1588241092816	OK	 
USER	Request Signature	247	END	1588241092419	1588241092817
USER	Request Signature	248	START	1588241093420	1588241093420
REQUEST	248		Request Signature	1588241093422	1588241093731	OK	 
USER	Request Signature	248	END	1588241093420	1588241093732
USER	Request Signature	249	START	1588241094430	1588241094430
REQUEST	249		Request Signature	1588241094431	1588241094701	OK	 
USER	Request Signature	249	END	1588241094430	1588241094701
USER	Request Signature	250	START	1588241095419	1588241095419
REQUEST	250		Request Signature	1588241095420	1588241095895	OK	 
USER	Request Signature	250	END	1588241095419	1588241095896
USER	Request Signature	251	START	1588241096419	1588241096419
REQUEST	251		Request Signature	1588241096419	1588241096579	OK	 
USER	Request Signature	251	END	1588241096419	1588241096580
USER	Request Signature	252	START	1588241097430	1588241097430
REQUEST	252		Request Signature	1588241097431	1588241097596	OK	 
USER	Request Signature	252	END	1588241097430	1588241097597
USER	Request Signature	253	START	1588241098419	1588241098419
REQUEST	253		Request Signature	1588241098420	1588241098877	OK	 
USER	Request Signature	253	END	1588241098419	1588241098877
USER	Request Signature	254	START	1588241099429	1588241099429
REQUEST	254		Request Signature	1588241099430	1588241099913	KO	status.find.in(200,201,202,203,204,205,206,207,208,209,304), found 500
USER	Request Signature	254	END	1588241099429	1588241099914
USER	Request Signature	255	START	1588241100430	1588241100430
REQUEST	255		Request Signature	1588241100431	1588241100720	OK	 
USER	Request Signature	255	END	1588241100430	1588241100720
USER	Request Signature	256	START	1588241101420	1588241101420
REQUEST	256		Request Signature	1588241101421	1588241101669	OK	 
USER	Request Signature	256	END	1588241101420	1588241101669
USER	Request Signature	257	START	1588241102420	1588241102420
REQUEST	257		Request Signature	1588241102420	1588241102658	OK	 
USER	Request Signature	257	END	1588241102420	1588241102658
USER	Request Signature	258	START	1588241103429	1588241103429
REQUEST	258		Request Signature	1588241103429	1588241103740	OK	 
USER	Request Signature	258	END	1588241103429	1588241103740
USER	Request Signature	259	START	1588241104429	1588241104429
REQUEST	259		Request Signature	1588241104429	1588241104679	OK	 
USER	Request Signature	259	END	1588241104429	1588241104680
USER	Request Signature	260	START	1588241105419	1588241105419
REQUEST	260		Request Signature	1588241105419	1588241105639	OK	 
USER	Request Signature	260	END	1588241105419	1588241105640
USER	Request Signature	261	START	1588241106419	1588241106419
REQUEST	261		Request Signature	1588241106420	1588241106641	OK	 
USER	Request Signature	261	END	1588241106419	1588241106643
USER	Request Signature	262	START	1588241107429	1588241107429
REQUEST	262		Request Signature	1588241107430	1588241107750	OK	 
USER	Request Signature	262	END	1588241107429	1588241107751
USER	Request Signature	263	START	1588241108429	1588241108429
REQUEST	263		Request Signature	1588241108429	1588241108965	OK	 
USER	Request Signature	263	END	1588241108429	1588241108965
USER	Request Signature	264	START	1588241109429	1588241109429
REQUEST	264		Request Signature	1588241109430	1588241109948	OK	 
USER	Request Signature	264	END	1588241109429	1588241109948
USER	Request Signature	265	START	1588241110429	1588241110429
REQUEST	265		Request Signature	1588241110431	1588241110668	OK	 
USER	Request Signature	265	END	1588241110429	1588241110669
USER	Request Signature	266	START	1588241111420	1588241111420
REQUEST	266		Request Signature	1588241111421	1588241111702	OK	 
USER	Request Signature	266	END	1588241111420	1588241111703
USER	Request Signature	267	START	1588241112418	1588241112418
REQUEST	267		Request Signature	1588241112419	1588241112759	OK	 
USER	Request Signature	267	END	1588241112418	1588241112760
USER	Request Signature	268	START	1588241113429	1588241113429
REQUEST	268		Request Signature	1588241113429	1588241113754	OK	 
USER	Request Signature	268	END	1588241113429	1588241113755
USER	Request Signature	269	START	1588241114429	1588241114429
REQUEST	269		Request Signature	1588241114430	1588241114795	OK	 
USER	Request Signature	269	END	1588241114429	1588241114795
USER	Request Signature	270	START	1588241115429	1588241115429
REQUEST	270		Request Signature	1588241115429	1588241115691	OK	 
USER	Request Signature	270	END	1588241115429	1588241115692
USER	Request Signature	271	START	1588241116430	1588241116430
REQUEST	271		Request Signature	1588241116431	1588241116817	OK	 
USER	Request Signature	271	END	1588241116430	1588241116817
USER	Request Signature	272	START	1588241117421	1588241117421
REQUEST	272		Request Signature	1588241117422	1588241117899	OK	 
USER	Request Signature	272	END	1588241117421	1588241117900
USER	Request Signature	273	START	1588241118429	1588241118429
REQUEST	273		Request Signature	1588241118429	1588241118899	OK	 
USER	Request Signature	273	END	1588241118429	1588241118900
USER	Request Signature	274	START	1588241119429	1588241119429
REQUEST	274		Request Signature	1588241119429	1588241119930	OK	 
USER	Request Signature	274	END	1588241119429	1588241119931
USER	Request Signature	275	START	1588241120431	1588241120431
REQUEST	275		Request Signature	1588241120431	1588241120977	OK	 
USER	Request Signature	275	END	1588241120431	1588241120978
USER	Request Signature	276	START	1588241121419	1588241121419
REQUEST	276		Request Signature	1588241121419	1588241121652	OK	 
USER	Request Signature	276	END	1588241121419	1588241121653
USER	Request Signature	277	START	1588241122431	1588241122431
REQUEST	277		Request Signature	1588241122432	1588241122898	OK	 
USER	Request Signature	277	END	1588241122431	1588241122899
USER	Request Signature	278	START	1588241123419	1588241123419
REQUEST	278		Request Signature	1588241123419	1588241123729	OK	 
USER	Request Signature	278	END	1588241123419	1588241123729
USER	Request Signature	279	START	1588241124431	1588241124431
REQUEST	279		Request Signature	1588241124431	1588241124648	OK	 
USER	Request Signature	279	END	1588241124431	1588241124648
USER	Request Signature	280	START	1588241125419	1588241125419
REQUEST	280		Request Signature	1588241125420	1588241125706	OK	 
USER	Request Signature	280	END	1588241125419	1588241125707
USER	Request Signature	281	START	1588241126430	1588241126430
REQUEST	281		Request Signature	1588241126431	1588241126688	OK	 
USER	Request Signature	281	END	1588241126430	1588241126689
USER	Request Signature	282	START	1588241127418	1588241127418
REQUEST	282		Request Signature	1588241127419	1588241127725	OK	 
USER	Request Signature	282	END	1588241127418	1588241127726
USER	Request Signature	283	START	1588241128430	1588241128430
REQUEST	283		Request Signature	1588241128431	1588241128729	OK	 
USER	Request Signature	283	END	1588241128430	1588241128729
USER	Request Signature	284	START	1588241129419	1588241129419
REQUEST	284		Request Signature	1588241129420	1588241129993	OK	 
USER	Request Signature	284	END	1588241129419	1588241129993
USER	Request Signature	285	START	1588241130430	1588241130430
REQUEST	285		Request Signature	1588241130431	1588241130772	OK	 
USER	Request Signature	285	END	1588241130430	1588241130773
USER	Request Signature	286	START	1588241131421	1588241131421
REQUEST	286		Request Signature	1588241131422	1588241131838	OK	 
USER	Request Signature	286	END	1588241131421	1588241131839
USER	Request Signature	287	START	1588241132419	1588241132419
REQUEST	287		Request Signature	1588241132419	1588241132792	OK	 
USER	Request Signature	287	END	1588241132419	1588241132792
USER	Request Signature	288	START	1588241133432	1588241133432
REQUEST	288		Request Signature	1588241133432	1588241133789	OK	 
USER	Request Signature	288	END	1588241133432	1588241133789
USER	Request Signature	289	START	1588241134420	1588241134420
REQUEST	289		Request Signature	1588241134421	1588241134891	OK	 
USER	Request Signature	289	END	1588241134420	1588241134892
USER	Request Signature	290	START	1588241135431	1588241135431
REQUEST	290		Request Signature	1588241135432	1588241135781	OK	 
USER	Request Signature	290	END	1588241135431	1588241135781
USER	Request Signature	291	START	1588241136419	1588241136419
REQUEST	291		Request Signature	1588241136419	1588241136638	OK	 
USER	Request Signature	291	END	1588241136419	1588241136640
USER	Request Signature	292	START	1588241137429	1588241137429
REQUEST	292		Request Signature	1588241137429	1588241137868	OK	 
USER	Request Signature	292	END	1588241137429	1588241137869
USER	Request Signature	293	START	1588241138429	1588241138429
REQUEST	293		Request Signature	1588241138430	1588241138895	OK	 
USER	Request Signature	293	END	1588241138429	1588241138896
USER	Request Signature	294	START	1588241139429	1588241139429
REQUEST	294		Request Signature	1588241139430	1588241140040	OK	 
USER	Request Signature	294	END	1588241139429	1588241140040
USER	Request Signature	295	START	1588241140429	1588241140429
REQUEST	295		Request Signature	1588241140429	1588241140784	OK	 
USER	Request Signature	295	END	1588241140429	1588241140785
USER	Request Signature	296	START	1588241141431	1588241141431
REQUEST	296		Request Signature	1588241141432	1588241141642	OK	 
USER	Request Signature	296	END	1588241141431	1588241141642
USER	Request Signature	297	START	1588241142419	1588241142419
REQUEST	297		Request Signature	1588241142419	1588241142929	OK	 
USER	Request Signature	297	END	1588241142419	1588241142930
USER	Request Signature	298	START	1588241143430	1588241143430
REQUEST	298		Request Signature	1588241143431	1588241143731	OK	 
USER	Request Signature	298	END	1588241143430	1588241143731
USER	Request Signature	299	START	1588241144419	1588241144419
REQUEST	299		Request Signature	1588241144420	1588241144652	OK	 
USER	Request Signature	299	END	1588241144419	1588241144653
USER	Request Signature	300	START	1588241145429	1588241145429
REQUEST	300		Request Signature	1588241145430	1588241145747	OK	 
USER	Request Signature	300	END	1588241145429	1588241145748
